<?xml version="1.0" encoding="UTF-8"?>
<coverage generated="1723715536339" clover="3.2.0">
  <project timestamp="1723715536339" name="All files">
    <metrics statements="356" coveredstatements="202" conditionals="210" coveredconditionals="125" methods="75" coveredmethods="41" elements="641" coveredelements="368" complexity="0" loc="356" ncloc="356" packages="1" files="1" classes="1"/>
    <file name="RunYass.vue" path="C:\Users\natka\Desktop\נטשה לימודים\שנה אחרונה\סמסטר א\פרויקט\finalProject\frontend\src\components\RunYass.vue">
      <metrics statements="356" coveredstatements="202" conditionals="210" coveredconditionals="125" methods="75" coveredmethods="41"/>
      <line num="3" count="1" type="stmt"/>
      <line num="4" count="1" type="stmt"/>
      <line num="7" count="1" type="stmt"/>
      <line num="8" count="1" type="stmt"/>
      <line num="9" count="1" type="stmt"/>
      <line num="10" count="1" type="stmt"/>
      <line num="11" count="1" type="stmt"/>
      <line num="12" count="1" type="stmt"/>
      <line num="13" count="1" type="stmt"/>
      <line num="14" count="1" type="stmt"/>
      <line num="15" count="1" type="stmt"/>
      <line num="17" count="1" type="stmt"/>
      <line num="23" count="31" type="stmt"/>
      <line num="61" count="31" type="cond" truecount="3" falsecount="2"/>
      <line num="65" count="37" type="cond" truecount="6" falsecount="0"/>
      <line num="70" count="2" type="stmt"/>
      <line num="73" count="1" type="stmt"/>
      <line num="74" count="1" type="stmt"/>
      <line num="75" count="1" type="stmt"/>
      <line num="76" count="1" type="stmt"/>
      <line num="77" count="1" type="stmt"/>
      <line num="78" count="1" type="stmt"/>
      <line num="79" count="1" type="stmt"/>
      <line num="80" count="1" type="stmt"/>
      <line num="81" count="1" type="stmt"/>
      <line num="82" count="1" type="cond" truecount="1" falsecount="1"/>
      <line num="83" count="1" type="cond" truecount="1" falsecount="1"/>
      <line num="86" count="0" type="stmt"/>
      <line num="87" count="0" type="stmt"/>
      <line num="88" count="0" type="stmt"/>
      <line num="91" count="7" type="stmt"/>
      <line num="93" count="7" type="stmt"/>
      <line num="94" count="7" type="stmt"/>
      <line num="95" count="7" type="cond" truecount="2" falsecount="2"/>
      <line num="96" count="0" type="stmt"/>
      <line num="97" count="0" type="stmt"/>
      <line num="98" count="7" type="cond" truecount="2" falsecount="2"/>
      <line num="99" count="0" type="stmt"/>
      <line num="100" count="0" type="stmt"/>
      <line num="101" count="7" type="cond" truecount="4" falsecount="0"/>
      <line num="102" count="4" type="stmt"/>
      <line num="103" count="4" type="stmt"/>
      <line num="105" count="3" type="stmt"/>
      <line num="106" count="3" type="stmt"/>
      <line num="110" count="4" type="stmt"/>
      <line num="111" count="4" type="stmt"/>
      <line num="112" count="4" type="stmt"/>
      <line num="113" count="4" type="stmt"/>
      <line num="114" count="4" type="stmt"/>
      <line num="118" count="0" type="stmt"/>
      <line num="120" count="3" type="cond" truecount="2" falsecount="0"/>
      <line num="121" count="1" type="stmt"/>
      <line num="122" count="1" type="cond" truecount="1" falsecount="1"/>
      <line num="124" count="2" type="stmt"/>
      <line num="125" count="2" type="stmt"/>
      <line num="126" count="2" type="cond" truecount="1" falsecount="1"/>
      <line num="127" count="0" type="stmt"/>
      <line num="128" count="0" type="stmt"/>
      <line num="129" count="0" type="stmt"/>
      <line num="130" count="0" type="stmt"/>
      <line num="133" count="2" type="cond" truecount="4" falsecount="0"/>
      <line num="134" count="1" type="stmt"/>
      <line num="136" count="1" type="stmt"/>
      <line num="145" count="1" type="stmt"/>
      <line num="146" count="1" type="stmt"/>
      <line num="147" count="1" type="stmt"/>
      <line num="148" count="1" type="stmt"/>
      <line num="151" count="1" type="stmt"/>
      <line num="152" count="0" type="stmt"/>
      <line num="153" count="0" type="stmt"/>
      <line num="154" count="0" type="stmt"/>
      <line num="155" count="0" type="stmt"/>
      <line num="156" count="0" type="stmt"/>
      <line num="157" count="0" type="stmt"/>
      <line num="162" count="4" type="stmt"/>
      <line num="163" count="4" type="stmt"/>
      <line num="165" count="4" type="stmt"/>
      <line num="166" count="4" type="stmt"/>
      <line num="170" count="1" type="stmt"/>
      <line num="171" count="1" type="stmt"/>
      <line num="172" count="0" type="stmt"/>
      <line num="173" count="0" type="stmt"/>
      <line num="174" count="0" type="stmt"/>
      <line num="175" count="0" type="stmt"/>
      <line num="176" count="0" type="stmt"/>
      <line num="180" count="0" type="stmt"/>
      <line num="181" count="0" type="stmt"/>
      <line num="182" count="0" type="cond" truecount="0" falsecount="2"/>
      <line num="183" count="0" type="stmt"/>
      <line num="184" count="0" type="stmt"/>
      <line num="185" count="0" type="stmt"/>
      <line num="188" count="0" type="stmt"/>
      <line num="189" count="0" type="stmt"/>
      <line num="190" count="0" type="stmt"/>
      <line num="191" count="0" type="stmt"/>
      <line num="192" count="0" type="stmt"/>
      <line num="194" count="0" type="stmt"/>
      <line num="203" count="3" type="stmt"/>
      <line num="204" count="3" type="cond" truecount="2" falsecount="3"/>
      <line num="206" count="0" type="stmt"/>
      <line num="207" count="0" type="cond" truecount="0" falsecount="2"/>
      <line num="208" count="0" type="stmt"/>
      <line num="210" count="0" type="stmt"/>
      <line num="211" count="0" type="cond" truecount="0" falsecount="2"/>
      <line num="212" count="0" type="stmt"/>
      <line num="214" count="0" type="stmt"/>
      <line num="215" count="0" type="cond" truecount="0" falsecount="2"/>
      <line num="216" count="0" type="stmt"/>
      <line num="217" count="0" type="cond" truecount="0" falsecount="4"/>
      <line num="218" count="0" type="stmt"/>
      <line num="219" count="0" type="stmt"/>
      <line num="220" count="0" type="stmt"/>
      <line num="221" count="0" type="stmt"/>
      <line num="222" count="0" type="stmt"/>
      <line num="224" count="0" type="stmt"/>
      <line num="225" count="0" type="stmt"/>
      <line num="230" count="3" type="stmt"/>
      <line num="234" count="3" type="cond" truecount="3" falsecount="2"/>
      <line num="235" count="0" type="cond" truecount="0" falsecount="4"/>
      <line num="236" count="0" type="stmt"/>
      <line num="266" count="0" type="stmt"/>
      <line num="279" count="0" type="stmt"/>
      <line num="280" count="0" type="cond" truecount="0" falsecount="4"/>
      <line num="281" count="0" type="stmt"/>
      <line num="282" count="0" type="cond" truecount="0" falsecount="4"/>
      <line num="283" count="0" type="stmt"/>
      <line num="285" count="0" type="cond" truecount="0" falsecount="2"/>
      <line num="286" count="0" type="stmt"/>
      <line num="294" count="3" type="stmt"/>
      <line num="298" count="0" type="stmt"/>
      <line num="304" count="0" type="stmt"/>
      <line num="322" count="0" type="stmt"/>
      <line num="328" count="0" type="stmt"/>
      <line num="329" count="0" type="stmt"/>
      <line num="330" count="0" type="stmt"/>
      <line num="331" count="0" type="stmt"/>
      <line num="332" count="0" type="stmt"/>
      <line num="333" count="0" type="stmt"/>
      <line num="334" count="0" type="stmt"/>
      <line num="336" count="0" type="stmt"/>
      <line num="339" count="0" type="cond" truecount="0" falsecount="5"/>
      <line num="340" count="0" type="stmt"/>
      <line num="341" count="0" type="stmt"/>
      <line num="342" count="0" type="stmt"/>
      <line num="343" count="0" type="stmt"/>
      <line num="344" count="0" type="stmt"/>
      <line num="345" count="0" type="stmt"/>
      <line num="346" count="0" type="stmt"/>
      <line num="347" count="0" type="stmt"/>
      <line num="350" count="0" type="stmt"/>
      <line num="351" count="0" type="stmt"/>
      <line num="355" count="0" type="stmt"/>
      <line num="356" count="0" type="stmt"/>
      <line num="359" count="3" type="stmt"/>
      <line num="360" count="3" type="cond" truecount="2" falsecount="0"/>
      <line num="361" count="3" type="stmt"/>
      <line num="362" count="3" type="stmt"/>
      <line num="363" count="3" type="stmt"/>
      <line num="365" count="3" type="stmt"/>
      <line num="375" count="3" type="stmt"/>
      <line num="376" count="3" type="stmt"/>
      <line num="377" count="3" type="stmt"/>
      <line num="380" count="3" type="cond" truecount="2" falsecount="0"/>
      <line num="381" count="9" type="stmt"/>
      <line num="382" count="9" type="stmt"/>
      <line num="384" count="3" type="stmt"/>
      <line num="385" count="3" type="stmt"/>
      <line num="389" count="3" type="stmt"/>
      <line num="403" count="3" type="cond" truecount="2" falsecount="0"/>
      <line num="404" count="1" type="stmt"/>
      <line num="405" count="1" type="stmt"/>
      <line num="407" count="3" type="cond" truecount="2" falsecount="0"/>
      <line num="408" count="2" type="stmt"/>
      <line num="409" count="2" type="stmt"/>
      <line num="411" count="3" type="stmt"/>
      <line num="418" count="3" type="stmt"/>
      <line num="419" count="3" type="stmt"/>
      <line num="420" count="3" type="stmt"/>
      <line num="421" count="3" type="stmt"/>
      <line num="423" count="0" type="stmt"/>
      <line num="424" count="3" type="stmt"/>
      <line num="427" count="0" type="stmt"/>
      <line num="428" count="0" type="stmt"/>
      <line num="432" count="0" type="stmt"/>
      <line num="433" count="0" type="stmt"/>
      <line num="434" count="0" type="stmt"/>
      <line num="435" count="0" type="stmt"/>
      <line num="438" count="2" type="stmt"/>
      <line num="439" count="2" type="stmt"/>
      <line num="440" count="2" type="cond" truecount="4" falsecount="1"/>
      <line num="441" count="0" type="stmt"/>
      <line num="445" count="2" type="stmt"/>
      <line num="446" count="2" type="stmt"/>
      <line num="449" count="2" type="cond" truecount="1" falsecount="1"/>
      <line num="450" count="0" type="stmt"/>
      <line num="459" count="2" type="stmt"/>
      <line num="462" count="2" type="cond" truecount="3" falsecount="1"/>
      <line num="463" count="2" type="cond" truecount="3" falsecount="1"/>
      <line num="464" count="2" type="cond" truecount="4" falsecount="0"/>
      <line num="465" count="2" type="cond" truecount="4" falsecount="0"/>
      <line num="468" count="2" type="cond" truecount="3" falsecount="7"/>
      <line num="469" count="0" type="stmt"/>
      <line num="470" count="0" type="stmt"/>
      <line num="474" count="2" type="cond" truecount="4" falsecount="4"/>
      <line num="475" count="2" type="stmt"/>
      <line num="476" count="2" type="stmt"/>
      <line num="478" count="0" type="stmt"/>
      <line num="480" count="0" type="stmt"/>
      <line num="492" count="0" type="stmt"/>
      <line num="493" count="0" type="stmt"/>
      <line num="494" count="0" type="stmt"/>
      <line num="502" count="0" type="cond" truecount="0" falsecount="2"/>
      <line num="503" count="0" type="stmt"/>
      <line num="504" count="0" type="cond" truecount="0" falsecount="2"/>
      <line num="506" count="0" type="stmt"/>
      <line num="508" count="0" type="stmt"/>
      <line num="509" count="0" type="stmt"/>
      <line num="510" count="0" type="stmt"/>
      <line num="511" count="0" type="stmt"/>
      <line num="512" count="0" type="stmt"/>
      <line num="513" count="0" type="stmt"/>
      <line num="514" count="0" type="stmt"/>
      <line num="516" count="0" type="stmt"/>
      <line num="518" count="0" type="stmt"/>
      <line num="519" count="0" type="stmt"/>
      <line num="522" count="2" type="stmt"/>
      <line num="523" count="2" type="stmt"/>
      <line num="525" count="2" type="stmt"/>
      <line num="526" count="2" type="stmt"/>
      <line num="530" count="0" type="stmt"/>
      <line num="531" count="0" type="stmt"/>
      <line num="551" count="0" type="stmt"/>
      <line num="552" count="0" type="stmt"/>
      <line num="559" count="0" type="cond" truecount="0" falsecount="2"/>
      <line num="560" count="0" type="stmt"/>
      <line num="562" count="0" type="stmt"/>
      <line num="564" count="0" type="stmt"/>
      <line num="566" count="0" type="stmt"/>
      <line num="567" count="0" type="stmt"/>
      <line num="568" count="0" type="stmt"/>
      <line num="569" count="0" type="stmt"/>
      <line num="571" count="0" type="stmt"/>
      <line num="573" count="0" type="stmt"/>
      <line num="577" count="0" type="stmt"/>
      <line num="578" count="0" type="stmt"/>
      <line num="579" count="0" type="stmt"/>
      <line num="580" count="0" type="stmt"/>
      <line num="581" count="0" type="cond" truecount="0" falsecount="2"/>
      <line num="582" count="0" type="stmt"/>
      <line num="585" count="0" type="stmt"/>
      <line num="586" count="0" type="cond" truecount="0" falsecount="2"/>
      <line num="587" count="0" type="cond" truecount="0" falsecount="2"/>
      <line num="588" count="0" type="stmt"/>
      <line num="590" count="0" type="stmt"/>
      <line num="591" count="0" type="cond" truecount="0" falsecount="2"/>
      <line num="592" count="0" type="cond" truecount="0" falsecount="2"/>
      <line num="593" count="0" type="stmt"/>
      <line num="594" count="0" type="stmt"/>
      <line num="595" count="0" type="stmt"/>
      <line num="596" count="0" type="stmt"/>
      <line num="599" count="0" type="stmt"/>
      <line num="604" count="1" type="stmt"/>
      <line num="606" count="1" type="stmt"/>
      <line num="607" count="1" type="stmt"/>
      <line num="610" count="1" type="stmt"/>
      <line num="611" count="1" type="stmt"/>
      <line num="612" count="1" type="stmt"/>
      <line num="613" count="1" type="stmt"/>
      <line num="616" count="1" type="stmt"/>
      <line num="617" count="1" type="stmt"/>
      <line num="620" count="1" type="stmt"/>
      <line num="623" count="1" type="stmt"/>
      <line num="627" count="1" type="stmt"/>
      <line num="630" count="1" type="stmt"/>
      <line num="634" count="1" type="stmt"/>
      <line num="637" count="1" type="stmt"/>
      <line num="642" count="1" type="stmt"/>
      <line num="643" count="1" type="stmt"/>
      <line num="646" count="1" type="stmt"/>
      <line num="649" count="1" type="stmt"/>
      <line num="652" count="1" type="stmt"/>
      <line num="655" count="1" type="stmt"/>
      <line num="656" count="1" type="stmt"/>
      <line num="659" count="1" type="stmt"/>
      <line num="660" count="1" type="stmt"/>
      <line num="661" count="1" type="stmt"/>
      <line num="665" count="1" type="stmt"/>
      <line num="669" count="1" type="stmt"/>
      <line num="672" count="1" type="stmt"/>
      <line num="675" count="1" type="stmt"/>
      <line num="679" count="1" type="stmt"/>
      <line num="682" count="1" type="stmt"/>
      <line num="686" count="1" type="stmt"/>
      <line num="689" count="1" type="stmt"/>
      <line num="693" count="1" type="stmt"/>
      <line num="697" count="1" type="stmt"/>
      <line num="700" count="1" type="stmt"/>
      <line num="703" count="1" type="stmt"/>
      <line num="704" count="1" type="stmt"/>
      <line num="707" count="1" type="stmt"/>
      <line num="710" count="1" type="stmt"/>
      <line num="711" count="1" type="stmt"/>
      <line num="715" count="1" type="stmt"/>
      <line num="716" count="1" type="stmt"/>
      <line num="720" count="1" type="stmt"/>
      <line num="723" count="1" type="stmt"/>
      <line num="726" count="1" type="stmt"/>
      <line num="727" count="1" type="stmt"/>
      <line num="730" count="1" type="stmt"/>
      <line num="733" count="1" type="stmt"/>
      <line num="734" count="1" type="stmt"/>
      <line num="737" count="1" type="stmt"/>
      <line num="740" count="1" type="stmt"/>
      <line num="745" count="1" type="stmt"/>
      <line num="748" count="1" type="stmt"/>
      <line num="751" count="1" type="stmt"/>
      <line num="754" count="1" type="stmt"/>
      <line num="757" count="1" type="stmt"/>
      <line num="758" count="1" type="stmt"/>
      <line num="761" count="1" type="stmt"/>
      <line num="764" count="1" type="stmt"/>
      <line num="765" count="1" type="stmt"/>
      <line num="766" count="1" type="stmt"/>
      <line num="767" count="1" type="stmt"/>
      <line num="768" count="1" type="stmt"/>
      <line num="769" count="1" type="stmt"/>
      <line num="773" count="1" type="stmt"/>
      <line num="776" count="1" type="stmt"/>
      <line num="778" count="67" type="stmt"/>
      <line num="779" count="67" type="stmt"/>
      <line num="788" count="1" type="cond" truecount="2" falsecount="0"/>
      <line num="790" count="1" type="cond" truecount="2" falsecount="0"/>
      <line num="793" count="1" type="cond" truecount="2" falsecount="0"/>
      <line num="795" count="1" type="cond" truecount="2" falsecount="0"/>
      <line num="798" count="1" type="cond" truecount="2" falsecount="0"/>
      <line num="804" count="0" type="cond" truecount="2" falsecount="0"/>
      <line num="806" count="1" type="cond" truecount="4" falsecount="0"/>
      <line num="809" count="0" type="cond" truecount="2" falsecount="0"/>
      <line num="812" count="1" type="cond" truecount="2" falsecount="0"/>
      <line num="813" count="1" type="cond" truecount="2" falsecount="0"/>
      <line num="816" count="134" type="stmt"/>
      <line num="822" count="1" type="cond" truecount="2" falsecount="0"/>
      <line num="823" count="1" type="cond" truecount="2" falsecount="0"/>
      <line num="826" count="134" type="stmt"/>
      <line num="831" count="1" type="cond" truecount="2" falsecount="0"/>
      <line num="838" count="1" type="cond" truecount="2" falsecount="0"/>
      <line num="845" count="1" type="cond" truecount="2" falsecount="0"/>
      <line num="852" count="1" type="cond" truecount="2" falsecount="0"/>
      <line num="860" count="0" type="cond" truecount="2" falsecount="0"/>
      <line num="863" count="1" type="cond" truecount="4" falsecount="0"/>
      <line num="867" count="0" type="cond" truecount="0" falsecount="2"/>
      <line num="870" count="0" type="cond" truecount="0" falsecount="2"/>
      <line num="874" count="1" type="cond" truecount="4" falsecount="0"/>
      <line num="881" count="1" type="cond" truecount="2" falsecount="0"/>
      <line num="883" count="0" type="cond" truecount="2" falsecount="0"/>
      <line num="885" count="1" type="stmt"/>
    </file>
  </project>
</coverage>
