{"C:\\Users\\natka\\Desktop\\נטשה לימודים\\שנה אחרונה\\סמסטר א\\פרויקט\\finalProject\\frontend\\src\\components\\RunYass.vue": {"path":"C:\\Users\\natka\\Desktop\\נטשה לימודים\\שנה אחרונה\\סמסטר א\\פרויקט\\finalProject\\frontend\\src\\components\\RunYass.vue","statementMap":{"0":{"start":{"line":3,"column":29},"end":{"line":3,"column":352}},"1":{"start":{"line":4,"column":0},"end":{"line":6,"column":3}},"2":{"start":{"line":7,"column":0},"end":{"line":7,"column":25}},"3":{"start":{"line":8,"column":0},"end":{"line":8,"column":44}},"4":{"start":{"line":9,"column":0},"end":{"line":9,"column":59}},"5":{"start":{"line":10,"column":0},"end":{"line":10,"column":59}},"6":{"start":{"line":11,"column":0},"end":{"line":11,"column":75}},"7":{"start":{"line":12,"column":19},"end":{"line":12,"column":65}},"8":{"start":{"line":13,"column":14},"end":{"line":13,"column":63}},"9":{"start":{"line":14,"column":21},"end":{"line":14,"column":75}},"10":{"start":{"line":15,"column":21},"end":{"line":15,"column":47}},"11":{"start":{"line":17,"column":15},"end":{"line":603,"column":1}},"12":{"start":{"line":23,"column":4},"end":{"line":58,"column":6}},"13":{"start":{"line":61,"column":4},"end":{"line":61,"column":155}},"14":{"start":{"line":65,"column":6},"end":{"line":65,"column":106}},"15":{"start":{"line":70,"column":6},"end":{"line":70,"column":35}},"16":{"start":{"line":73,"column":6},"end":{"line":73,"column":24}},"17":{"start":{"line":74,"column":6},"end":{"line":74,"column":24}},"18":{"start":{"line":75,"column":6},"end":{"line":75,"column":26}},"19":{"start":{"line":76,"column":6},"end":{"line":76,"column":26}},"20":{"start":{"line":77,"column":6},"end":{"line":77,"column":24}},"21":{"start":{"line":78,"column":6},"end":{"line":78,"column":24}},"22":{"start":{"line":79,"column":6},"end":{"line":79,"column":29}},"23":{"start":{"line":80,"column":25},"end":{"line":80,"column":41}},"24":{"start":{"line":81,"column":25},"end":{"line":81,"column":41}},"25":{"start":{"line":82,"column":6},"end":{"line":82,"column":44}},"26":{"start":{"line":82,"column":22},"end":{"line":82,"column":44}},"27":{"start":{"line":83,"column":6},"end":{"line":83,"column":44}},"28":{"start":{"line":83,"column":22},"end":{"line":83,"column":44}},"29":{"start":{"line":86,"column":19},"end":{"line":86,"column":47}},"30":{"start":{"line":87,"column":6},"end":{"line":87,"column":27}},"31":{"start":{"line":88,"column":6},"end":{"line":88,"column":33}},"32":{"start":{"line":91,"column":6},"end":{"line":91,"column":28}},"33":{"start":{"line":93,"column":6},"end":{"line":93,"column":49}},"34":{"start":{"line":94,"column":23},"end":{"line":94,"column":37}},"35":{"start":{"line":95,"column":6},"end":{"line":107,"column":7}},"36":{"start":{"line":96,"column":8},"end":{"line":96,"column":46}},"37":{"start":{"line":97,"column":8},"end":{"line":97,"column":46}},"38":{"start":{"line":98,"column":13},"end":{"line":107,"column":7}},"39":{"start":{"line":99,"column":8},"end":{"line":99,"column":53}},"40":{"start":{"line":100,"column":8},"end":{"line":100,"column":53}},"41":{"start":{"line":101,"column":13},"end":{"line":107,"column":7}},"42":{"start":{"line":102,"column":8},"end":{"line":102,"column":49}},"43":{"start":{"line":103,"column":8},"end":{"line":103,"column":49}},"44":{"start":{"line":105,"column":8},"end":{"line":105,"column":73}},"45":{"start":{"line":106,"column":8},"end":{"line":106,"column":15}},"46":{"start":{"line":110,"column":6},"end":{"line":110,"column":73}},"47":{"start":{"line":111,"column":6},"end":{"line":111,"column":26}},"48":{"start":{"line":112,"column":6},"end":{"line":112,"column":24}},"49":{"start":{"line":113,"column":6},"end":{"line":167,"column":7}},"50":{"start":{"line":114,"column":25},"end":{"line":119,"column":10}},"51":{"start":{"line":118,"column":10},"end":{"line":118,"column":59}},"52":{"start":{"line":120,"column":8},"end":{"line":123,"column":9}},"53":{"start":{"line":121,"column":10},"end":{"line":121,"column":52}},"54":{"start":{"line":122,"column":10},"end":{"line":122,"column":78}},"55":{"start":{"line":124,"column":21},"end":{"line":124,"column":42}},"56":{"start":{"line":125,"column":8},"end":{"line":125,"column":45}},"57":{"start":{"line":126,"column":8},"end":{"line":131,"column":9}},"58":{"start":{"line":127,"column":10},"end":{"line":127,"column":43}},"59":{"start":{"line":128,"column":10},"end":{"line":128,"column":31}},"60":{"start":{"line":129,"column":10},"end":{"line":129,"column":33}},"61":{"start":{"line":130,"column":10},"end":{"line":130,"column":17}},"62":{"start":{"line":133,"column":8},"end":{"line":135,"column":9}},"63":{"start":{"line":134,"column":10},"end":{"line":134,"column":70}},"64":{"start":{"line":136,"column":8},"end":{"line":144,"column":10}},"65":{"start":{"line":145,"column":8},"end":{"line":145,"column":48}},"66":{"start":{"line":146,"column":8},"end":{"line":146,"column":43}},"67":{"start":{"line":147,"column":8},"end":{"line":147,"column":68}},"68":{"start":{"line":148,"column":8},"end":{"line":148,"column":68}},"69":{"start":{"line":151,"column":8},"end":{"line":151,"column":96}},"70":{"start":{"line":152,"column":8},"end":{"line":152,"column":111}},"71":{"start":{"line":153,"column":8},"end":{"line":153,"column":111}},"72":{"start":{"line":154,"column":8},"end":{"line":158,"column":11}},"73":{"start":{"line":155,"column":10},"end":{"line":155,"column":31}},"74":{"start":{"line":156,"column":10},"end":{"line":156,"column":104}},"75":{"start":{"line":157,"column":10},"end":{"line":157,"column":104}},"76":{"start":{"line":162,"column":8},"end":{"line":162,"column":57}},"77":{"start":{"line":163,"column":8},"end":{"line":163,"column":67}},"78":{"start":{"line":165,"column":8},"end":{"line":165,"column":29}},"79":{"start":{"line":166,"column":8},"end":{"line":166,"column":28}},"80":{"start":{"line":170,"column":23},"end":{"line":170,"column":48}},"81":{"start":{"line":171,"column":21},"end":{"line":171,"column":46}},"82":{"start":{"line":172,"column":28},"end":{"line":172,"column":67}},"83":{"start":{"line":173,"column":27},"end":{"line":173,"column":28}},"84":{"start":{"line":174,"column":19},"end":{"line":174,"column":21}},"85":{"start":{"line":175,"column":17},"end":{"line":175,"column":22}},"86":{"start":{"line":176,"column":6},"end":{"line":187,"column":7}},"87":{"start":{"line":180,"column":12},"end":{"line":180,"column":31}},"88":{"start":{"line":181,"column":8},"end":{"line":181,"column":26}},"89":{"start":{"line":182,"column":8},"end":{"line":186,"column":9}},"90":{"start":{"line":183,"column":10},"end":{"line":183,"column":29}},"91":{"start":{"line":184,"column":10},"end":{"line":184,"column":41}},"92":{"start":{"line":185,"column":10},"end":{"line":185,"column":52}},"93":{"start":{"line":188,"column":22},"end":{"line":188,"column":52}},"94":{"start":{"line":189,"column":21},"end":{"line":189,"column":22}},"95":{"start":{"line":190,"column":6},"end":{"line":193,"column":7}},"96":{"start":{"line":191,"column":8},"end":{"line":191,"column":39}},"97":{"start":{"line":192,"column":8},"end":{"line":192,"column":33}},"98":{"start":{"line":194,"column":6},"end":{"line":198,"column":9}},"99":{"start":{"line":203,"column":10},"end":{"line":203,"column":29}},"100":{"start":{"line":204,"column":6},"end":{"line":231,"column":7}},"101":{"start":{"line":206,"column":27},"end":{"line":206,"column":58}},"102":{"start":{"line":207,"column":8},"end":{"line":209,"column":9}},"103":{"start":{"line":208,"column":10},"end":{"line":208,"column":75}},"104":{"start":{"line":210,"column":8},"end":{"line":228,"column":11}},"105":{"start":{"line":211,"column":10},"end":{"line":213,"column":11}},"106":{"start":{"line":212,"column":12},"end":{"line":212,"column":80}},"107":{"start":{"line":214,"column":10},"end":{"line":227,"column":13}},"108":{"start":{"line":215,"column":12},"end":{"line":215,"column":41}},"109":{"start":{"line":215,"column":34},"end":{"line":215,"column":41}},"110":{"start":{"line":216,"column":12},"end":{"line":216,"column":55}},"111":{"start":{"line":217,"column":12},"end":{"line":226,"column":13}},"112":{"start":{"line":218,"column":25},"end":{"line":218,"column":52}},"113":{"start":{"line":219,"column":25},"end":{"line":219,"column":52}},"114":{"start":{"line":220,"column":25},"end":{"line":220,"column":52}},"115":{"start":{"line":221,"column":25},"end":{"line":221,"column":52}},"116":{"start":{"line":222,"column":14},"end":{"line":222,"column":51}},"117":{"start":{"line":224,"column":14},"end":{"line":224,"column":56}},"118":{"start":{"line":225,"column":14},"end":{"line":225,"column":32}},"119":{"start":{"line":230,"column":8},"end":{"line":230,"column":61}},"120":{"start":{"line":234,"column":6},"end":{"line":295,"column":7}},"121":{"start":{"line":235,"column":8},"end":{"line":278,"column":9}},"122":{"start":{"line":236,"column":10},"end":{"line":264,"column":12}},"123":{"start":{"line":266,"column":10},"end":{"line":277,"column":12}},"124":{"start":{"line":279,"column":8},"end":{"line":292,"column":11}},"125":{"start":{"line":280,"column":10},"end":{"line":284,"column":11}},"126":{"start":{"line":281,"column":12},"end":{"line":281,"column":83}},"127":{"start":{"line":282,"column":17},"end":{"line":284,"column":11}},"128":{"start":{"line":283,"column":12},"end":{"line":283,"column":83}},"129":{"start":{"line":285,"column":10},"end":{"line":291,"column":11}},"130":{"start":{"line":286,"column":12},"end":{"line":290,"column":15}},"131":{"start":{"line":294,"column":8},"end":{"line":294,"column":69}},"132":{"start":{"line":298,"column":6},"end":{"line":303,"column":9}},"133":{"start":{"line":304,"column":23},"end":{"line":321,"column":7}},"134":{"start":{"line":322,"column":6},"end":{"line":336,"column":77}},"135":{"start":{"line":328,"column":26},"end":{"line":328,"column":41}},"136":{"start":{"line":329,"column":8},"end":{"line":329,"column":57}},"137":{"start":{"line":330,"column":8},"end":{"line":330,"column":61}},"138":{"start":{"line":331,"column":8},"end":{"line":335,"column":11}},"139":{"start":{"line":332,"column":10},"end":{"line":332,"column":31}},"140":{"start":{"line":333,"column":10},"end":{"line":333,"column":96}},"141":{"start":{"line":334,"column":10},"end":{"line":334,"column":95}},"142":{"start":{"line":336,"column":24},"end":{"line":336,"column":75}},"143":{"start":{"line":339,"column":6},"end":{"line":352,"column":7}},"144":{"start":{"line":340,"column":8},"end":{"line":340,"column":96}},"145":{"start":{"line":341,"column":8},"end":{"line":341,"column":111}},"146":{"start":{"line":342,"column":8},"end":{"line":342,"column":111}},"147":{"start":{"line":343,"column":8},"end":{"line":348,"column":11}},"148":{"start":{"line":344,"column":10},"end":{"line":344,"column":31}},"149":{"start":{"line":345,"column":10},"end":{"line":345,"column":111}},"150":{"start":{"line":346,"column":10},"end":{"line":346,"column":110}},"151":{"start":{"line":347,"column":10},"end":{"line":347,"column":35}},"152":{"start":{"line":350,"column":8},"end":{"line":350,"column":62}},"153":{"start":{"line":351,"column":8},"end":{"line":351,"column":33}},"154":{"start":{"line":355,"column":6},"end":{"line":355,"column":30}},"155":{"start":{"line":356,"column":6},"end":{"line":356,"column":32}},"156":{"start":{"line":359,"column":22},"end":{"line":359,"column":55}},"157":{"start":{"line":360,"column":28},"end":{"line":360,"column":143}},"158":{"start":{"line":361,"column":25},"end":{"line":361,"column":33}},"159":{"start":{"line":362,"column":6},"end":{"line":362,"column":73}},"160":{"start":{"line":363,"column":6},"end":{"line":363,"column":26}},"161":{"start":{"line":365,"column":6},"end":{"line":429,"column":9}},"162":{"start":{"line":375,"column":26},"end":{"line":375,"column":41}},"163":{"start":{"line":376,"column":8},"end":{"line":376,"column":81}},"164":{"start":{"line":377,"column":37},"end":{"line":377,"column":105}},"165":{"start":{"line":380,"column":8},"end":{"line":386,"column":9}},"166":{"start":{"line":381,"column":10},"end":{"line":381,"column":95}},"167":{"start":{"line":381,"column":81},"end":{"line":381,"column":92}},"168":{"start":{"line":382,"column":10},"end":{"line":382,"column":95}},"169":{"start":{"line":382,"column":81},"end":{"line":382,"column":92}},"170":{"start":{"line":384,"column":10},"end":{"line":384,"column":95}},"171":{"start":{"line":384,"column":81},"end":{"line":384,"column":92}},"172":{"start":{"line":385,"column":10},"end":{"line":385,"column":95}},"173":{"start":{"line":385,"column":81},"end":{"line":385,"column":92}},"174":{"start":{"line":389,"column":34},"end":{"line":402,"column":9}},"175":{"start":{"line":403,"column":8},"end":{"line":406,"column":9}},"176":{"start":{"line":404,"column":10},"end":{"line":404,"column":88}},"177":{"start":{"line":405,"column":10},"end":{"line":405,"column":88}},"178":{"start":{"line":407,"column":8},"end":{"line":410,"column":9}},"179":{"start":{"line":408,"column":10},"end":{"line":408,"column":88}},"180":{"start":{"line":409,"column":10},"end":{"line":409,"column":88}},"181":{"start":{"line":411,"column":8},"end":{"line":425,"column":11}},"182":{"start":{"line":418,"column":28},"end":{"line":418,"column":43}},"183":{"start":{"line":419,"column":10},"end":{"line":419,"column":63}},"184":{"start":{"line":420,"column":10},"end":{"line":422,"column":13}},"185":{"start":{"line":421,"column":12},"end":{"line":421,"column":33}},"186":{"start":{"line":423,"column":26},"end":{"line":423,"column":73}},"187":{"start":{"line":424,"column":10},"end":{"line":424,"column":31}},"188":{"start":{"line":427,"column":8},"end":{"line":427,"column":63}},"189":{"start":{"line":428,"column":8},"end":{"line":428,"column":29}},"190":{"start":{"line":432,"column":6},"end":{"line":432,"column":32}},"191":{"start":{"line":433,"column":6},"end":{"line":433,"column":32}},"192":{"start":{"line":434,"column":6},"end":{"line":434,"column":32}},"193":{"start":{"line":435,"column":6},"end":{"line":435,"column":32}},"194":{"start":{"line":438,"column":6},"end":{"line":438,"column":33}},"195":{"start":{"line":439,"column":6},"end":{"line":527,"column":7}},"196":{"start":{"line":440,"column":8},"end":{"line":442,"column":9}},"197":{"start":{"line":441,"column":10},"end":{"line":441,"column":77}},"198":{"start":{"line":445,"column":28},"end":{"line":445,"column":79}},"199":{"start":{"line":446,"column":28},"end":{"line":446,"column":79}},"200":{"start":{"line":449,"column":8},"end":{"line":451,"column":9}},"201":{"start":{"line":450,"column":10},"end":{"line":450,"column":63}},"202":{"start":{"line":459,"column":12},"end":{"line":459,"column":27}},"203":{"start":{"line":462,"column":22},"end":{"line":462,"column":77}},"204":{"start":{"line":463,"column":22},"end":{"line":463,"column":77}},"205":{"start":{"line":464,"column":22},"end":{"line":464,"column":77}},"206":{"start":{"line":465,"column":22},"end":{"line":465,"column":77}},"207":{"start":{"line":468,"column":8},"end":{"line":471,"column":9}},"208":{"start":{"line":469,"column":10},"end":{"line":469,"column":90}},"209":{"start":{"line":470,"column":10},"end":{"line":470,"column":83}},"210":{"start":{"line":474,"column":8},"end":{"line":477,"column":9}},"211":{"start":{"line":475,"column":10},"end":{"line":475,"column":118}},"212":{"start":{"line":476,"column":10},"end":{"line":476,"column":111}},"213":{"start":{"line":478,"column":37},"end":{"line":478,"column":105}},"214":{"start":{"line":480,"column":28},"end":{"line":491,"column":9}},"215":{"start":{"line":492,"column":8},"end":{"line":492,"column":28}},"216":{"start":{"line":493,"column":8},"end":{"line":493,"column":26}},"217":{"start":{"line":494,"column":8},"end":{"line":520,"column":11}},"218":{"start":{"line":502,"column":10},"end":{"line":505,"column":11}},"219":{"start":{"line":503,"column":30},"end":{"line":503,"column":51}},"220":{"start":{"line":504,"column":12},"end":{"line":504,"column":78}},"221":{"start":{"line":506,"column":10},"end":{"line":506,"column":33}},"222":{"start":{"line":508,"column":10},"end":{"line":508,"column":63}},"223":{"start":{"line":509,"column":10},"end":{"line":509,"column":79}},"224":{"start":{"line":510,"column":10},"end":{"line":510,"column":79}},"225":{"start":{"line":511,"column":10},"end":{"line":515,"column":13}},"226":{"start":{"line":512,"column":12},"end":{"line":512,"column":33}},"227":{"start":{"line":513,"column":12},"end":{"line":513,"column":113}},"228":{"start":{"line":514,"column":12},"end":{"line":514,"column":112}},"229":{"start":{"line":516,"column":10},"end":{"line":516,"column":39}},"230":{"start":{"line":518,"column":10},"end":{"line":518,"column":53}},"231":{"start":{"line":519,"column":10},"end":{"line":519,"column":31}},"232":{"start":{"line":522,"column":8},"end":{"line":522,"column":46}},"233":{"start":{"line":523,"column":8},"end":{"line":523,"column":37}},"234":{"start":{"line":525,"column":8},"end":{"line":525,"column":29}},"235":{"start":{"line":526,"column":8},"end":{"line":526,"column":28}},"236":{"start":{"line":530,"column":27},"end":{"line":530,"column":59}},"237":{"start":{"line":531,"column":26},"end":{"line":550,"column":7}},"238":{"start":{"line":551,"column":6},"end":{"line":551,"column":82}},"239":{"start":{"line":552,"column":6},"end":{"line":574,"column":9}},"240":{"start":{"line":559,"column":8},"end":{"line":561,"column":9}},"241":{"start":{"line":560,"column":10},"end":{"line":560,"column":57}},"242":{"start":{"line":562,"column":8},"end":{"line":562,"column":31}},"243":{"start":{"line":564,"column":8},"end":{"line":564,"column":48}},"244":{"start":{"line":566,"column":8},"end":{"line":566,"column":94}},"245":{"start":{"line":567,"column":8},"end":{"line":567,"column":93}},"246":{"start":{"line":568,"column":8},"end":{"line":570,"column":11}},"247":{"start":{"line":569,"column":10},"end":{"line":569,"column":102}},"248":{"start":{"line":571,"column":8},"end":{"line":571,"column":58}},"249":{"start":{"line":573,"column":8},"end":{"line":573,"column":61}},"250":{"start":{"line":577,"column":36},"end":{"line":577,"column":86}},"251":{"start":{"line":578,"column":27},"end":{"line":578,"column":67}},"252":{"start":{"line":579,"column":37},"end":{"line":579,"column":87}},"253":{"start":{"line":580,"column":25},"end":{"line":580,"column":46}},"254":{"start":{"line":581,"column":6},"end":{"line":600,"column":7}},"255":{"start":{"line":582,"column":8},"end":{"line":582,"column":60}},"256":{"start":{"line":585,"column":8},"end":{"line":585,"column":44}},"257":{"start":{"line":586,"column":8},"end":{"line":586,"column":82}},"258":{"start":{"line":586,"column":36},"end":{"line":586,"column":82}},"259":{"start":{"line":587,"column":8},"end":{"line":587,"column":58}},"260":{"start":{"line":587,"column":24},"end":{"line":587,"column":58}},"261":{"start":{"line":588,"column":8},"end":{"line":597,"column":11}},"262":{"start":{"line":590,"column":10},"end":{"line":590,"column":42}},"263":{"start":{"line":591,"column":10},"end":{"line":591,"column":80}},"264":{"start":{"line":591,"column":38},"end":{"line":591,"column":80}},"265":{"start":{"line":592,"column":10},"end":{"line":592,"column":56}},"266":{"start":{"line":592,"column":26},"end":{"line":592,"column":56}},"267":{"start":{"line":593,"column":23},"end":{"line":593,"column":50}},"268":{"start":{"line":594,"column":10},"end":{"line":594,"column":55}},"269":{"start":{"line":595,"column":10},"end":{"line":595,"column":52}},"270":{"start":{"line":596,"column":10},"end":{"line":596,"column":23}},"271":{"start":{"line":599,"column":8},"end":{"line":599,"column":66}},"272":{"start":{"line":604,"column":0},"end":{"line":604,"column":13}},"273":{"start":{"line":606,"column":29},"end":{"line":606,"column":352}},"274":{"start":{"line":607,"column":0},"end":{"line":609,"column":3}},"275":{"start":{"line":610,"column":0},"end":{"line":610,"column":24}},"276":{"start":{"line":611,"column":11},"end":{"line":611,"column":25}},"277":{"start":{"line":612,"column":14},"end":{"line":612,"column":68}},"278":{"start":{"line":613,"column":19},"end":{"line":615,"column":1}},"279":{"start":{"line":616,"column":32},"end":{"line":616,"column":128}},"280":{"start":{"line":617,"column":19},"end":{"line":619,"column":1}},"281":{"start":{"line":620,"column":19},"end":{"line":622,"column":1}},"282":{"start":{"line":623,"column":32},"end":{"line":626,"column":41}},"283":{"start":{"line":627,"column":19},"end":{"line":629,"column":1}},"284":{"start":{"line":630,"column":32},"end":{"line":633,"column":41}},"285":{"start":{"line":634,"column":19},"end":{"line":636,"column":1}},"286":{"start":{"line":637,"column":32},"end":{"line":641,"column":22}},"287":{"start":{"line":642,"column":33},"end":{"line":642,"column":96}},"288":{"start":{"line":643,"column":33},"end":{"line":645,"column":27}},"289":{"start":{"line":646,"column":33},"end":{"line":648,"column":28}},"290":{"start":{"line":649,"column":33},"end":{"line":651,"column":29}},"291":{"start":{"line":652,"column":33},"end":{"line":654,"column":32}},"292":{"start":{"line":655,"column":20},"end":{"line":655,"column":85}},"293":{"start":{"line":656,"column":20},"end":{"line":658,"column":1}},"294":{"start":{"line":659,"column":33},"end":{"line":659,"column":99}},"295":{"start":{"line":660,"column":33},"end":{"line":660,"column":99}},"296":{"start":{"line":661,"column":20},"end":{"line":664,"column":1}},"297":{"start":{"line":665,"column":20},"end":{"line":668,"column":1}},"298":{"start":{"line":669,"column":20},"end":{"line":671,"column":1}},"299":{"start":{"line":672,"column":20},"end":{"line":674,"column":1}},"300":{"start":{"line":675,"column":20},"end":{"line":678,"column":1}},"301":{"start":{"line":679,"column":20},"end":{"line":681,"column":1}},"302":{"start":{"line":682,"column":20},"end":{"line":685,"column":1}},"303":{"start":{"line":686,"column":20},"end":{"line":688,"column":1}},"304":{"start":{"line":689,"column":20},"end":{"line":692,"column":1}},"305":{"start":{"line":693,"column":20},"end":{"line":696,"column":1}},"306":{"start":{"line":697,"column":20},"end":{"line":699,"column":1}},"307":{"start":{"line":700,"column":33},"end":{"line":702,"column":60}},"308":{"start":{"line":703,"column":20},"end":{"line":703,"column":29}},"309":{"start":{"line":704,"column":20},"end":{"line":706,"column":1}},"310":{"start":{"line":707,"column":33},"end":{"line":709,"column":60}},"311":{"start":{"line":710,"column":20},"end":{"line":710,"column":29}},"312":{"start":{"line":711,"column":20},"end":{"line":714,"column":1}},"313":{"start":{"line":715,"column":33},"end":{"line":715,"column":106}},"314":{"start":{"line":716,"column":20},"end":{"line":719,"column":1}},"315":{"start":{"line":720,"column":20},"end":{"line":722,"column":1}},"316":{"start":{"line":723,"column":20},"end":{"line":725,"column":1}},"317":{"start":{"line":726,"column":33},"end":{"line":726,"column":105}},"318":{"start":{"line":727,"column":20},"end":{"line":729,"column":1}},"319":{"start":{"line":730,"column":20},"end":{"line":732,"column":1}},"320":{"start":{"line":733,"column":33},"end":{"line":733,"column":105}},"321":{"start":{"line":734,"column":20},"end":{"line":736,"column":1}},"322":{"start":{"line":737,"column":20},"end":{"line":739,"column":1}},"323":{"start":{"line":740,"column":33},"end":{"line":744,"column":22}},"324":{"start":{"line":745,"column":33},"end":{"line":747,"column":27}},"325":{"start":{"line":748,"column":33},"end":{"line":750,"column":28}},"326":{"start":{"line":751,"column":33},"end":{"line":753,"column":29}},"327":{"start":{"line":754,"column":33},"end":{"line":756,"column":32}},"328":{"start":{"line":757,"column":20},"end":{"line":757,"column":72}},"329":{"start":{"line":758,"column":20},"end":{"line":760,"column":1}},"330":{"start":{"line":761,"column":20},"end":{"line":763,"column":1}},"331":{"start":{"line":764,"column":33},"end":{"line":764,"column":124}},"332":{"start":{"line":765,"column":33},"end":{"line":765,"column":148}},"333":{"start":{"line":766,"column":33},"end":{"line":766,"column":442}},"334":{"start":{"line":767,"column":33},"end":{"line":767,"column":208}},"335":{"start":{"line":768,"column":33},"end":{"line":768,"column":158}},"336":{"start":{"line":769,"column":20},"end":{"line":772,"column":1}},"337":{"start":{"line":773,"column":20},"end":{"line":775,"column":1}},"338":{"start":{"line":776,"column":33},"end":{"line":776,"column":118}},"339":{"start":{"line":778,"column":35},"end":{"line":778,"column":78}},"340":{"start":{"line":779,"column":2},"end":{"line":884,"column":66}},"341":{"start":{"line":788,"column":63},"end":{"line":788,"column":84}},"342":{"start":{"line":790,"column":49},"end":{"line":790,"column":77}},"343":{"start":{"line":793,"column":63},"end":{"line":793,"column":84}},"344":{"start":{"line":795,"column":49},"end":{"line":795,"column":77}},"345":{"start":{"line":798,"column":63},"end":{"line":798,"column":101}},"346":{"start":{"line":804,"column":49},"end":{"line":804,"column":77}},"347":{"start":{"line":806,"column":52},"end":{"line":806,"column":97}},"348":{"start":{"line":809,"column":49},"end":{"line":809,"column":70}},"349":{"start":{"line":812,"column":63},"end":{"line":812,"column":92}},"350":{"start":{"line":813,"column":50},"end":{"line":813,"column":114}},"351":{"start":{"line":816,"column":4},"end":{"line":819,"column":76}},"352":{"start":{"line":822,"column":65},"end":{"line":822,"column":94}},"353":{"start":{"line":823,"column":52},"end":{"line":823,"column":116}},"354":{"start":{"line":826,"column":4},"end":{"line":829,"column":76}},"355":{"start":{"line":831,"column":65},"end":{"line":831,"column":92}},"356":{"start":{"line":838,"column":65},"end":{"line":838,"column":92}},"357":{"start":{"line":845,"column":65},"end":{"line":845,"column":92}},"358":{"start":{"line":852,"column":65},"end":{"line":852,"column":92}},"359":{"start":{"line":860,"column":65},"end":{"line":860,"column":101}},"360":{"start":{"line":863,"column":54},"end":{"line":863,"column":107}},"361":{"start":{"line":867,"column":75},"end":{"line":867,"column":104}},"362":{"start":{"line":870,"column":51},"end":{"line":870,"column":80}},"363":{"start":{"line":874,"column":54},"end":{"line":874,"column":111}},"364":{"start":{"line":881,"column":75},"end":{"line":881,"column":97}},"365":{"start":{"line":883,"column":51},"end":{"line":883,"column":73}},"366":{"start":{"line":885,"column":2},"end":{"line":885,"column":49}}},"fnMap":{"0":{"name":"(anonymous_0)","decl":{"start":{"line":22,"column":2},"end":{"line":22,"column":3}},"loc":{"start":{"line":22,"column":9},"end":{"line":59,"column":3}},"line":22},"1":{"name":"(anonymous_1)","decl":{"start":{"line":60,"column":2},"end":{"line":60,"column":3}},"loc":{"start":{"line":60,"column":12},"end":{"line":62,"column":3}},"line":60},"2":{"name":"(anonymous_2)","decl":{"start":{"line":64,"column":4},"end":{"line":64,"column":5}},"loc":{"start":{"line":64,"column":27},"end":{"line":66,"column":5}},"line":64},"3":{"name":"(anonymous_3)","decl":{"start":{"line":69,"column":4},"end":{"line":69,"column":5}},"loc":{"start":{"line":69,"column":25},"end":{"line":71,"column":5}},"line":69},"4":{"name":"(anonymous_4)","decl":{"start":{"line":72,"column":4},"end":{"line":72,"column":5}},"loc":{"start":{"line":72,"column":18},"end":{"line":84,"column":5}},"line":72},"5":{"name":"(anonymous_5)","decl":{"start":{"line":85,"column":4},"end":{"line":85,"column":5}},"loc":{"start":{"line":85,"column":30},"end":{"line":89,"column":5}},"line":85},"6":{"name":"(anonymous_6)","decl":{"start":{"line":90,"column":4},"end":{"line":90,"column":5}},"loc":{"start":{"line":90,"column":24},"end":{"line":168,"column":5}},"line":90},"7":{"name":"(anonymous_7)","decl":{"start":{"line":117,"column":11},"end":{"line":117,"column":12}},"loc":{"start":{"line":117,"column":30},"end":{"line":119,"column":9}},"line":117},"8":{"name":"(anonymous_8)","decl":{"start":{"line":154,"column":23},"end":{"line":154,"column":24}},"loc":{"start":{"line":154,"column":29},"end":{"line":158,"column":9}},"line":154},"9":{"name":"(anonymous_9)","decl":{"start":{"line":169,"column":4},"end":{"line":169,"column":5}},"loc":{"start":{"line":169,"column":54},"end":{"line":199,"column":5}},"line":169},"10":{"name":"(anonymous_10)","decl":{"start":{"line":200,"column":4},"end":{"line":200,"column":5}},"loc":{"start":{"line":200,"column":20},"end":{"line":232,"column":5}},"line":200},"11":{"name":"(anonymous_11)","decl":{"start":{"line":210,"column":97},"end":{"line":210,"column":98}},"loc":{"start":{"line":210,"column":105},"end":{"line":228,"column":9}},"line":210},"12":{"name":"(anonymous_12)","decl":{"start":{"line":214,"column":37},"end":{"line":214,"column":38}},"loc":{"start":{"line":214,"column":50},"end":{"line":227,"column":11}},"line":214},"13":{"name":"(anonymous_13)","decl":{"start":{"line":233,"column":4},"end":{"line":233,"column":5}},"loc":{"start":{"line":233,"column":51},"end":{"line":296,"column":5}},"line":233},"14":{"name":"(anonymous_14)","decl":{"start":{"line":279,"column":74},"end":{"line":279,"column":75}},"loc":{"start":{"line":279,"column":80},"end":{"line":292,"column":9}},"line":279},"15":{"name":"(anonymous_15)","decl":{"start":{"line":297,"column":4},"end":{"line":297,"column":5}},"loc":{"start":{"line":297,"column":36},"end":{"line":337,"column":5}},"line":297},"16":{"name":"(anonymous_16)","decl":{"start":{"line":328,"column":14},"end":{"line":328,"column":15}},"loc":{"start":{"line":328,"column":26},"end":{"line":328,"column":41}},"line":328},"17":{"name":"(anonymous_17)","decl":{"start":{"line":328,"column":48},"end":{"line":328,"column":49}},"loc":{"start":{"line":328,"column":56},"end":{"line":336,"column":7}},"line":328},"18":{"name":"(anonymous_18)","decl":{"start":{"line":331,"column":23},"end":{"line":331,"column":24}},"loc":{"start":{"line":331,"column":29},"end":{"line":335,"column":9}},"line":331},"19":{"name":"(anonymous_19)","decl":{"start":{"line":336,"column":15},"end":{"line":336,"column":16}},"loc":{"start":{"line":336,"column":24},"end":{"line":336,"column":75}},"line":336},"20":{"name":"(anonymous_20)","decl":{"start":{"line":338,"column":4},"end":{"line":338,"column":5}},"loc":{"start":{"line":338,"column":25},"end":{"line":353,"column":5}},"line":338},"21":{"name":"(anonymous_21)","decl":{"start":{"line":343,"column":23},"end":{"line":343,"column":24}},"loc":{"start":{"line":343,"column":29},"end":{"line":348,"column":9}},"line":343},"22":{"name":"(anonymous_22)","decl":{"start":{"line":354,"column":4},"end":{"line":354,"column":5}},"loc":{"start":{"line":354,"column":17},"end":{"line":357,"column":5}},"line":354},"23":{"name":"(anonymous_23)","decl":{"start":{"line":358,"column":4},"end":{"line":358,"column":5}},"loc":{"start":{"line":358,"column":54},"end":{"line":430,"column":5}},"line":358},"24":{"name":"(anonymous_24)","decl":{"start":{"line":375,"column":14},"end":{"line":375,"column":15}},"loc":{"start":{"line":375,"column":26},"end":{"line":375,"column":41}},"line":375},"25":{"name":"(anonymous_25)","decl":{"start":{"line":375,"column":48},"end":{"line":375,"column":49}},"loc":{"start":{"line":375,"column":60},"end":{"line":426,"column":7}},"line":375},"26":{"name":"(anonymous_26)","decl":{"start":{"line":381,"column":69},"end":{"line":381,"column":70}},"loc":{"start":{"line":381,"column":81},"end":{"line":381,"column":92}},"line":381},"27":{"name":"(anonymous_27)","decl":{"start":{"line":382,"column":69},"end":{"line":382,"column":70}},"loc":{"start":{"line":382,"column":81},"end":{"line":382,"column":92}},"line":382},"28":{"name":"(anonymous_28)","decl":{"start":{"line":384,"column":69},"end":{"line":384,"column":70}},"loc":{"start":{"line":384,"column":81},"end":{"line":384,"column":92}},"line":384},"29":{"name":"(anonymous_29)","decl":{"start":{"line":385,"column":69},"end":{"line":385,"column":70}},"loc":{"start":{"line":385,"column":81},"end":{"line":385,"column":92}},"line":385},"30":{"name":"(anonymous_30)","decl":{"start":{"line":418,"column":16},"end":{"line":418,"column":17}},"loc":{"start":{"line":418,"column":28},"end":{"line":418,"column":43}},"line":418},"31":{"name":"(anonymous_31)","decl":{"start":{"line":418,"column":50},"end":{"line":418,"column":51}},"loc":{"start":{"line":418,"column":58},"end":{"line":423,"column":9}},"line":418},"32":{"name":"(anonymous_32)","decl":{"start":{"line":420,"column":25},"end":{"line":420,"column":26}},"loc":{"start":{"line":420,"column":31},"end":{"line":422,"column":11}},"line":420},"33":{"name":"(anonymous_33)","decl":{"start":{"line":423,"column":17},"end":{"line":423,"column":18}},"loc":{"start":{"line":423,"column":26},"end":{"line":423,"column":73}},"line":423},"34":{"name":"(anonymous_34)","decl":{"start":{"line":423,"column":83},"end":{"line":423,"column":84}},"loc":{"start":{"line":423,"column":89},"end":{"line":425,"column":9}},"line":423},"35":{"name":"(anonymous_35)","decl":{"start":{"line":426,"column":15},"end":{"line":426,"column":16}},"loc":{"start":{"line":426,"column":24},"end":{"line":429,"column":7}},"line":426},"36":{"name":"(anonymous_36)","decl":{"start":{"line":431,"column":4},"end":{"line":431,"column":5}},"loc":{"start":{"line":431,"column":28},"end":{"line":436,"column":5}},"line":431},"37":{"name":"(anonymous_37)","decl":{"start":{"line":437,"column":4},"end":{"line":437,"column":5}},"loc":{"start":{"line":437,"column":28},"end":{"line":528,"column":5}},"line":437},"38":{"name":"(anonymous_38)","decl":{"start":{"line":501,"column":16},"end":{"line":501,"column":17}},"loc":{"start":{"line":501,"column":34},"end":{"line":507,"column":9}},"line":501},"39":{"name":"(anonymous_39)","decl":{"start":{"line":507,"column":16},"end":{"line":507,"column":17}},"loc":{"start":{"line":507,"column":24},"end":{"line":517,"column":9}},"line":507},"40":{"name":"(anonymous_40)","decl":{"start":{"line":511,"column":25},"end":{"line":511,"column":26}},"loc":{"start":{"line":511,"column":31},"end":{"line":515,"column":11}},"line":511},"41":{"name":"(anonymous_41)","decl":{"start":{"line":517,"column":17},"end":{"line":517,"column":18}},"loc":{"start":{"line":517,"column":26},"end":{"line":520,"column":9}},"line":517},"42":{"name":"(anonymous_42)","decl":{"start":{"line":529,"column":4},"end":{"line":529,"column":5}},"loc":{"start":{"line":529,"column":110},"end":{"line":575,"column":5}},"line":529},"43":{"name":"(anonymous_43)","decl":{"start":{"line":558,"column":14},"end":{"line":558,"column":15}},"loc":{"start":{"line":558,"column":26},"end":{"line":563,"column":7}},"line":558},"44":{"name":"(anonymous_44)","decl":{"start":{"line":563,"column":14},"end":{"line":563,"column":15}},"loc":{"start":{"line":563,"column":22},"end":{"line":572,"column":7}},"line":563},"45":{"name":"(anonymous_45)","decl":{"start":{"line":568,"column":23},"end":{"line":568,"column":24}},"loc":{"start":{"line":568,"column":29},"end":{"line":570,"column":9}},"line":568},"46":{"name":"(anonymous_46)","decl":{"start":{"line":572,"column":15},"end":{"line":572,"column":16}},"loc":{"start":{"line":572,"column":24},"end":{"line":574,"column":7}},"line":572},"47":{"name":"(anonymous_47)","decl":{"start":{"line":576,"column":4},"end":{"line":576,"column":5}},"loc":{"start":{"line":576,"column":24},"end":{"line":601,"column":5}},"line":576},"48":{"name":"(anonymous_48)","decl":{"start":{"line":588,"column":62},"end":{"line":588,"column":63}},"loc":{"start":{"line":588,"column":72},"end":{"line":597,"column":9}},"line":588},"49":{"name":"render","decl":{"start":{"line":777,"column":9},"end":{"line":777,"column":15}},"loc":{"start":{"line":777,"column":30},"end":{"line":885,"column":1}},"line":777},"50":{"name":"(anonymous_50)","decl":{"start":{"line":788,"column":53},"end":{"line":788,"column":54}},"loc":{"start":{"line":788,"column":63},"end":{"line":788,"column":84}},"line":788},"51":{"name":"(anonymous_51)","decl":{"start":{"line":790,"column":39},"end":{"line":790,"column":40}},"loc":{"start":{"line":790,"column":49},"end":{"line":790,"column":77}},"line":790},"52":{"name":"(anonymous_52)","decl":{"start":{"line":793,"column":53},"end":{"line":793,"column":54}},"loc":{"start":{"line":793,"column":63},"end":{"line":793,"column":84}},"line":793},"53":{"name":"(anonymous_53)","decl":{"start":{"line":795,"column":39},"end":{"line":795,"column":40}},"loc":{"start":{"line":795,"column":49},"end":{"line":795,"column":77}},"line":795},"54":{"name":"(anonymous_54)","decl":{"start":{"line":798,"column":53},"end":{"line":798,"column":54}},"loc":{"start":{"line":798,"column":63},"end":{"line":798,"column":101}},"line":798},"55":{"name":"(anonymous_55)","decl":{"start":{"line":804,"column":39},"end":{"line":804,"column":40}},"loc":{"start":{"line":804,"column":49},"end":{"line":804,"column":77}},"line":804},"56":{"name":"(anonymous_56)","decl":{"start":{"line":806,"column":39},"end":{"line":806,"column":40}},"loc":{"start":{"line":806,"column":52},"end":{"line":806,"column":97}},"line":806},"57":{"name":"(anonymous_57)","decl":{"start":{"line":809,"column":39},"end":{"line":809,"column":40}},"loc":{"start":{"line":809,"column":49},"end":{"line":809,"column":70}},"line":809},"58":{"name":"(anonymous_58)","decl":{"start":{"line":812,"column":53},"end":{"line":812,"column":54}},"loc":{"start":{"line":812,"column":63},"end":{"line":812,"column":92}},"line":812},"59":{"name":"(anonymous_59)","decl":{"start":{"line":813,"column":40},"end":{"line":813,"column":41}},"loc":{"start":{"line":813,"column":50},"end":{"line":813,"column":114}},"line":813},"60":{"name":"(anonymous_60)","decl":{"start":{"line":815,"column":155},"end":{"line":815,"column":156}},"loc":{"start":{"line":815,"column":165},"end":{"line":820,"column":3}},"line":815},"61":{"name":"(anonymous_61)","decl":{"start":{"line":822,"column":55},"end":{"line":822,"column":56}},"loc":{"start":{"line":822,"column":65},"end":{"line":822,"column":94}},"line":822},"62":{"name":"(anonymous_62)","decl":{"start":{"line":823,"column":42},"end":{"line":823,"column":43}},"loc":{"start":{"line":823,"column":52},"end":{"line":823,"column":116}},"line":823},"63":{"name":"(anonymous_63)","decl":{"start":{"line":825,"column":155},"end":{"line":825,"column":156}},"loc":{"start":{"line":825,"column":165},"end":{"line":830,"column":3}},"line":825},"64":{"name":"(anonymous_64)","decl":{"start":{"line":831,"column":55},"end":{"line":831,"column":56}},"loc":{"start":{"line":831,"column":65},"end":{"line":831,"column":92}},"line":831},"65":{"name":"(anonymous_65)","decl":{"start":{"line":838,"column":55},"end":{"line":838,"column":56}},"loc":{"start":{"line":838,"column":65},"end":{"line":838,"column":92}},"line":838},"66":{"name":"(anonymous_66)","decl":{"start":{"line":845,"column":55},"end":{"line":845,"column":56}},"loc":{"start":{"line":845,"column":65},"end":{"line":845,"column":92}},"line":845},"67":{"name":"(anonymous_67)","decl":{"start":{"line":852,"column":55},"end":{"line":852,"column":56}},"loc":{"start":{"line":852,"column":65},"end":{"line":852,"column":92}},"line":852},"68":{"name":"(anonymous_68)","decl":{"start":{"line":860,"column":55},"end":{"line":860,"column":56}},"loc":{"start":{"line":860,"column":65},"end":{"line":860,"column":101}},"line":860},"69":{"name":"(anonymous_69)","decl":{"start":{"line":863,"column":41},"end":{"line":863,"column":42}},"loc":{"start":{"line":863,"column":54},"end":{"line":863,"column":107}},"line":863},"70":{"name":"(anonymous_70)","decl":{"start":{"line":867,"column":65},"end":{"line":867,"column":66}},"loc":{"start":{"line":867,"column":75},"end":{"line":867,"column":104}},"line":867},"71":{"name":"(anonymous_71)","decl":{"start":{"line":870,"column":41},"end":{"line":870,"column":42}},"loc":{"start":{"line":870,"column":51},"end":{"line":870,"column":80}},"line":870},"72":{"name":"(anonymous_72)","decl":{"start":{"line":874,"column":41},"end":{"line":874,"column":42}},"loc":{"start":{"line":874,"column":54},"end":{"line":874,"column":111}},"line":874},"73":{"name":"(anonymous_73)","decl":{"start":{"line":881,"column":65},"end":{"line":881,"column":66}},"loc":{"start":{"line":881,"column":75},"end":{"line":881,"column":97}},"line":881},"74":{"name":"(anonymous_74)","decl":{"start":{"line":883,"column":41},"end":{"line":883,"column":42}},"loc":{"start":{"line":883,"column":51},"end":{"line":883,"column":73}},"line":883}},"branchMap":{"0":{"loc":{"start":{"line":61,"column":25},"end":{"line":61,"column":154}},"type":"binary-expr","locations":[{"start":{"line":61,"column":25},"end":{"line":61,"column":36}},{"start":{"line":61,"column":40},"end":{"line":61,"column":58}},{"start":{"line":61,"column":62},"end":{"line":61,"column":94}},{"start":{"line":61,"column":98},"end":{"line":61,"column":117}},{"start":{"line":61,"column":121},"end":{"line":61,"column":154}}],"line":61},"1":{"loc":{"start":{"line":65,"column":13},"end":{"line":65,"column":105}},"type":"binary-expr","locations":[{"start":{"line":65,"column":13},"end":{"line":65,"column":27}},{"start":{"line":65,"column":31},"end":{"line":65,"column":45}},{"start":{"line":65,"column":49},"end":{"line":65,"column":59}},{"start":{"line":65,"column":63},"end":{"line":65,"column":73}},{"start":{"line":65,"column":77},"end":{"line":65,"column":89}},{"start":{"line":65,"column":93},"end":{"line":65,"column":105}}],"line":65},"2":{"loc":{"start":{"line":82,"column":6},"end":{"line":82,"column":44}},"type":"if","locations":[{"start":{"line":82,"column":6},"end":{"line":82,"column":44}},{"start":{},"end":{}}],"line":82},"3":{"loc":{"start":{"line":83,"column":6},"end":{"line":83,"column":44}},"type":"if","locations":[{"start":{"line":83,"column":6},"end":{"line":83,"column":44}},{"start":{},"end":{}}],"line":83},"4":{"loc":{"start":{"line":95,"column":6},"end":{"line":107,"column":7}},"type":"if","locations":[{"start":{"line":95,"column":6},"end":{"line":107,"column":7}},{"start":{"line":98,"column":13},"end":{"line":107,"column":7}}],"line":95},"5":{"loc":{"start":{"line":95,"column":10},"end":{"line":95,"column":34}},"type":"binary-expr","locations":[{"start":{"line":95,"column":10},"end":{"line":95,"column":20}},{"start":{"line":95,"column":24},"end":{"line":95,"column":34}}],"line":95},"6":{"loc":{"start":{"line":98,"column":13},"end":{"line":107,"column":7}},"type":"if","locations":[{"start":{"line":98,"column":13},"end":{"line":107,"column":7}},{"start":{"line":101,"column":13},"end":{"line":107,"column":7}}],"line":98},"7":{"loc":{"start":{"line":98,"column":17},"end":{"line":98,"column":49}},"type":"binary-expr","locations":[{"start":{"line":98,"column":17},"end":{"line":98,"column":31}},{"start":{"line":98,"column":35},"end":{"line":98,"column":49}}],"line":98},"8":{"loc":{"start":{"line":101,"column":13},"end":{"line":107,"column":7}},"type":"if","locations":[{"start":{"line":101,"column":13},"end":{"line":107,"column":7}},{"start":{"line":104,"column":13},"end":{"line":107,"column":7}}],"line":101},"9":{"loc":{"start":{"line":101,"column":17},"end":{"line":101,"column":45}},"type":"binary-expr","locations":[{"start":{"line":101,"column":17},"end":{"line":101,"column":29}},{"start":{"line":101,"column":33},"end":{"line":101,"column":45}}],"line":101},"10":{"loc":{"start":{"line":120,"column":8},"end":{"line":123,"column":9}},"type":"if","locations":[{"start":{"line":120,"column":8},"end":{"line":123,"column":9}},{"start":{},"end":{}}],"line":120},"11":{"loc":{"start":{"line":122,"column":26},"end":{"line":122,"column":76}},"type":"binary-expr","locations":[{"start":{"line":122,"column":26},"end":{"line":122,"column":43}},{"start":{"line":122,"column":47},"end":{"line":122,"column":76}}],"line":122},"12":{"loc":{"start":{"line":126,"column":8},"end":{"line":131,"column":9}},"type":"if","locations":[{"start":{"line":126,"column":8},"end":{"line":131,"column":9}},{"start":{},"end":{}}],"line":126},"13":{"loc":{"start":{"line":133,"column":8},"end":{"line":135,"column":9}},"type":"if","locations":[{"start":{"line":133,"column":8},"end":{"line":135,"column":9}},{"start":{},"end":{}}],"line":133},"14":{"loc":{"start":{"line":133,"column":12},"end":{"line":133,"column":58}},"type":"binary-expr","locations":[{"start":{"line":133,"column":12},"end":{"line":133,"column":33}},{"start":{"line":133,"column":37},"end":{"line":133,"column":58}}],"line":133},"15":{"loc":{"start":{"line":182,"column":8},"end":{"line":186,"column":9}},"type":"if","locations":[{"start":{"line":182,"column":8},"end":{"line":186,"column":9}},{"start":{},"end":{}}],"line":182},"16":{"loc":{"start":{"line":204,"column":6},"end":{"line":231,"column":7}},"type":"if","locations":[{"start":{"line":204,"column":6},"end":{"line":231,"column":7}},{"start":{"line":229,"column":13},"end":{"line":231,"column":7}}],"line":204},"17":{"loc":{"start":{"line":204,"column":10},"end":{"line":204,"column":66}},"type":"binary-expr","locations":[{"start":{"line":204,"column":10},"end":{"line":204,"column":22}},{"start":{"line":204,"column":26},"end":{"line":204,"column":43}},{"start":{"line":204,"column":47},"end":{"line":204,"column":66}}],"line":204},"18":{"loc":{"start":{"line":207,"column":8},"end":{"line":209,"column":9}},"type":"if","locations":[{"start":{"line":207,"column":8},"end":{"line":209,"column":9}},{"start":{},"end":{}}],"line":207},"19":{"loc":{"start":{"line":211,"column":10},"end":{"line":213,"column":11}},"type":"if","locations":[{"start":{"line":211,"column":10},"end":{"line":213,"column":11}},{"start":{},"end":{}}],"line":211},"20":{"loc":{"start":{"line":215,"column":12},"end":{"line":215,"column":41}},"type":"if","locations":[{"start":{"line":215,"column":12},"end":{"line":215,"column":41}},{"start":{},"end":{}}],"line":215},"21":{"loc":{"start":{"line":217,"column":12},"end":{"line":226,"column":13}},"type":"if","locations":[{"start":{"line":217,"column":12},"end":{"line":226,"column":13}},{"start":{"line":223,"column":19},"end":{"line":226,"column":13}}],"line":217},"22":{"loc":{"start":{"line":217,"column":16},"end":{"line":217,"column":74}},"type":"binary-expr","locations":[{"start":{"line":217,"column":16},"end":{"line":217,"column":43}},{"start":{"line":217,"column":47},"end":{"line":217,"column":74}}],"line":217},"23":{"loc":{"start":{"line":234,"column":6},"end":{"line":295,"column":7}},"type":"if","locations":[{"start":{"line":234,"column":6},"end":{"line":295,"column":7}},{"start":{"line":293,"column":13},"end":{"line":295,"column":7}}],"line":234},"24":{"loc":{"start":{"line":234,"column":10},"end":{"line":234,"column":54}},"type":"binary-expr","locations":[{"start":{"line":234,"column":10},"end":{"line":234,"column":18}},{"start":{"line":234,"column":22},"end":{"line":234,"column":35}},{"start":{"line":234,"column":39},"end":{"line":234,"column":54}}],"line":234},"25":{"loc":{"start":{"line":235,"column":8},"end":{"line":278,"column":9}},"type":"if","locations":[{"start":{"line":235,"column":8},"end":{"line":278,"column":9}},{"start":{"line":265,"column":15},"end":{"line":278,"column":9}}],"line":235},"26":{"loc":{"start":{"line":235,"column":12},"end":{"line":235,"column":59}},"type":"binary-expr","locations":[{"start":{"line":235,"column":12},"end":{"line":235,"column":45}},{"start":{"line":235,"column":49},"end":{"line":235,"column":59}}],"line":235},"27":{"loc":{"start":{"line":280,"column":10},"end":{"line":284,"column":11}},"type":"if","locations":[{"start":{"line":280,"column":10},"end":{"line":284,"column":11}},{"start":{"line":282,"column":17},"end":{"line":284,"column":11}}],"line":280},"28":{"loc":{"start":{"line":280,"column":14},"end":{"line":280,"column":83}},"type":"binary-expr","locations":[{"start":{"line":280,"column":14},"end":{"line":280,"column":47}},{"start":{"line":280,"column":51},"end":{"line":280,"column":83}}],"line":280},"29":{"loc":{"start":{"line":282,"column":17},"end":{"line":284,"column":11}},"type":"if","locations":[{"start":{"line":282,"column":17},"end":{"line":284,"column":11}},{"start":{},"end":{}}],"line":282},"30":{"loc":{"start":{"line":282,"column":21},"end":{"line":282,"column":90}},"type":"binary-expr","locations":[{"start":{"line":282,"column":21},"end":{"line":282,"column":54}},{"start":{"line":282,"column":58},"end":{"line":282,"column":90}}],"line":282},"31":{"loc":{"start":{"line":285,"column":10},"end":{"line":291,"column":11}},"type":"if","locations":[{"start":{"line":285,"column":10},"end":{"line":291,"column":11}},{"start":{},"end":{}}],"line":285},"32":{"loc":{"start":{"line":339,"column":6},"end":{"line":352,"column":7}},"type":"if","locations":[{"start":{"line":339,"column":6},"end":{"line":352,"column":7}},{"start":{"line":349,"column":13},"end":{"line":352,"column":7}}],"line":339},"33":{"loc":{"start":{"line":339,"column":10},"end":{"line":339,"column":104}},"type":"binary-expr","locations":[{"start":{"line":339,"column":10},"end":{"line":339,"column":34}},{"start":{"line":339,"column":38},"end":{"line":339,"column":69}},{"start":{"line":339,"column":73},"end":{"line":339,"column":104}}],"line":339},"34":{"loc":{"start":{"line":360,"column":28},"end":{"line":360,"column":143}},"type":"cond-expr","locations":[{"start":{"line":360,"column":38},"end":{"line":360,"column":89}},{"start":{"line":360,"column":92},"end":{"line":360,"column":143}}],"line":360},"35":{"loc":{"start":{"line":380,"column":8},"end":{"line":386,"column":9}},"type":"if","locations":[{"start":{"line":380,"column":8},"end":{"line":386,"column":9}},{"start":{"line":383,"column":15},"end":{"line":386,"column":9}}],"line":380},"36":{"loc":{"start":{"line":403,"column":8},"end":{"line":406,"column":9}},"type":"if","locations":[{"start":{"line":403,"column":8},"end":{"line":406,"column":9}},{"start":{},"end":{}}],"line":403},"37":{"loc":{"start":{"line":407,"column":8},"end":{"line":410,"column":9}},"type":"if","locations":[{"start":{"line":407,"column":8},"end":{"line":410,"column":9}},{"start":{},"end":{}}],"line":407},"38":{"loc":{"start":{"line":440,"column":8},"end":{"line":442,"column":9}},"type":"if","locations":[{"start":{"line":440,"column":8},"end":{"line":442,"column":9}},{"start":{},"end":{}}],"line":440},"39":{"loc":{"start":{"line":440,"column":12},"end":{"line":440,"column":114}},"type":"binary-expr","locations":[{"start":{"line":440,"column":12},"end":{"line":440,"column":32}},{"start":{"line":440,"column":36},"end":{"line":440,"column":69}},{"start":{"line":440,"column":73},"end":{"line":440,"column":114}}],"line":440},"40":{"loc":{"start":{"line":449,"column":8},"end":{"line":451,"column":9}},"type":"if","locations":[{"start":{"line":449,"column":8},"end":{"line":451,"column":9}},{"start":{},"end":{}}],"line":449},"41":{"loc":{"start":{"line":462,"column":22},"end":{"line":462,"column":77}},"type":"cond-expr","locations":[{"start":{"line":462,"column":56},"end":{"line":462,"column":58}},{"start":{"line":462,"column":61},"end":{"line":462,"column":77}}],"line":462},"42":{"loc":{"start":{"line":462,"column":22},"end":{"line":462,"column":53}},"type":"binary-expr","locations":[{"start":{"line":462,"column":22},"end":{"line":462,"column":33}},{"start":{"line":462,"column":37},"end":{"line":462,"column":53}}],"line":462},"43":{"loc":{"start":{"line":463,"column":22},"end":{"line":463,"column":77}},"type":"cond-expr","locations":[{"start":{"line":463,"column":56},"end":{"line":463,"column":58}},{"start":{"line":463,"column":61},"end":{"line":463,"column":77}}],"line":463},"44":{"loc":{"start":{"line":463,"column":22},"end":{"line":463,"column":53}},"type":"binary-expr","locations":[{"start":{"line":463,"column":22},"end":{"line":463,"column":33}},{"start":{"line":463,"column":37},"end":{"line":463,"column":53}}],"line":463},"45":{"loc":{"start":{"line":464,"column":22},"end":{"line":464,"column":77}},"type":"cond-expr","locations":[{"start":{"line":464,"column":56},"end":{"line":464,"column":58}},{"start":{"line":464,"column":61},"end":{"line":464,"column":77}}],"line":464},"46":{"loc":{"start":{"line":464,"column":22},"end":{"line":464,"column":53}},"type":"binary-expr","locations":[{"start":{"line":464,"column":22},"end":{"line":464,"column":33}},{"start":{"line":464,"column":37},"end":{"line":464,"column":53}}],"line":464},"47":{"loc":{"start":{"line":465,"column":22},"end":{"line":465,"column":77}},"type":"cond-expr","locations":[{"start":{"line":465,"column":56},"end":{"line":465,"column":58}},{"start":{"line":465,"column":61},"end":{"line":465,"column":77}}],"line":465},"48":{"loc":{"start":{"line":465,"column":22},"end":{"line":465,"column":53}},"type":"binary-expr","locations":[{"start":{"line":465,"column":22},"end":{"line":465,"column":33}},{"start":{"line":465,"column":37},"end":{"line":465,"column":53}}],"line":465},"49":{"loc":{"start":{"line":468,"column":8},"end":{"line":471,"column":9}},"type":"if","locations":[{"start":{"line":468,"column":8},"end":{"line":471,"column":9}},{"start":{},"end":{}}],"line":468},"50":{"loc":{"start":{"line":468,"column":12},"end":{"line":468,"column":156}},"type":"binary-expr","locations":[{"start":{"line":468,"column":13},"end":{"line":468,"column":24}},{"start":{"line":468,"column":28},"end":{"line":468,"column":44}},{"start":{"line":468,"column":50},"end":{"line":468,"column":61}},{"start":{"line":468,"column":65},"end":{"line":468,"column":81}},{"start":{"line":468,"column":87},"end":{"line":468,"column":98}},{"start":{"line":468,"column":102},"end":{"line":468,"column":118}},{"start":{"line":468,"column":124},"end":{"line":468,"column":135}},{"start":{"line":468,"column":139},"end":{"line":468,"column":155}}],"line":468},"51":{"loc":{"start":{"line":474,"column":8},"end":{"line":477,"column":9}},"type":"if","locations":[{"start":{"line":474,"column":8},"end":{"line":477,"column":9}},{"start":{},"end":{}}],"line":474},"52":{"loc":{"start":{"line":474,"column":12},"end":{"line":474,"column":104}},"type":"binary-expr","locations":[{"start":{"line":474,"column":12},"end":{"line":474,"column":23}},{"start":{"line":474,"column":27},"end":{"line":474,"column":38}},{"start":{"line":474,"column":42},"end":{"line":474,"column":56}},{"start":{"line":474,"column":60},"end":{"line":474,"column":71}},{"start":{"line":474,"column":75},"end":{"line":474,"column":86}},{"start":{"line":474,"column":90},"end":{"line":474,"column":104}}],"line":474},"53":{"loc":{"start":{"line":502,"column":10},"end":{"line":505,"column":11}},"type":"if","locations":[{"start":{"line":502,"column":10},"end":{"line":505,"column":11}},{"start":{},"end":{}}],"line":502},"54":{"loc":{"start":{"line":504,"column":28},"end":{"line":504,"column":76}},"type":"binary-expr","locations":[{"start":{"line":504,"column":28},"end":{"line":504,"column":43}},{"start":{"line":504,"column":47},"end":{"line":504,"column":76}}],"line":504},"55":{"loc":{"start":{"line":529,"column":86},"end":{"line":529,"column":108}},"type":"default-arg","locations":[{"start":{"line":529,"column":103},"end":{"line":529,"column":108}}],"line":529},"56":{"loc":{"start":{"line":559,"column":8},"end":{"line":561,"column":9}},"type":"if","locations":[{"start":{"line":559,"column":8},"end":{"line":561,"column":9}},{"start":{},"end":{}}],"line":559},"57":{"loc":{"start":{"line":581,"column":6},"end":{"line":600,"column":7}},"type":"if","locations":[{"start":{"line":581,"column":6},"end":{"line":600,"column":7}},{"start":{"line":598,"column":13},"end":{"line":600,"column":7}}],"line":581},"58":{"loc":{"start":{"line":586,"column":8},"end":{"line":586,"column":82}},"type":"if","locations":[{"start":{"line":586,"column":8},"end":{"line":586,"column":82}},{"start":{},"end":{}}],"line":586},"59":{"loc":{"start":{"line":587,"column":8},"end":{"line":587,"column":58}},"type":"if","locations":[{"start":{"line":587,"column":8},"end":{"line":587,"column":58}},{"start":{},"end":{}}],"line":587},"60":{"loc":{"start":{"line":591,"column":10},"end":{"line":591,"column":80}},"type":"if","locations":[{"start":{"line":591,"column":10},"end":{"line":591,"column":80}},{"start":{},"end":{}}],"line":591},"61":{"loc":{"start":{"line":592,"column":10},"end":{"line":592,"column":56}},"type":"if","locations":[{"start":{"line":592,"column":10},"end":{"line":592,"column":56}},{"start":{},"end":{}}],"line":592},"62":{"loc":{"start":{"line":784,"column":16},"end":{"line":784,"column":78}},"type":"binary-expr","locations":[{"start":{"line":784,"column":16},"end":{"line":784,"column":41}},{"start":{"line":784,"column":45},"end":{"line":784,"column":78}}],"line":784},"63":{"loc":{"start":{"line":788,"column":27},"end":{"line":788,"column":85}},"type":"binary-expr","locations":[{"start":{"line":788,"column":27},"end":{"line":788,"column":36}},{"start":{"line":788,"column":41},"end":{"line":788,"column":84}}],"line":788},"64":{"loc":{"start":{"line":790,"column":13},"end":{"line":790,"column":78}},"type":"binary-expr","locations":[{"start":{"line":790,"column":13},"end":{"line":790,"column":22}},{"start":{"line":790,"column":27},"end":{"line":790,"column":77}}],"line":790},"65":{"loc":{"start":{"line":793,"column":27},"end":{"line":793,"column":85}},"type":"binary-expr","locations":[{"start":{"line":793,"column":27},"end":{"line":793,"column":36}},{"start":{"line":793,"column":41},"end":{"line":793,"column":84}}],"line":793},"66":{"loc":{"start":{"line":795,"column":13},"end":{"line":795,"column":78}},"type":"binary-expr","locations":[{"start":{"line":795,"column":13},"end":{"line":795,"column":22}},{"start":{"line":795,"column":27},"end":{"line":795,"column":77}}],"line":795},"67":{"loc":{"start":{"line":798,"column":27},"end":{"line":798,"column":102}},"type":"binary-expr","locations":[{"start":{"line":798,"column":27},"end":{"line":798,"column":36}},{"start":{"line":798,"column":41},"end":{"line":798,"column":101}}],"line":798},"68":{"loc":{"start":{"line":804,"column":13},"end":{"line":804,"column":78}},"type":"binary-expr","locations":[{"start":{"line":804,"column":13},"end":{"line":804,"column":22}},{"start":{"line":804,"column":27},"end":{"line":804,"column":77}}],"line":804},"69":{"loc":{"start":{"line":806,"column":13},"end":{"line":806,"column":98}},"type":"binary-expr","locations":[{"start":{"line":806,"column":13},"end":{"line":806,"column":22}},{"start":{"line":806,"column":27},"end":{"line":806,"column":97}}],"line":806},"70":{"loc":{"start":{"line":806,"column":52},"end":{"line":806,"column":97}},"type":"binary-expr","locations":[{"start":{"line":806,"column":52},"end":{"line":806,"column":68}},{"start":{"line":806,"column":72},"end":{"line":806,"column":97}}],"line":806},"71":{"loc":{"start":{"line":807,"column":82},"end":{"line":807,"column":280}},"type":"cond-expr","locations":[{"start":{"line":807,"column":103},"end":{"line":807,"column":234}},{"start":{"line":807,"column":238},"end":{"line":807,"column":280}}],"line":807},"72":{"loc":{"start":{"line":807,"column":282},"end":{"line":864,"column":92}},"type":"cond-expr","locations":[{"start":{"line":807,"column":305},"end":{"line":864,"column":46}},{"start":{"line":864,"column":50},"end":{"line":864,"column":92}}],"line":807},"73":{"loc":{"start":{"line":809,"column":13},"end":{"line":809,"column":71}},"type":"binary-expr","locations":[{"start":{"line":809,"column":13},"end":{"line":809,"column":22}},{"start":{"line":809,"column":27},"end":{"line":809,"column":70}}],"line":809},"74":{"loc":{"start":{"line":812,"column":27},"end":{"line":812,"column":93}},"type":"binary-expr","locations":[{"start":{"line":812,"column":27},"end":{"line":812,"column":36}},{"start":{"line":812,"column":41},"end":{"line":812,"column":92}}],"line":812},"75":{"loc":{"start":{"line":813,"column":14},"end":{"line":813,"column":115}},"type":"binary-expr","locations":[{"start":{"line":813,"column":14},"end":{"line":813,"column":23}},{"start":{"line":813,"column":28},"end":{"line":813,"column":114}}],"line":813},"76":{"loc":{"start":{"line":822,"column":27},"end":{"line":822,"column":95}},"type":"binary-expr","locations":[{"start":{"line":822,"column":27},"end":{"line":822,"column":37}},{"start":{"line":822,"column":42},"end":{"line":822,"column":94}}],"line":822},"77":{"loc":{"start":{"line":823,"column":14},"end":{"line":823,"column":117}},"type":"binary-expr","locations":[{"start":{"line":823,"column":14},"end":{"line":823,"column":24}},{"start":{"line":823,"column":29},"end":{"line":823,"column":116}}],"line":823},"78":{"loc":{"start":{"line":830,"column":209},"end":{"line":830,"column":415}},"type":"cond-expr","locations":[{"start":{"line":830,"column":234},"end":{"line":830,"column":369}},{"start":{"line":830,"column":373},"end":{"line":830,"column":415}}],"line":830},"79":{"loc":{"start":{"line":831,"column":27},"end":{"line":831,"column":93}},"type":"binary-expr","locations":[{"start":{"line":831,"column":27},"end":{"line":831,"column":37}},{"start":{"line":831,"column":42},"end":{"line":831,"column":92}}],"line":831},"80":{"loc":{"start":{"line":838,"column":27},"end":{"line":838,"column":93}},"type":"binary-expr","locations":[{"start":{"line":838,"column":27},"end":{"line":838,"column":37}},{"start":{"line":838,"column":42},"end":{"line":838,"column":92}}],"line":838},"81":{"loc":{"start":{"line":845,"column":27},"end":{"line":845,"column":93}},"type":"binary-expr","locations":[{"start":{"line":845,"column":27},"end":{"line":845,"column":37}},{"start":{"line":845,"column":42},"end":{"line":845,"column":92}}],"line":845},"82":{"loc":{"start":{"line":852,"column":27},"end":{"line":852,"column":93}},"type":"binary-expr","locations":[{"start":{"line":852,"column":27},"end":{"line":852,"column":37}},{"start":{"line":852,"column":42},"end":{"line":852,"column":92}}],"line":852},"83":{"loc":{"start":{"line":860,"column":27},"end":{"line":860,"column":102}},"type":"binary-expr","locations":[{"start":{"line":860,"column":27},"end":{"line":860,"column":37}},{"start":{"line":860,"column":42},"end":{"line":860,"column":101}}],"line":860},"84":{"loc":{"start":{"line":863,"column":13},"end":{"line":863,"column":108}},"type":"binary-expr","locations":[{"start":{"line":863,"column":13},"end":{"line":863,"column":23}},{"start":{"line":863,"column":28},"end":{"line":863,"column":107}}],"line":863},"85":{"loc":{"start":{"line":863,"column":54},"end":{"line":863,"column":107}},"type":"binary-expr","locations":[{"start":{"line":863,"column":54},"end":{"line":863,"column":74}},{"start":{"line":863,"column":78},"end":{"line":863,"column":107}}],"line":863},"86":{"loc":{"start":{"line":864,"column":94},"end":{"line":871,"column":63}},"type":"cond-expr","locations":[{"start":{"line":864,"column":119},"end":{"line":871,"column":17}},{"start":{"line":871,"column":21},"end":{"line":871,"column":63}}],"line":864},"87":{"loc":{"start":{"line":867,"column":13},"end":{"line":867,"column":116}},"type":"binary-expr","locations":[{"start":{"line":867,"column":13},"end":{"line":867,"column":23}},{"start":{"line":867,"column":28},"end":{"line":867,"column":115}}],"line":867},"88":{"loc":{"start":{"line":870,"column":13},"end":{"line":870,"column":81}},"type":"binary-expr","locations":[{"start":{"line":870,"column":13},"end":{"line":870,"column":23}},{"start":{"line":870,"column":28},"end":{"line":870,"column":80}}],"line":870},"89":{"loc":{"start":{"line":871,"column":123},"end":{"line":878,"column":52}},"type":"cond-expr","locations":[{"start":{"line":871,"column":146},"end":{"line":878,"column":6}},{"start":{"line":878,"column":10},"end":{"line":878,"column":52}}],"line":871},"90":{"loc":{"start":{"line":874,"column":13},"end":{"line":874,"column":112}},"type":"binary-expr","locations":[{"start":{"line":874,"column":13},"end":{"line":874,"column":23}},{"start":{"line":874,"column":28},"end":{"line":874,"column":111}}],"line":874},"91":{"loc":{"start":{"line":874,"column":54},"end":{"line":874,"column":111}},"type":"binary-expr","locations":[{"start":{"line":874,"column":54},"end":{"line":874,"column":76}},{"start":{"line":874,"column":80},"end":{"line":874,"column":111}}],"line":874},"92":{"loc":{"start":{"line":878,"column":54},"end":{"line":884,"column":63}},"type":"cond-expr","locations":[{"start":{"line":878,"column":72},"end":{"line":884,"column":17}},{"start":{"line":884,"column":21},"end":{"line":884,"column":63}}],"line":878},"93":{"loc":{"start":{"line":881,"column":13},"end":{"line":881,"column":109}},"type":"binary-expr","locations":[{"start":{"line":881,"column":13},"end":{"line":881,"column":23}},{"start":{"line":881,"column":28},"end":{"line":881,"column":108}}],"line":881},"94":{"loc":{"start":{"line":883,"column":13},"end":{"line":883,"column":74}},"type":"binary-expr","locations":[{"start":{"line":883,"column":13},"end":{"line":883,"column":23}},{"start":{"line":883,"column":28},"end":{"line":883,"column":73}}],"line":883}},"s":{"0":1,"1":1,"2":1,"3":1,"4":1,"5":1,"6":1,"7":1,"8":1,"9":1,"10":1,"11":1,"12":31,"13":31,"14":37,"15":2,"16":1,"17":1,"18":1,"19":1,"20":1,"21":1,"22":1,"23":1,"24":1,"25":1,"26":0,"27":1,"28":0,"29":0,"30":0,"31":0,"32":7,"33":7,"34":7,"35":7,"36":0,"37":0,"38":7,"39":0,"40":0,"41":7,"42":4,"43":4,"44":3,"45":3,"46":4,"47":4,"48":4,"49":4,"50":4,"51":0,"52":3,"53":1,"54":1,"55":2,"56":2,"57":2,"58":0,"59":0,"60":0,"61":0,"62":2,"63":1,"64":1,"65":1,"66":1,"67":1,"68":1,"69":1,"70":0,"71":0,"72":0,"73":0,"74":0,"75":0,"76":4,"77":4,"78":4,"79":4,"80":1,"81":1,"82":0,"83":0,"84":0,"85":0,"86":0,"87":0,"88":0,"89":0,"90":0,"91":0,"92":0,"93":0,"94":0,"95":0,"96":0,"97":0,"98":0,"99":3,"100":3,"101":0,"102":0,"103":0,"104":0,"105":0,"106":0,"107":0,"108":0,"109":0,"110":0,"111":0,"112":0,"113":0,"114":0,"115":0,"116":0,"117":0,"118":0,"119":3,"120":3,"121":0,"122":0,"123":0,"124":0,"125":0,"126":0,"127":0,"128":0,"129":0,"130":0,"131":3,"132":0,"133":0,"134":0,"135":0,"136":0,"137":0,"138":0,"139":0,"140":0,"141":0,"142":0,"143":0,"144":0,"145":0,"146":0,"147":0,"148":0,"149":0,"150":0,"151":0,"152":0,"153":0,"154":0,"155":0,"156":3,"157":3,"158":3,"159":3,"160":3,"161":3,"162":3,"163":3,"164":3,"165":3,"166":2,"167":9,"168":2,"169":9,"170":1,"171":3,"172":1,"173":3,"174":3,"175":3,"176":1,"177":1,"178":3,"179":2,"180":2,"181":3,"182":3,"183":3,"184":3,"185":3,"186":0,"187":3,"188":0,"189":0,"190":0,"191":0,"192":0,"193":0,"194":2,"195":2,"196":2,"197":0,"198":2,"199":2,"200":2,"201":0,"202":2,"203":2,"204":2,"205":2,"206":2,"207":2,"208":0,"209":0,"210":2,"211":2,"212":2,"213":0,"214":0,"215":0,"216":0,"217":0,"218":0,"219":0,"220":0,"221":0,"222":0,"223":0,"224":0,"225":0,"226":0,"227":0,"228":0,"229":0,"230":0,"231":0,"232":2,"233":2,"234":2,"235":2,"236":0,"237":0,"238":0,"239":0,"240":0,"241":0,"242":0,"243":0,"244":0,"245":0,"246":0,"247":0,"248":0,"249":0,"250":0,"251":0,"252":0,"253":0,"254":0,"255":0,"256":0,"257":0,"258":0,"259":0,"260":0,"261":0,"262":0,"263":0,"264":0,"265":0,"266":0,"267":0,"268":0,"269":0,"270":0,"271":0,"272":1,"273":1,"274":1,"275":1,"276":1,"277":1,"278":1,"279":1,"280":1,"281":1,"282":1,"283":1,"284":1,"285":1,"286":1,"287":1,"288":1,"289":1,"290":1,"291":1,"292":1,"293":1,"294":1,"295":1,"296":1,"297":1,"298":1,"299":1,"300":1,"301":1,"302":1,"303":1,"304":1,"305":1,"306":1,"307":1,"308":1,"309":1,"310":1,"311":1,"312":1,"313":1,"314":1,"315":1,"316":1,"317":1,"318":1,"319":1,"320":1,"321":1,"322":1,"323":1,"324":1,"325":1,"326":1,"327":1,"328":1,"329":1,"330":1,"331":1,"332":1,"333":1,"334":1,"335":1,"336":1,"337":1,"338":1,"339":67,"340":67,"341":1,"342":1,"343":1,"344":1,"345":1,"346":0,"347":1,"348":0,"349":1,"350":1,"351":134,"352":1,"353":1,"354":134,"355":1,"356":1,"357":1,"358":1,"359":0,"360":1,"361":0,"362":0,"363":1,"364":1,"365":0,"366":1},"f":{"0":31,"1":31,"2":37,"3":2,"4":1,"5":0,"6":7,"7":0,"8":0,"9":1,"10":3,"11":0,"12":0,"13":3,"14":0,"15":0,"16":0,"17":0,"18":0,"19":0,"20":0,"21":0,"22":0,"23":3,"24":3,"25":3,"26":9,"27":9,"28":3,"29":3,"30":3,"31":3,"32":3,"33":0,"34":3,"35":0,"36":0,"37":2,"38":0,"39":0,"40":0,"41":0,"42":0,"43":0,"44":0,"45":0,"46":0,"47":0,"48":0,"49":67,"50":1,"51":1,"52":1,"53":1,"54":1,"55":0,"56":1,"57":0,"58":1,"59":1,"60":134,"61":1,"62":1,"63":134,"64":1,"65":1,"66":1,"67":1,"68":0,"69":1,"70":0,"71":0,"72":1,"73":1,"74":0},"b":{"0":[31,0,0,31,31],"1":[37,37,37,37,37,31],"2":[0,1],"3":[0,1],"4":[0,7],"5":[7,0],"6":[0,7],"7":[7,0],"8":[4,3],"9":[7,4],"10":[1,2],"11":[1,0],"12":[0,2],"13":[1,1],"14":[2,1],"15":[0,0],"16":[0,3],"17":[3,0,0],"18":[0,0],"19":[0,0],"20":[0,0],"21":[0,0],"22":[0,0],"23":[0,3],"24":[3,3,0],"25":[0,0],"26":[0,0],"27":[0,0],"28":[0,0],"29":[0,0],"30":[0,0],"31":[0,0],"32":[0,0],"33":[0,0,0],"34":[2,1],"35":[2,1],"36":[1,2],"37":[2,1],"38":[0,2],"39":[2,2,2],"40":[0,2],"41":[2,0],"42":[2,2],"43":[2,0],"44":[2,2],"45":[1,1],"46":[2,1],"47":[1,1],"48":[2,1],"49":[0,2],"50":[2,2,0,0,0,0,0,0],"51":[2,0],"52":[2,2,2,0,0,0],"53":[0,0],"54":[0,0],"55":[0],"56":[0,0],"57":[0,0],"58":[0,0],"59":[0,0],"60":[0,0],"61":[0,0],"62":[67,10],"63":[67,31],"64":[67,31],"65":[67,31],"66":[67,31],"67":[67,31],"68":[67,31],"69":[67,31],"70":[1,1],"71":[10,57],"72":[67,0],"73":[67,31],"74":[67,31],"75":[67,31],"76":[67,31],"77":[67,31],"78":[2,65],"79":[67,31],"80":[67,31],"81":[67,31],"82":[67,31],"83":[67,31],"84":[67,31],"85":[1,1],"86":[0,67],"87":[0,0],"88":[0,0],"89":[67,0],"90":[67,31],"91":[1,1],"92":[2,65],"93":[2,2],"94":[2,2]},"inputSourceMap":{"0":"{","1":"\"","2":"v","3":"e","4":"r","5":"s","6":"i","7":"o","8":"n","9":"\"","10":":","11":"3","12":",","13":"\"","14":"s","15":"o","16":"u","17":"r","18":"c","19":"e","20":"s","21":"\"","22":":","23":"[","24":"\"","25":"C","26":":","27":"\\","28":"\\","29":"U","30":"s","31":"e","32":"r","33":"s","34":"\\","35":"\\","36":"n","37":"a","38":"t","39":"k","40":"a","41":"\\","42":"\\","43":"D","44":"e","45":"s","46":"k","47":"t","48":"o","49":"p","50":"\\","51":"\\","52":"נ","53":"ט","54":"ש","55":"ה","56":" ","57":"ל","58":"י","59":"מ","60":"ו","61":"ד","62":"י","63":"ם","64":"\\","65":"\\","66":"ש","67":"נ","68":"ה","69":" ","70":"א","71":"ח","72":"ר","73":"ו","74":"נ","75":"ה","76":"\\","77":"\\","78":"ס","79":"מ","80":"ס","81":"ט","82":"ר","83":" ","84":"א","85":"\\","86":"\\","87":"פ","88":"ר","89":"ו","90":"י","91":"ק","92":"ט","93":"\\","94":"\\","95":"f","96":"i","97":"n","98":"a","99":"l","100":"P","101":"r","102":"o","103":"j","104":"e","105":"c","106":"t","107":"\\","108":"\\","109":"f","110":"r","111":"o","112":"n","113":"t","114":"e","115":"n","116":"d","117":"\\","118":"\\","119":"s","120":"r","121":"c","122":"\\","123":"\\","124":"c","125":"o","126":"m","127":"p","128":"o","129":"n","130":"e","131":"n","132":"t","133":"s","134":"\\","135":"\\","136":"R","137":"u","138":"n","139":"Y","140":"a","141":"s","142":"s","143":".","144":"v","145":"u","146":"e","147":"\"","148":"]","149":",","150":"\"","151":"n","152":"a","153":"m","154":"e","155":"s","156":"\"","157":":","158":"[","159":"]","160":",","161":"\"","162":"m","163":"a","164":"p","165":"p","166":"i","167":"n","168":"g","169":"s","170":"\"","171":":","172":"\"","173":";","174":";","175":";","176":";","177":";","178":";","179":";","180":";","181":";","182":";","183":";","184":"A","185":"A","186":"6","187":"I","188":"A","189":";","190":"A","191":"A","192":"C","193":"A","194":";","195":"A","196":"A","197":"C","198":"A","199":";","200":"A","201":"A","202":"E","203":"A","204":";","205":"A","206":"A","207":"D","208":"A","209":";","210":"A","211":"A","212":"A","213":"A","214":",","215":"i","216":"C","217":"A","218":"G","219":"e","220":";","221":"E","222":"A","223":"C","224":"b","225":",","226":"I","227":"A","228":"A","229":"I","230":",","231":"E","232":"A","233":"A","234":"E","235":",","236":"a","237":"A","238":"A","239":"a","240":";","241":"E","242":"A","243":"C","244":"n","245":"B","246":",","247":"U","248":"A","249":"A","250":"U","251":",","252":"E","253":"A","254":"A","255":"E","256":";","257":"I","258":"A","259":"C","260":"V","261":",","262":"a","263":"A","264":"A","265":"a","266":",","267":"E","268":"A","269":"A","270":"b","271":";","272":"E","273":"A","274":"C","275":"F","276":",","277":"C","278":"A","279":"A","280":"C","281":";","282":"E","283":"A","284":"C","285":"D","286":",","287":"I","288":"A","289":"A","290":"I","291":",","292":"G","293":"A","294":"A","295":"G","296":";","297":"I","298":"A","299":"C","300":"L","301":",","302":"O","303":"A","304":"A","305":"O","306":";","307":"M","308":"A","309":"C","310":"L","311":",","312":"Y","313":"A","314":"A","315":"Y","316":",","317":"E","318":"A","319":"A","320":"E","321":",","322":"E","323":"A","324":"A","325":"E","326":";","327":"M","328":"A","329":"C","330":"h","331":"B","332":",","333":"g","334":"B","335":"A","336":"A","337":"g","338":"B","339":",","340":"E","341":"A","342":"A","343":"C","344":",","345":"E","346":"A","347":"A","348":"E","349":";","350":"M","351":"A","352":"C","353":"n","354":"B","355":",","356":"S","357":"A","358":"A","359":"S","360":",","361":"E","362":"A","363":"A","364":"E","365":",","366":"E","367":"A","368":"A","369":"E","370":";","371":"M","372":"A","373":"C","374":"b","375":",","376":"S","377":"A","378":"A","379":"S","380":",","381":"E","382":"A","383":"A","384":"E","385":",","386":"E","387":"A","388":"A","389":"E","390":";","391":"M","392":"A","393":"C","394":"b","395":",","396":"O","397":"A","398":"A","399":"O","400":",","401":"E","402":"A","403":"A","404":"E","405":",","406":"E","407":"A","408":"A","409":"E","410":";","411":"M","412":"A","413":"C","414":"X","415":",","416":"O","417":"A","418":"A","419":"O","420":",","421":"E","422":"A","423":"A","424":"E","425":",","426":"E","427":"A","428":"A","429":"E","430":";","431":"M","432":"A","433":"C","434":"X","435":",","436":"K","437":"A","438":"A","439":"K","440":",","441":"E","442":"A","443":"A","444":"E","445":",","446":"I","447":"A","448":"A","449":"I","450":";","451":"M","452":"A","453":"C","454":"X","455":",","456":"K","457":"A","458":"A","459":"K","460":",","461":"E","462":"A","463":"A","464":"E","465":",","466":"I","467":"A","468":"A","469":"I","470":";","471":"M","472":"A","473":"C","474":"X","475":",","476":"c","477":"A","478":"A","479":"c","480":",","481":"E","482":"A","483":"A","484":"E","485":",","486":"I","487":"A","488":"A","489":"I","490":";","491":"M","492":"A","493":"C","494":"p","495":"B","496":",","497":"e","498":"A","499":"A","500":"e","501":",","502":"E","503":"A","504":"A","505":"E","506":",","507":"I","508":"A","509":"A","510":"I","511":";","512":"M","513":"A","514":"C","515":"r","516":"B","517":",","518":"e","519":"A","520":"A","521":"e","522":",","523":"E","524":"A","525":"A","526":"E","527":",","528":"I","529":"A","530":"A","531":"I","532":";","533":"M","534":"A","535":"C","536":"r","537":"B","538":",","539":"a","540":"A","541":"A","542":"a","543":",","544":"E","545":"A","546":"A","547":"E","548":",","549":"I","550":"A","551":"A","552":"I","553":";","554":"M","555":"A","556":"C","557":"n","558":"B","559":",","560":"O","561":"A","562":"A","563":"O","564":",","565":"E","566":"A","567":"A","568":"E","569":",","570":"K","571":"A","572":"A","573":"K","574":";","575":"M","576":"A","577":"C","578":"d","579":",","580":"Q","581":"A","582":"A","583":"Q","584":",","585":"E","586":"A","587":"A","588":"E","589":",","590":"C","591":"A","592":"A","593":"C","594":";","595":"M","596":"A","597":"C","598":"X","599":",","600":"c","601":"A","602":"A","603":"c","604":",","605":"E","606":"A","607":"A","608":"E","609":",","610":"I","611":"A","612":"A","613":"I","614":";","615":"M","616":"A","617":"C","618":"p","619":"B","620":",","621":"U","622":"A","623":"A","624":"U","625":",","626":"E","627":"A","628":"A","629":"E","630":",","631":"E","632":"A","633":"A","634":"E","635":";","636":"M","637":"A","638":"C","639":"d","640":",","641":"S","642":"A","643":"A","644":"S","645":",","646":"E","647":"A","648":"A","649":"E","650":",","651":"K","652":"A","653":"A","654":"K","655":";","656":"M","657":"A","658":"C","659":"h","660":"B","661":",","662":"w","663":"B","664":"A","665":"A","666":"w","667":"B","668":",","669":"E","670":"A","671":"A","672":"E","673":",","674":"K","675":"A","676":"A","677":"K","678":";","679":"M","680":"A","681":"A","682":"G","683":";","684":"M","685":"A","686":"C","687":"l","688":"C","689":",","690":"a","691":"A","692":"A","693":"a","694":",","695":"E","696":"A","697":"A","698":"E","699":",","700":"I","701":"A","702":"A","703":"I","704":";","705":"M","706":"A","707":"C","708":"n","709":"B","710":",","711":"m","712":"B","713":"A","714":"A","715":"m","716":"B","717":",","718":"E","719":"A","720":"A","721":"E","722":",","723":"I","724":"A","725":"A","726":"I","727":";","728":"M","729":"A","730":"C","731":"z","732":"B","733":",","734":"0","735":"B","736":"A","737":"A","738":"0","739":"B","740":",","741":"E","742":"A","743":"A","744":"E","745":",","746":"I","747":"A","748":"A","749":"I","750":";","751":"M","752":"A","753":"C","754":"h","755":"C","756":",","757":"0","758":"B","759":"A","760":"A","761":"0","762":"B","763":",","764":"E","765":"A","766":"A","767":"E","768":",","769":"I","770":"A","771":"A","772":"I","773":";","774":"M","775":"A","776":"C","777":"h","778":"C","779":",","780":"U","781":"A","782":"A","783":"U","784":",","785":"E","786":"A","787":"A","788":"E","789":";","790":"Q","791":"A","792":"C","793":"V","794":",","795":"E","796":"A","797":"A","798":"E","799":",","800":"E","801":"A","802":"A","803":"E","804":",","805":"I","806":"A","807":"A","808":"I","809":";","810":"Q","811":"A","812":"C","813":"R","814":",","815":"E","816":"A","817":"A","818":"E","819":",","820":"E","821":"A","822":"A","823":"E","824":",","825":"I","826":"A","827":"A","828":"I","829":";","830":"Q","831":"A","832":"C","833":"R","834":",","835":"E","836":"A","837":"A","838":"E","839":",","840":"E","841":"A","842":"A","843":"E","844":",","845":"I","846":"A","847":"A","848":"I","849":";","850":"Q","851":"A","852":"C","853":"R","854":",","855":"E","856":"A","857":"A","858":"E","859":",","860":"E","861":"A","862":"A","863":"E","864":";","865":"M","866":"A","867":"C","868":"N","869":",","870":"C","871":"A","872":"A","873":"C","874":";","875":"M","876":"A","877":"C","878":"D","879":",","880":"W","881":"A","882":"A","883":"W","884":",","885":"E","886":"A","887":"A","888":"E","889":",","890":"K","891":"A","892":"A","893":"K","894":";","895":"M","896":"A","897":"C","898":"l","899":"B","900":",","901":"S","902":"A","903":"A","904":"S","905":",","906":"E","907":"A","908":"A","909":"E","910":",","911":"K","912":"A","913":"A","914":"K","915":";","916":"M","917":"A","918":"C","919":"h","920":"B","921":",","922":"s","923":"B","924":"A","925":"A","926":"s","927":"B","928":",","929":"E","930":"A","931":"A","932":"E","933":",","934":"K","935":"A","936":"A","937":"K","938":";","939":"M","940":"A","941":"A","942":"K","943":";","944":"M","945":"A","946":"C","947":"l","948":"C","949":",","950":"g","951":"B","952":"A","953":"A","954":"g","955":"B","956":",","957":"E","958":"A","959":"A","960":"E","961":",","962":"K","963":"A","964":"A","965":"K","966":",","967":"C","968":"A","969":"A","970":"E","971":";","972":"I","973":"A","974":"I","975":"3","976":"B","977":",","978":"C","979":"A","980":"A","981":"C","982":";","983":"E","984":"A","985":"C","986":"H","987":",","988":"C","989":"A","990":"A","991":"C","992":";","993":"E","994":"A","995":"C","996":"D","997":",","998":"O","999":"A","1000":"A","1001":"O","1002":",","1003":"G","1004":"A","1005":"A","1006":"G","1007":";","1008":"I","1009":"A","1010":"C","1011":"R","1012":",","1013":"I","1014":"A","1015":"A","1016":"I","1017":",","1018":"C","1019":"A","1020":"A","1021":"C","1022":",","1023":"a","1024":"A","1025":"A","1026":"a","1027":",","1028":"G","1029":"A","1030":"A","1031":"I","1032":",","1033":"I","1034":"A","1035":"A","1036":"I","1037":",","1038":"C","1039":"A","1040":"A","1041":"C","1042":",","1043":"M","1044":"A","1045":"A","1046":"M","1047":",","1048":"I","1049":"A","1050":"A","1051":"I","1052":",","1053":"I","1054":"A","1055":"A","1056":"I","1057":",","1058":"C","1059":"A","1060":"A","1061":"C","1062":",","1063":"M","1064":"A","1065":"A","1066":"M","1067":",","1068":"C","1069":"A","1070":"A","1071":"C","1072":",","1073":"M","1074":"A","1075":"A","1076":"M","1077":",","1078":"I","1079":"A","1080":"A","1081":"I","1082":",","1083":"I","1084":"A","1085":"A","1086":"I","1087":",","1088":"C","1089":"A","1090":
[...]
:"r","61802":"\\","61803":"n","61804":".","61805":"e","61806":"x","61807":"p","61808":"o","61809":"r","61810":"t","61811":"-","61812":"b","61813":"u","61814":"t","61815":"t","61816":"o","61817":"n","61818":" ","61819":"i","61820":"m","61821":"g","61822":" ","61823":"{","61824":"\\","61825":"r","61826":"\\","61827":"n","61828":" ","61829":" ","61830":"w","61831":"i","61832":"d","61833":"t","61834":"h","61835":":","61836":" ","61837":"5","61838":"0","61839":"p","61840":"x","61841":";","61842":"\\","61843":"r","61844":"\\","61845":"n","61846":" ","61847":" ","61848":"/","61849":"*","61850":" ","61851":"A","61852":"d","61853":"j","61854":"u","61855":"s","61856":"t","61857":" ","61858":"t","61859":"h","61860":"e","61861":" ","61862":"s","61863":"i","61864":"z","61865":"e","61866":" ","61867":"a","61868":"s","61869":" ","61870":"n","61871":"e","61872":"e","61873":"d","61874":"e","61875":"d","61876":" ","61877":"*","61878":"/","61879":"\\","61880":"r","61881":"\\","61882":"n","61883":" ","61884":" ","61885":"h","61886":"e","61887":"i","61888":"g","61889":"h","61890":"t","61891":":","61892":" ","61893":"a","61894":"u","61895":"t","61896":"o","61897":";","61898":"\\","61899":"r","61900":"\\","61901":"n","61902":"}","61903":"\\","61904":"r","61905":"\\","61906":"n","61907":"\\","61908":"r","61909":"\\","61910":"n","61911":"\\","61912":"r","61913":"\\","61914":"n","61915":"\\","61916":"r","61917":"\\","61918":"n","61919":"\\","61920":"r","61921":"\\","61922":"n","61923":".","61924":"z","61925":"o","61926":"o","61927":"m","61928":"-","61929":"i","61930":"n","61931":"p","61932":"u","61933":"t","61934":"s","61935":" ","61936":"{","61937":"\\","61938":"r","61939":"\\","61940":"n","61941":" ","61942":" ","61943":"d","61944":"i","61945":"s","61946":"p","61947":"l","61948":"a","61949":"y","61950":":","61951":" ","61952":"f","61953":"l","61954":"e","61955":"x","61956":";","61957":"\\","61958":"r","61959":"\\","61960":"n","61961":" ","61962":" ","61963":"f","61964":"l","61965":"e","61966":"x","61967":"-","61968":"d","61969":"i","61970":"r","61971":"e","61972":"c","61973":"t","61974":"i","61975":"o","61976":"n","61977":":","61978":" ","61979":"c","61980":"o","61981":"l","61982":"u","61983":"m","61984":"n","61985":";","61986":"\\","61987":"r","61988":"\\","61989":"n","61990":" ","61991":" ","61992":"g","61993":"a","61994":"p","61995":":","61996":" ","61997":"1","61998":"0","61999":"p","62000":"x","62001":";","62002":"\\","62003":"r","62004":"\\","62005":"n","62006":" ","62007":" ","62008":"/","62009":"*","62010":" ","62011":"A","62012":"d","62013":"d","62014":" ","62015":"s","62016":"p","62017":"a","62018":"c","62019":"e","62020":" ","62021":"b","62022":"e","62023":"t","62024":"w","62025":"e","62026":"e","62027":"n","62028":" ","62029":"t","62030":"h","62031":"e","62032":" ","62033":"i","62034":"n","62035":"p","62036":"u","62037":"t","62038":" ","62039":"g","62040":"r","62041":"o","62042":"u","62043":"p","62044":"s","62045":" ","62046":"*","62047":"/","62048":"\\","62049":"r","62050":"\\","62051":"n","62052":"}","62053":"\\","62054":"r","62055":"\\","62056":"n","62057":"\\","62058":"r","62059":"\\","62060":"n","62061":".","62062":"z","62063":"o","62064":"o","62065":"m","62066":"-","62067":"i","62068":"n","62069":"p","62070":"u","62071":"t","62072":"-","62073":"g","62074":"r","62075":"o","62076":"u","62077":"p","62078":" ","62079":"{","62080":"\\","62081":"r","62082":"\\","62083":"n","62084":" ","62085":" ","62086":"d","62087":"i","62088":"s","62089":"p","62090":"l","62091":"a","62092":"y","62093":":","62094":" ","62095":"f","62096":"l","62097":"e","62098":"x","62099":";","62100":"\\","62101":"r","62102":"\\","62103":"n","62104":" ","62105":" ","62106":"a","62107":"l","62108":"i","62109":"g","62110":"n","62111":"-","62112":"i","62113":"t","62114":"e","62115":"m","62116":"s","62117":":","62118":" ","62119":"c","62120":"e","62121":"n","62122":"t","62123":"e","62124":"r","62125":";","62126":"\\","62127":"r","62128":"\\","62129":"n","62130":" ","62131":" ","62132":"g","62133":"a","62134":"p","62135":":","62136":" ","62137":"1","62138":"0","62139":"p","62140":"x","62141":";","62142":"\\","62143":"r","62144":"\\","62145":"n","62146":" ","62147":" ","62148":"/","62149":"*","62150":" ","62151":"A","62152":"d","62153":"d","62154":" ","62155":"s","62156":"p","62157":"a","62158":"c","62159":"e","62160":" ","62161":"b","62162":"e","62163":"t","62164":"w","62165":"e","62166":"e","62167":"n","62168":" ","62169":"t","62170":"h","62171":"e","62172":" ","62173":"l","62174":"a","62175":"b","62176":"e","62177":"l","62178":" ","62179":"a","62180":"n","62181":"d","62182":" ","62183":"t","62184":"h","62185":"e","62186":" ","62187":"i","62188":"n","62189":"p","62190":"u","62191":"t","62192":" ","62193":"p","62194":"a","62195":"i","62196":"r","62197":" ","62198":"*","62199":"/","62200":"\\","62201":"r","62202":"\\","62203":"n","62204":"}","62205":"\\","62206":"r","62207":"\\","62208":"n","62209":"\\","62210":"r","62211":"\\","62212":"n","62213":".","62214":"z","62215":"o","62216":"o","62217":"m","62218":"-","62219":"i","62220":"n","62221":"p","62222":"u","62223":"t","62224":"-","62225":"p","62226":"a","62227":"i","62228":"r","62229":" ","62230":"{","62231":"\\","62232":"r","62233":"\\","62234":"n","62235":" ","62236":" ","62237":"d","62238":"i","62239":"s","62240":"p","62241":"l","62242":"a","62243":"y","62244":":","62245":" ","62246":"f","62247":"l","62248":"e","62249":"x","62250":";","62251":"\\","62252":"r","62253":"\\","62254":"n","62255":" ","62256":" ","62257":"g","62258":"a","62259":"p","62260":":","62261":" ","62262":"1","62263":"0","62264":"p","62265":"x","62266":";","62267":"\\","62268":"r","62269":"\\","62270":"n","62271":" ","62272":" ","62273":"/","62274":"*","62275":" ","62276":"A","62277":"d","62278":"d","62279":" ","62280":"s","62281":"p","62282":"a","62283":"c","62284":"e","62285":" ","62286":"b","62287":"e","62288":"t","62289":"w","62290":"e","62291":"e","62292":"n","62293":" ","62294":"t","62295":"h","62296":"e","62297":" ","62298":"s","62299":"t","62300":"a","62301":"r","62302":"t","62303":" ","62304":"a","62305":"n","62306":"d","62307":" ","62308":"e","62309":"n","62310":"d","62311":" ","62312":"i","62313":"n","62314":"p","62315":"u","62316":"t","62317":"s","62318":" ","62319":"*","62320":"/","62321":"\\","62322":"r","62323":"\\","62324":"n","62325":"}","62326":"\\","62327":"r","62328":"\\","62329":"n","62330":".","62331":"i","62332":"n","62333":"f","62334":"o","62335":"-","62336":"i","62337":"c","62338":"o","62339":"n","62340":"1","62341":" ","62342":"{","62343":"\\","62344":"r","62345":"\\","62346":"n","62347":" ","62348":" ","62349":"d","62350":"i","62351":"s","62352":"p","62353":"l","62354":"a","62355":"y","62356":":","62357":" ","62358":"i","62359":"n","62360":"l","62361":"i","62362":"n","62363":"e","62364":"-","62365":"b","62366":"l","62367":"o","62368":"c","62369":"k","62370":";","62371":"\\","62372":"r","62373":"\\","62374":"n","62375":" ","62376":" ","62377":"m","62378":"a","62379":"r","62380":"g","62381":"i","62382":"n","62383":"-","62384":"l","62385":"e","62386":"f","62387":"t","62388":":","62389":" ","62390":"1","62391":"0","62392":"p","62393":"x","62394":";","62395":"\\","62396":"r","62397":"\\","62398":"n","62399":" ","62400":" ","62401":"w","62402":"i","62403":"d","62404":"t","62405":"h","62406":":","62407":" ","62408":"2","62409":"0","62410":"p","62411":"x","62412":";","62413":"\\","62414":"r","62415":"\\","62416":"n","62417":" ","62418":" ","62419":"h","62420":"e","62421":"i","62422":"g","62423":"h","62424":"t","62425":":","62426":" ","62427":"2","62428":"0","62429":"p","62430":"x","62431":";","62432":"\\","62433":"r","62434":"\\","62435":"n","62436":" ","62437":" ","62438":"b","62439":"a","62440":"c","62441":"k","62442":"g","62443":"r","62444":"o","62445":"u","62446":"n","62447":"d","62448":"-","62449":"c","62450":"o","62451":"l","62452":"o","62453":"r","62454":":","62455":" ","62456":"#","62457":"5","62458":"c","62459":"7","62460":"1","62461":"5","62462":"d","62463":";","62464":"\\","62465":"r","62466":"\\","62467":"n","62468":" ","62469":" ","62470":"c","62471":"o","62472":"l","62473":"o","62474":"r","62475":":","62476":" ","62477":"w","62478":"h","62479":"i","62480":"t","62481":"e","62482":";","62483":"\\","62484":"r","62485":"\\","62486":"n","62487":" ","62488":" ","62489":"b","62490":"o","62491":"r","62492":"d","62493":"e","62494":"r","62495":"-","62496":"r","62497":"a","62498":"d","62499":"i","62500":"u","62501":"s","62502":":","62503":" ","62504":"5","62505":"0","62506":"%","62507":";","62508":"\\","62509":"r","62510":"\\","62511":"n","62512":" ","62513":" ","62514":"t","62515":"e","62516":"x","62517":"t","62518":"-","62519":"a","62520":"l","62521":"i","62522":"g","62523":"n","62524":":","62525":" ","62526":"c","62527":"e","62528":"n","62529":"t","62530":"e","62531":"r","62532":";","62533":"\\","62534":"r","62535":"\\","62536":"n","62537":" ","62538":" ","62539":"l","62540":"i","62541":"n","62542":"e","62543":"-","62544":"h","62545":"e","62546":"i","62547":"g","62548":"h","62549":"t","62550":":","62551":" ","62552":"2","62553":"0","62554":"p","62555":"x","62556":";","62557":"\\","62558":"r","62559":"\\","62560":"n","62561":" ","62562":" ","62563":"c","62564":"u","62565":"r","62566":"s","62567":"o","62568":"r","62569":":","62570":" ","62571":"p","62572":"o","62573":"i","62574":"n","62575":"t","62576":"e","62577":"r","62578":";","62579":"\\","62580":"r","62581":"\\","62582":"n","62583":"}","62584":"\\","62585":"r","62586":"\\","62587":"n","62588":"\\","62589":"r","62590":"\\","62591":"n","62592":".","62593":"z","62594":"o","62595":"o","62596":"m","62597":"-","62598":"i","62599":"n","62600":"p","62601":"u","62602":"t","62603":" ","62604":"{","62605":"\\","62606":"r","62607":"\\","62608":"n","62609":" ","62610":" ","62611":"b","62612":"a","62613":"c","62614":"k","62615":"g","62616":"r","62617":"o","62618":"u","62619":"n","62620":"d","62621":"-","62622":"c","62623":"o","62624":"l","62625":"o","62626":"r","62627":":","62628":" ","62629":"#","62630":"c","62631":"3","62632":"c","62633":"3","62634":"c","62635":"3","62636":";","62637":"\\","62638":"r","62639":"\\","62640":"n","62641":" ","62642":" ","62643":"c","62644":"o","62645":"l","62646":"o","62647":"r","62648":":","62649":" ","62650":"#","62651":"2","62652":"0","62653":"5","62654":"1","62655":"1","62656":"9","62657":";","62658":"\\","62659":"r","62660":"\\","62661":"n","62662":" ","62663":" ","62664":"p","62665":"a","62666":"d","62667":"d","62668":"i","62669":"n","62670":"g","62671":":","62672":" ","62673":"1","62674":"e","62675":"m","62676":";","62677":"\\","62678":"r","62679":"\\","62680":"n","62681":" ","62682":" ","62683":"/","62684":"*","62685":" ","62686":"A","62687":"d","62688":"j","62689":"u","62690":"s","62691":"t","62692":" ","62693":"p","62694":"a","62695":"d","62696":"d","62697":"i","62698":"n","62699":"g","62700":" ","62701":"f","62702":"o","62703":"r","62704":" ","62705":"t","62706":"h","62707":"i","62708":"c","62709":"k","62710":"e","62711":"r","62712":" ","62713":"i","62714":"n","62715":"p","62716":"u","62717":"t","62718":" ","62719":"b","62720":"o","62721":"x","62722":"e","62723":"s","62724":" ","62725":"*","62726":"/","62727":"\\","62728":"r","62729":"\\","62730":"n","62731":" ","62732":" ","62733":"h","62734":"e","62735":"i","62736":"g","62737":"h","62738":"t","62739":":","62740":" ","62741":"3","62742":"e","62743":"m","62744":";","62745":"\\","62746":"r","62747":"\\","62748":"n","62749":" ","62750":" ","62751":"/","62752":"*","62753":" ","62754":"A","62755":"d","62756":"j","62757":"u","62758":"s","62759":"t","62760":" ","62761":"h","62762":"e","62763":"i","62764":"g","62765":"h","62766":"t","62767":" ","62768":"f","62769":"o","62770":"r","62771":" ","62772":"t","62773":"h","62774":"i","62775":"c","62776":"k","62777":"e","62778":"r","62779":" ","62780":"i","62781":"n","62782":"p","62783":"u","62784":"t","62785":" ","62786":"b","62787":"o","62788":"x","62789":"e","62790":"s","62791":" ","62792":"*","62793":"/","62794":"\\","62795":"r","62796":"\\","62797":"n","62798":" ","62799":" ","62800":"b","62801":"o","62802":"r","62803":"d","62804":"e","62805":"r","62806":"-","62807":"r","62808":"a","62809":"d","62810":"i","62811":"u","62812":"s","62813":":","62814":" ","62815":"1","62816":"v","62817":"w","62818":";","62819":"\\","62820":"r","62821":"\\","62822":"n","62823":" ","62824":" ","62825":"b","62826":"o","62827":"r","62828":"d","62829":"e","62830":"r","62831":":","62832":" ","62833":"0","62834":".","62835":"2","62836":"v","62837":"w","62838":" ","62839":"s","62840":"o","62841":"l","62842":"i","62843":"d","62844":" ","62845":"t","62846":"r","62847":"a","62848":"n","62849":"s","62850":"p","62851":"a","62852":"r","62853":"e","62854":"n","62855":"t","62856":";","62857":"\\","62858":"r","62859":"\\","62860":"n","62861":" ","62862":" ","62863":"o","62864":"u","62865":"t","62866":"l","62867":"i","62868":"n","62869":"e","62870":":","62871":" ","62872":"n","62873":"o","62874":"n","62875":"e","62876":";","62877":"\\","62878":"r","62879":"\\","62880":"n","62881":" ","62882":" ","62883":"f","62884":"o","62885":"n","62886":"t","62887":"-","62888":"f","62889":"a","62890":"m","62891":"i","62892":"l","62893":"y","62894":":","62895":" ","62896":"\\","62897":"\"","62898":"H","62899":"e","62900":"e","62901":"b","62902":"o","62903":"\\","62904":"\"","62905":",","62906":" ","62907":"s","62908":"a","62909":"n","62910":"s","62911":"-","62912":"s","62913":"e","62914":"r","62915":"i","62916":"f","62917":";","62918":"\\","62919":"r","62920":"\\","62921":"n","62922":" ","62923":" ","62924":"f","62925":"o","62926":"n","62927":"t","62928":"-","62929":"s","62930":"i","62931":"z","62932":"e","62933":":","62934":" ","62935":"1","62936":"v","62937":"w","62938":";","62939":"\\","62940":"r","62941":"\\","62942":"n","62943":" ","62944":" ","62945":"l","62946":"i","62947":"n","62948":"e","62949":"-","62950":"h","62951":"e","62952":"i","62953":"g","62954":"h","62955":"t","62956":":","62957":" ","62958":"1","62959":".","62960":"2","62961":";","62962":"\\","62963":"r","62964":"\\","62965":"n","62966":" ","62967":" ","62968":"w","62969":"i","62970":"d","62971":"t","62972":"h","62973":":","62974":" ","62975":"1","62976":"0","62977":"0","62978":"%","62979":";","62980":"\\","62981":"r","62982":"\\","62983":"n","62984":" ","62985":" ","62986":"t","62987":"r","62988":"a","62989":"n","62990":"s","62991":"i","62992":"t","62993":"i","62994":"o","62995":"n","62996":":","62997":" ","62998":"a","62999":"l","63000":"l","63001":" ","63002":"0","63003":".","63004":"2","63005":"s","63006":";","63007":"\\","63008":"r","63009":"\\","63010":"n","63011":" ","63012":" ","63013":"b","63014":"o","63015":"x","63016":"-","63017":"s","63018":"h","63019":"a","63020":"d","63021":"o","63022":"w","63023":":","63024":" ","63025":"0","63026":".","63027":"5","63028":"v","63029":"w","63030":" ","63031":"0","63032":".","63033":"3","63034":"v","63035":"w","63036":" ","63037":"0","63038":".","63039":"5","63040":"v","63041":"w","63042":" ","63043":"r","63044":"g","63045":"b","63046":"a","63047":"(","63048":"1","63049":"8","63050":"4","63051":",","63052":" ","63053":"1","63054":"8","63055":"4","63056":",","63057":" ","63058":"1","63059":"8","63060":"4","63061":",","63062":" ","63063":"0","63064":".","63065":"5","63066":")","63067":";","63068":"\\","63069":"r","63070":"\\","63071":"n","63072":"}","63073":"\\","63074":"r","63075":"\\","63076":"n","63077":"\\","63078":"r","63079":"\\","63080":"n","63081":".","63082":"z","63083":"o","63084":"o","63085":"m","63086":"-","63087":"i","63088":"n","63089":"p","63090":"u","63091":"t","63092":":","63093":"h","63094":"o","63095":"v","63096":"e","63097":"r","63098":" ","63099":"{","63100":"\\","63101":"r","63102":"\\","63103":"n","63104":" ","63105":" ","63106":"b","63107":"a","63108":"c","63109":"k","63110":"g","63111":"r","63112":"o","63113":"u","63114":"n","63115":"d","63116":"-","63117":"c","63118":"o","63119":"l","63120":"o","63121":"r","63122":":","63123":" ","63124":"#","63125":"5","63126":"a","63127":"7","63128":"f","63129":"5","63130":"e","63131":"e","63132":"9","63133":";","63134":"\\","63135":"r","63136":"\\","63137":"n","63138":" ","63139":" ","63140":"c","63141":"o","63142":"l","63143":"o","63144":"r","63145":":","63146":" ","63147":"#","63148":"f","63149":"f","63150":"f","63151":"f","63152":"f","63153":"f","63154":";","63155":"\\","63156":"r","63157":"\\","63158":"n","63159":"}","63160":"\\","63161":"r","63162":"\\","63163":"n","63164":"\\","63165":"r","63166":"\\","63167":"n","63168":".","63169":"z","63170":"o","63171":"o","63172":"m","63173":"-","63174":"i","63175":"n","63176":"p","63177":"u","63178":"t","63179":":","63180":"f","63181":"o","63182":"c","63183":"u","63184":"s","63185":" ","63186":"{","63187":"\\","63188":"r","63189":"\\","63190":"n","63191":" ","63192":" ","63193":"c","63194":"o","63195":"l","63196":"o","63197":"r","63198":":","63199":" ","63200":"#","63201":"3","63202":"3","63203":"3","63204":";","63205":"\\","63206":"r","63207":"\\","63208":"n","63209":" ","63210":" ","63211":"b","63212":"a","63213":"c","63214":"k","63215":"g","63216":"r","63217":"o","63218":"u","63219":"n","63220":"d","63221":"-","63222":"c","63223":"o","63224":"l","63225":"o","63226":"r","63227":":","63228":" ","63229":"#","63230":"f","63231":"f","63232":"f","63233":";","63234":"\\","63235":"r","63236":"\\","63237":"n","63238":" ","63239":" ","63240":"b","63241":"o","63242":"r","63243":"d","63244":"e","63245":"r","63246":"-","63247":"c","63248":"o","63249":"l","63250":"o","63251":"r","63252":":","63253":" ","63254":"#","63255":"3","63256":"3","63257":"3","63258":";","63259":"\\","63260":"r","63261":"\\","63262":"n","63263":"}","63264":"\\","63265":"r","63266":"\\","63267":"n","63268":"\\","63269":"r","63270":"\\","63271":"n","63272":".","63273":"m","63274":"o","63275":"d","63276":"a","63277":"l","63278":"-","63279":"c","63280":"o","63281":"n","63282":"t","63283":"e","63284":"n","63285":"t","63286":"{","63287":"\\","63288":"r","63289":"\\","63290":"n","63291":" ","63292":" ","63293":"b","63294":"a","63295":"c","63296":"k","63297":"g","63298":"r","63299":"o","63300":"u","63301":"n","63302":"d","63303":":","63304":" ","63305":"w","63306":"h","63307":"i","63308":"t","63309":"e","63310":";","63311":"\\","63312":"r","63313":"\\","63314":"n","63315":" ","63316":" ","63317":"p","63318":"a","63319":"d","63320":"d","63321":"i","63322":"n","63323":"g","63324":":","63325":" ","63326":"2","63327":"0","63328":"p","63329":"x","63330":";","63331":"\\","63332":"r","63333":"\\","63334":"n","63335":" ","63336":" ","63337":"b","63338":"o","63339":"r","63340":"d","63341":"e","63342":"r","63343":"-","63344":"r","63345":"a","63346":"d","63347":"i","63348":"u","63349":"s","63350":":","63351":" ","63352":"1","63353":"0","63354":"p","63355":"x","63356":";","63357":"\\","63358":"r","63359":"\\","63360":"n","63361":" ","63362":" ","63363":"m","63364":"a","63365":"x","63366":"-","63367":"w","63368":"i","63369":"d","63370":"t","63371":"h","63372":":","63373":" ","63374":"4","63375":"0","63376":"%","63377":";","63378":"\\","63379":"r","63380":"\\","63381":"n","63382":" ","63383":" ","63384":"m","63385":"a","63386":"x","63387":"-","63388":"h","63389":"e","63390":"i","63391":"g","63392":"h","63393":"t","63394":":","63395":" ","63396":"8","63397":"0","63398":"%","63399":";","63400":"\\","63401":"r","63402":"\\","63403":"n","63404":" ","63405":" ","63406":"o","63407":"v","63408":"e","63409":"r","63410":"f","63411":"l","63412":"o","63413":"w","63414":":","63415":" ","63416":"a","63417":"u","63418":"t","63419":"o","63420":";","63421":"\\","63422":"r","63423":"\\","63424":"n","63425":"}","63426":"\\","63427":"r","63428":"\\","63429":"n","63430":"<","63431":"/","63432":"s","63433":"t","63434":"y","63435":"l","63436":"e","63437":">","63438":"\\","63439":"r","63440":"\\","63441":"n","63442":"\"","63443":"]","63444":"}"},"_coverageSchema":"1a1c01bbd47fc00a2c39e90264f33305004495a9","hash":"ee3f0117bf8f60d08d99f3b46a66cee04b9a1ee3"}
}
