{"C:\\Users\\natka\\Desktop\\נטשה לימודים\\שנה אחרונה\\סמסטר א\\פרויקט\\finalProject\\frontend\\src\\components\\RunYass.vue": {"path":"C:\\Users\\natka\\Desktop\\נטשה לימודים\\שנה אחרונה\\סמסטר א\\פרויקט\\finalProject\\frontend\\src\\components\\RunYass.vue","statementMap":{"0":{"start":{"line":3,"column":29},"end":{"line":3,"column":352}},"1":{"start":{"line":4,"column":0},"end":{"line":6,"column":3}},"2":{"start":{"line":7,"column":0},"end":{"line":7,"column":25}},"3":{"start":{"line":8,"column":0},"end":{"line":8,"column":44}},"4":{"start":{"line":9,"column":0},"end":{"line":9,"column":59}},"5":{"start":{"line":10,"column":0},"end":{"line":10,"column":59}},"6":{"start":{"line":11,"column":0},"end":{"line":11,"column":75}},"7":{"start":{"line":12,"column":19},"end":{"line":12,"column":65}},"8":{"start":{"line":13,"column":14},"end":{"line":13,"column":63}},"9":{"start":{"line":14,"column":21},"end":{"line":14,"column":75}},"10":{"start":{"line":15,"column":21},"end":{"line":15,"column":47}},"11":{"start":{"line":17,"column":15},"end":{"line":449,"column":1}},"12":{"start":{"line":23,"column":4},"end":{"line":55,"column":6}},"13":{"start":{"line":58,"column":4},"end":{"line":58,"column":155}},"14":{"start":{"line":62,"column":6},"end":{"line":62,"column":106}},"15":{"start":{"line":67,"column":6},"end":{"line":67,"column":35}},"16":{"start":{"line":70,"column":6},"end":{"line":70,"column":24}},"17":{"start":{"line":71,"column":6},"end":{"line":71,"column":24}},"18":{"start":{"line":72,"column":6},"end":{"line":72,"column":26}},"19":{"start":{"line":73,"column":6},"end":{"line":73,"column":26}},"20":{"start":{"line":74,"column":6},"end":{"line":74,"column":24}},"21":{"start":{"line":75,"column":6},"end":{"line":75,"column":24}},"22":{"start":{"line":76,"column":6},"end":{"line":76,"column":29}},"23":{"start":{"line":77,"column":25},"end":{"line":77,"column":41}},"24":{"start":{"line":78,"column":25},"end":{"line":78,"column":41}},"25":{"start":{"line":79,"column":6},"end":{"line":79,"column":44}},"26":{"start":{"line":79,"column":22},"end":{"line":79,"column":44}},"27":{"start":{"line":80,"column":6},"end":{"line":80,"column":44}},"28":{"start":{"line":80,"column":22},"end":{"line":80,"column":44}},"29":{"start":{"line":83,"column":19},"end":{"line":83,"column":47}},"30":{"start":{"line":84,"column":6},"end":{"line":84,"column":27}},"31":{"start":{"line":85,"column":6},"end":{"line":85,"column":33}},"32":{"start":{"line":88,"column":6},"end":{"line":88,"column":28}},"33":{"start":{"line":90,"column":6},"end":{"line":90,"column":49}},"34":{"start":{"line":91,"column":23},"end":{"line":91,"column":37}},"35":{"start":{"line":92,"column":6},"end":{"line":104,"column":7}},"36":{"start":{"line":93,"column":8},"end":{"line":93,"column":46}},"37":{"start":{"line":94,"column":8},"end":{"line":94,"column":46}},"38":{"start":{"line":95,"column":13},"end":{"line":104,"column":7}},"39":{"start":{"line":96,"column":8},"end":{"line":96,"column":53}},"40":{"start":{"line":97,"column":8},"end":{"line":97,"column":53}},"41":{"start":{"line":98,"column":13},"end":{"line":104,"column":7}},"42":{"start":{"line":99,"column":8},"end":{"line":99,"column":49}},"43":{"start":{"line":100,"column":8},"end":{"line":100,"column":49}},"44":{"start":{"line":102,"column":8},"end":{"line":102,"column":103}},"45":{"start":{"line":103,"column":8},"end":{"line":103,"column":15}},"46":{"start":{"line":107,"column":6},"end":{"line":107,"column":73}},"47":{"start":{"line":108,"column":6},"end":{"line":108,"column":26}},"48":{"start":{"line":109,"column":6},"end":{"line":109,"column":24}},"49":{"start":{"line":110,"column":6},"end":{"line":152,"column":7}},"50":{"start":{"line":111,"column":25},"end":{"line":116,"column":10}},"51":{"start":{"line":115,"column":10},"end":{"line":115,"column":59}},"52":{"start":{"line":117,"column":8},"end":{"line":119,"column":9}},"53":{"start":{"line":118,"column":10},"end":{"line":118,"column":57}},"54":{"start":{"line":120,"column":21},"end":{"line":120,"column":42}},"55":{"start":{"line":121,"column":8},"end":{"line":121,"column":45}},"56":{"start":{"line":122,"column":8},"end":{"line":130,"column":10}},"57":{"start":{"line":131,"column":8},"end":{"line":131,"column":48}},"58":{"start":{"line":132,"column":8},"end":{"line":132,"column":43}},"59":{"start":{"line":133,"column":8},"end":{"line":133,"column":68}},"60":{"start":{"line":134,"column":8},"end":{"line":134,"column":68}},"61":{"start":{"line":137,"column":8},"end":{"line":137,"column":96}},"62":{"start":{"line":138,"column":8},"end":{"line":138,"column":111}},"63":{"start":{"line":139,"column":8},"end":{"line":139,"column":111}},"64":{"start":{"line":140,"column":8},"end":{"line":144,"column":11}},"65":{"start":{"line":141,"column":10},"end":{"line":141,"column":31}},"66":{"start":{"line":142,"column":10},"end":{"line":142,"column":104}},"67":{"start":{"line":143,"column":10},"end":{"line":143,"column":104}},"68":{"start":{"line":145,"column":8},"end":{"line":145,"column":27}},"69":{"start":{"line":147,"column":8},"end":{"line":147,"column":57}},"70":{"start":{"line":148,"column":8},"end":{"line":148,"column":46}},"71":{"start":{"line":150,"column":8},"end":{"line":150,"column":29}},"72":{"start":{"line":151,"column":8},"end":{"line":151,"column":28}},"73":{"start":{"line":155,"column":23},"end":{"line":155,"column":48}},"74":{"start":{"line":156,"column":21},"end":{"line":156,"column":46}},"75":{"start":{"line":157,"column":28},"end":{"line":157,"column":67}},"76":{"start":{"line":158,"column":27},"end":{"line":158,"column":28}},"77":{"start":{"line":159,"column":19},"end":{"line":159,"column":21}},"78":{"start":{"line":160,"column":17},"end":{"line":160,"column":22}},"79":{"start":{"line":161,"column":6},"end":{"line":172,"column":7}},"80":{"start":{"line":165,"column":12},"end":{"line":165,"column":31}},"81":{"start":{"line":166,"column":8},"end":{"line":166,"column":26}},"82":{"start":{"line":167,"column":8},"end":{"line":171,"column":9}},"83":{"start":{"line":168,"column":10},"end":{"line":168,"column":29}},"84":{"start":{"line":169,"column":10},"end":{"line":169,"column":41}},"85":{"start":{"line":170,"column":10},"end":{"line":170,"column":52}},"86":{"start":{"line":173,"column":22},"end":{"line":173,"column":52}},"87":{"start":{"line":174,"column":21},"end":{"line":174,"column":22}},"88":{"start":{"line":175,"column":6},"end":{"line":178,"column":7}},"89":{"start":{"line":176,"column":8},"end":{"line":176,"column":39}},"90":{"start":{"line":177,"column":8},"end":{"line":177,"column":33}},"91":{"start":{"line":179,"column":6},"end":{"line":183,"column":9}},"92":{"start":{"line":188,"column":10},"end":{"line":188,"column":29}},"93":{"start":{"line":189,"column":6},"end":{"line":211,"column":7}},"94":{"start":{"line":190,"column":8},"end":{"line":208,"column":11}},"95":{"start":{"line":191,"column":10},"end":{"line":193,"column":11}},"96":{"start":{"line":192,"column":12},"end":{"line":192,"column":80}},"97":{"start":{"line":194,"column":10},"end":{"line":207,"column":13}},"98":{"start":{"line":195,"column":12},"end":{"line":195,"column":41}},"99":{"start":{"line":195,"column":34},"end":{"line":195,"column":41}},"100":{"start":{"line":196,"column":12},"end":{"line":196,"column":55}},"101":{"start":{"line":197,"column":12},"end":{"line":206,"column":13}},"102":{"start":{"line":198,"column":25},"end":{"line":198,"column":52}},"103":{"start":{"line":199,"column":25},"end":{"line":199,"column":52}},"104":{"start":{"line":200,"column":25},"end":{"line":200,"column":52}},"105":{"start":{"line":201,"column":25},"end":{"line":201,"column":52}},"106":{"start":{"line":202,"column":14},"end":{"line":202,"column":51}},"107":{"start":{"line":204,"column":14},"end":{"line":204,"column":56}},"108":{"start":{"line":205,"column":14},"end":{"line":205,"column":32}},"109":{"start":{"line":210,"column":8},"end":{"line":210,"column":61}},"110":{"start":{"line":214,"column":6},"end":{"line":224,"column":7}},"111":{"start":{"line":215,"column":8},"end":{"line":221,"column":11}},"112":{"start":{"line":216,"column":10},"end":{"line":220,"column":11}},"113":{"start":{"line":217,"column":12},"end":{"line":217,"column":83}},"114":{"start":{"line":218,"column":17},"end":{"line":220,"column":11}},"115":{"start":{"line":219,"column":12},"end":{"line":219,"column":83}},"116":{"start":{"line":223,"column":8},"end":{"line":223,"column":69}},"117":{"start":{"line":227,"column":6},"end":{"line":232,"column":9}},"118":{"start":{"line":233,"column":23},"end":{"line":249,"column":7}},"119":{"start":{"line":250,"column":6},"end":{"line":264,"column":77}},"120":{"start":{"line":256,"column":26},"end":{"line":256,"column":41}},"121":{"start":{"line":257,"column":8},"end":{"line":257,"column":57}},"122":{"start":{"line":258,"column":8},"end":{"line":258,"column":61}},"123":{"start":{"line":259,"column":8},"end":{"line":261,"column":11}},"124":{"start":{"line":260,"column":10},"end":{"line":260,"column":31}},"125":{"start":{"line":262,"column":8},"end":{"line":262,"column":87}},"126":{"start":{"line":263,"column":8},"end":{"line":263,"column":87}},"127":{"start":{"line":264,"column":24},"end":{"line":264,"column":75}},"128":{"start":{"line":267,"column":6},"end":{"line":280,"column":7}},"129":{"start":{"line":268,"column":8},"end":{"line":268,"column":96}},"130":{"start":{"line":269,"column":8},"end":{"line":269,"column":111}},"131":{"start":{"line":270,"column":8},"end":{"line":270,"column":111}},"132":{"start":{"line":271,"column":8},"end":{"line":276,"column":11}},"133":{"start":{"line":272,"column":10},"end":{"line":272,"column":31}},"134":{"start":{"line":273,"column":10},"end":{"line":273,"column":104}},"135":{"start":{"line":274,"column":10},"end":{"line":274,"column":104}},"136":{"start":{"line":275,"column":10},"end":{"line":275,"column":35}},"137":{"start":{"line":278,"column":8},"end":{"line":278,"column":62}},"138":{"start":{"line":279,"column":8},"end":{"line":279,"column":33}},"139":{"start":{"line":283,"column":6},"end":{"line":283,"column":30}},"140":{"start":{"line":284,"column":6},"end":{"line":284,"column":32}},"141":{"start":{"line":287,"column":28},"end":{"line":287,"column":138}},"142":{"start":{"line":288,"column":6},"end":{"line":301,"column":9}},"143":{"start":{"line":297,"column":26},"end":{"line":297,"column":41}},"144":{"start":{"line":298,"column":8},"end":{"line":298,"column":69}},"145":{"start":{"line":300,"column":8},"end":{"line":300,"column":63}},"146":{"start":{"line":304,"column":6},"end":{"line":304,"column":32}},"147":{"start":{"line":305,"column":6},"end":{"line":305,"column":32}},"148":{"start":{"line":306,"column":6},"end":{"line":306,"column":32}},"149":{"start":{"line":307,"column":6},"end":{"line":307,"column":32}},"150":{"start":{"line":310,"column":6},"end":{"line":310,"column":26}},"151":{"start":{"line":311,"column":6},"end":{"line":311,"column":24}},"152":{"start":{"line":312,"column":6},"end":{"line":373,"column":7}},"153":{"start":{"line":313,"column":8},"end":{"line":315,"column":9}},"154":{"start":{"line":314,"column":10},"end":{"line":314,"column":77}},"155":{"start":{"line":318,"column":8},"end":{"line":367,"column":9}},"156":{"start":{"line":324,"column":14},"end":{"line":324,"column":29}},"157":{"start":{"line":325,"column":39},"end":{"line":325,"column":107}},"158":{"start":{"line":327,"column":30},"end":{"line":338,"column":11}},"159":{"start":{"line":339,"column":10},"end":{"line":339,"column":77}},"160":{"start":{"line":340,"column":10},"end":{"line":364,"column":13}},"161":{"start":{"line":348,"column":12},"end":{"line":350,"column":13}},"162":{"start":{"line":349,"column":14},"end":{"line":349,"column":61}},"163":{"start":{"line":351,"column":12},"end":{"line":351,"column":35}},"164":{"start":{"line":353,"column":12},"end":{"line":353,"column":65}},"165":{"start":{"line":354,"column":12},"end":{"line":354,"column":81}},"166":{"start":{"line":355,"column":12},"end":{"line":355,"column":81}},"167":{"start":{"line":356,"column":12},"end":{"line":360,"column":15}},"168":{"start":{"line":357,"column":14},"end":{"line":357,"column":35}},"169":{"start":{"line":358,"column":14},"end":{"line":358,"column":108}},"170":{"start":{"line":359,"column":14},"end":{"line":359,"column":108}},"171":{"start":{"line":361,"column":12},"end":{"line":361,"column":41}},"172":{"start":{"line":363,"column":12},"end":{"line":363,"column":60}},"173":{"start":{"line":366,"column":10},"end":{"line":366,"column":65}},"174":{"start":{"line":369,"column":8},"end":{"line":369,"column":66}},"175":{"start":{"line":371,"column":8},"end":{"line":371,"column":29}},"176":{"start":{"line":372,"column":8},"end":{"line":372,"column":28}},"177":{"start":{"line":376,"column":27},"end":{"line":376,"column":59}},"178":{"start":{"line":377,"column":26},"end":{"line":393,"column":7}},"179":{"start":{"line":394,"column":6},"end":{"line":394,"column":82}},"180":{"start":{"line":395,"column":6},"end":{"line":417,"column":9}},"181":{"start":{"line":402,"column":8},"end":{"line":404,"column":9}},"182":{"start":{"line":403,"column":10},"end":{"line":403,"column":57}},"183":{"start":{"line":405,"column":8},"end":{"line":405,"column":31}},"184":{"start":{"line":407,"column":8},"end":{"line":407,"column":48}},"185":{"start":{"line":409,"column":8},"end":{"line":409,"column":87}},"186":{"start":{"line":410,"column":8},"end":{"line":410,"column":87}},"187":{"start":{"line":411,"column":8},"end":{"line":413,"column":11}},"188":{"start":{"line":412,"column":10},"end":{"line":412,"column":104}},"189":{"start":{"line":414,"column":8},"end":{"line":414,"column":58}},"190":{"start":{"line":416,"column":8},"end":{"line":416,"column":61}},"191":{"start":{"line":420,"column":36},"end":{"line":420,"column":86}},"192":{"start":{"line":421,"column":27},"end":{"line":421,"column":67}},"193":{"start":{"line":422,"column":28},"end":{"line":422,"column":52}},"194":{"start":{"line":423,"column":28},"end":{"line":423,"column":52}},"195":{"start":{"line":424,"column":25},"end":{"line":424,"column":46}},"196":{"start":{"line":425,"column":6},"end":{"line":446,"column":7}},"197":{"start":{"line":426,"column":8},"end":{"line":426,"column":60}},"198":{"start":{"line":429,"column":8},"end":{"line":429,"column":44}},"199":{"start":{"line":430,"column":8},"end":{"line":430,"column":64}},"200":{"start":{"line":430,"column":27},"end":{"line":430,"column":64}},"201":{"start":{"line":431,"column":8},"end":{"line":431,"column":64}},"202":{"start":{"line":431,"column":27},"end":{"line":431,"column":64}},"203":{"start":{"line":432,"column":8},"end":{"line":432,"column":58}},"204":{"start":{"line":432,"column":24},"end":{"line":432,"column":58}},"205":{"start":{"line":433,"column":8},"end":{"line":443,"column":11}},"206":{"start":{"line":435,"column":10},"end":{"line":435,"column":42}},"207":{"start":{"line":436,"column":10},"end":{"line":436,"column":62}},"208":{"start":{"line":436,"column":29},"end":{"line":436,"column":62}},"209":{"start":{"line":437,"column":10},"end":{"line":437,"column":62}},"210":{"start":{"line":437,"column":29},"end":{"line":437,"column":62}},"211":{"start":{"line":438,"column":10},"end":{"line":438,"column":56}},"212":{"start":{"line":438,"column":26},"end":{"line":438,"column":56}},"213":{"start":{"line":439,"column":23},"end":{"line":439,"column":50}},"214":{"start":{"line":440,"column":10},"end":{"line":440,"column":55}},"215":{"start":{"line":441,"column":10},"end":{"line":441,"column":52}},"216":{"start":{"line":442,"column":10},"end":{"line":442,"column":23}},"217":{"start":{"line":445,"column":8},"end":{"line":445,"column":66}},"218":{"start":{"line":450,"column":0},"end":{"line":450,"column":13}},"219":{"start":{"line":452,"column":29},"end":{"line":452,"column":352}},"220":{"start":{"line":453,"column":0},"end":{"line":455,"column":3}},"221":{"start":{"line":456,"column":0},"end":{"line":456,"column":24}},"222":{"start":{"line":457,"column":11},"end":{"line":457,"column":25}},"223":{"start":{"line":458,"column":14},"end":{"line":458,"column":68}},"224":{"start":{"line":459,"column":19},"end":{"line":461,"column":1}},"225":{"start":{"line":462,"column":32},"end":{"line":462,"column":116}},"226":{"start":{"line":463,"column":19},"end":{"line":465,"column":1}},"227":{"start":{"line":466,"column":19},"end":{"line":468,"column":1}},"228":{"start":{"line":469,"column":32},"end":{"line":472,"column":49}},"229":{"start":{"line":473,"column":19},"end":{"line":475,"column":1}},"230":{"start":{"line":476,"column":32},"end":{"line":479,"column":49}},"231":{"start":{"line":480,"column":19},"end":{"line":482,"column":1}},"232":{"start":{"line":483,"column":32},"end":{"line":487,"column":22}},"233":{"start":{"line":488,"column":33},"end":{"line":490,"column":27}},"234":{"start":{"line":491,"column":33},"end":{"line":493,"column":28}},"235":{"start":{"line":494,"column":33},"end":{"line":496,"column":29}},"236":{"start":{"line":497,"column":33},"end":{"line":499,"column":32}},"237":{"start":{"line":500,"column":20},"end":{"line":500,"column":72}},"238":{"start":{"line":501,"column":20},"end":{"line":503,"column":1}},"239":{"start":{"line":504,"column":33},"end":{"line":504,"column":99}},"240":{"start":{"line":505,"column":33},"end":{"line":505,"column":99}},"241":{"start":{"line":506,"column":20},"end":{"line":509,"column":1}},"242":{"start":{"line":510,"column":20},"end":{"line":513,"column":1}},"243":{"start":{"line":514,"column":20},"end":{"line":516,"column":1}},"244":{"start":{"line":517,"column":20},"end":{"line":519,"column":1}},"245":{"start":{"line":520,"column":20},"end":{"line":523,"column":1}},"246":{"start":{"line":524,"column":20},"end":{"line":526,"column":1}},"247":{"start":{"line":527,"column":20},"end":{"line":530,"column":1}},"248":{"start":{"line":531,"column":20},"end":{"line":534,"column":1}},"249":{"start":{"line":535,"column":20},"end":{"line":538,"column":1}},"250":{"start":{"line":539,"column":33},"end":{"line":541,"column":50}},"251":{"start":{"line":542,"column":20},"end":{"line":542,"column":29}},"252":{"start":{"line":543,"column":20},"end":{"line":546,"column":1}},"253":{"start":{"line":547,"column":33},"end":{"line":549,"column":50}},"254":{"start":{"line":550,"column":20},"end":{"line":550,"column":29}},"255":{"start":{"line":551,"column":20},"end":{"line":554,"column":1}},"256":{"start":{"line":555,"column":33},"end":{"line":555,"column":106}},"257":{"start":{"line":556,"column":20},"end":{"line":558,"column":1}},"258":{"start":{"line":559,"column":33},"end":{"line":559,"column":106}},"259":{"start":{"line":560,"column":33},"end":{"line":560,"column":106}},"260":{"start":{"line":561,"column":20},"end":{"line":563,"column":1}},"261":{"start":{"line":564,"column":33},"end":{"line":568,"column":22}},"262":{"start":{"line":569,"column":33},"end":{"line":571,"column":27}},"263":{"start":{"line":572,"column":33},"end":{"line":574,"column":28}},"264":{"start":{"line":575,"column":33},"end":{"line":577,"column":29}},"265":{"start":{"line":578,"column":33},"end":{"line":580,"column":32}},"266":{"start":{"line":581,"column":20},"end":{"line":581,"column":72}},"267":{"start":{"line":582,"column":20},"end":{"line":584,"column":1}},"268":{"start":{"line":585,"column":20},"end":{"line":588,"column":1}},"269":{"start":{"line":589,"column":20},"end":{"line":591,"column":1}},"270":{"start":{"line":592,"column":33},"end":{"line":592,"column":118}},"271":{"start":{"line":594,"column":35},"end":{"line":594,"column":78}},"272":{"start":{"line":595,"column":2},"end":{"line":686,"column":66}},"273":{"start":{"line":604,"column":63},"end":{"line":604,"column":84}},"274":{"start":{"line":606,"column":49},"end":{"line":606,"column":77}},"275":{"start":{"line":609,"column":63},"end":{"line":609,"column":84}},"276":{"start":{"line":611,"column":49},"end":{"line":611,"column":77}},"277":{"start":{"line":614,"column":63},"end":{"line":614,"column":101}},"278":{"start":{"line":619,"column":52},"end":{"line":619,"column":97}},"279":{"start":{"line":622,"column":49},"end":{"line":622,"column":70}},"280":{"start":{"line":625,"column":63},"end":{"line":625,"column":92}},"281":{"start":{"line":626,"column":50},"end":{"line":626,"column":114}},"282":{"start":{"line":629,"column":4},"end":{"line":632,"column":76}},"283":{"start":{"line":635,"column":63},"end":{"line":635,"column":92}},"284":{"start":{"line":636,"column":52},"end":{"line":636,"column":116}},"285":{"start":{"line":639,"column":4},"end":{"line":642,"column":76}},"286":{"start":{"line":644,"column":65},"end":{"line":644,"column":92}},"287":{"start":{"line":650,"column":65},"end":{"line":650,"column":92}},"288":{"start":{"line":656,"column":65},"end":{"line":656,"column":92}},"289":{"start":{"line":662,"column":65},"end":{"line":662,"column":92}},"290":{"start":{"line":669,"column":65},"end":{"line":669,"column":101}},"291":{"start":{"line":672,"column":54},"end":{"line":672,"column":107}},"292":{"start":{"line":676,"column":54},"end":{"line":676,"column":111}},"293":{"start":{"line":683,"column":75},"end":{"line":683,"column":97}},"294":{"start":{"line":685,"column":51},"end":{"line":685,"column":73}},"295":{"start":{"line":687,"column":2},"end":{"line":687,"column":49}}},"fnMap":{"0":{"name":"(anonymous_0)","decl":{"start":{"line":22,"column":2},"end":{"line":22,"column":3}},"loc":{"start":{"line":22,"column":9},"end":{"line":56,"column":3}},"line":22},"1":{"name":"(anonymous_1)","decl":{"start":{"line":57,"column":2},"end":{"line":57,"column":3}},"loc":{"start":{"line":57,"column":12},"end":{"line":59,"column":3}},"line":57},"2":{"name":"(anonymous_2)","decl":{"start":{"line":61,"column":4},"end":{"line":61,"column":5}},"loc":{"start":{"line":61,"column":27},"end":{"line":63,"column":5}},"line":61},"3":{"name":"(anonymous_3)","decl":{"start":{"line":66,"column":4},"end":{"line":66,"column":5}},"loc":{"start":{"line":66,"column":25},"end":{"line":68,"column":5}},"line":66},"4":{"name":"(anonymous_4)","decl":{"start":{"line":69,"column":4},"end":{"line":69,"column":5}},"loc":{"start":{"line":69,"column":18},"end":{"line":81,"column":5}},"line":69},"5":{"name":"(anonymous_5)","decl":{"start":{"line":82,"column":4},"end":{"line":82,"column":5}},"loc":{"start":{"line":82,"column":30},"end":{"line":86,"column":5}},"line":82},"6":{"name":"(anonymous_6)","decl":{"start":{"line":87,"column":4},"end":{"line":87,"column":5}},"loc":{"start":{"line":87,"column":24},"end":{"line":153,"column":5}},"line":87},"7":{"name":"(anonymous_7)","decl":{"start":{"line":114,"column":11},"end":{"line":114,"column":12}},"loc":{"start":{"line":114,"column":30},"end":{"line":116,"column":9}},"line":114},"8":{"name":"(anonymous_8)","decl":{"start":{"line":140,"column":23},"end":{"line":140,"column":24}},"loc":{"start":{"line":140,"column":29},"end":{"line":144,"column":9}},"line":140},"9":{"name":"(anonymous_9)","decl":{"start":{"line":154,"column":4},"end":{"line":154,"column":5}},"loc":{"start":{"line":154,"column":54},"end":{"line":184,"column":5}},"line":154},"10":{"name":"(anonymous_10)","decl":{"start":{"line":185,"column":4},"end":{"line":185,"column":5}},"loc":{"start":{"line":185,"column":20},"end":{"line":212,"column":5}},"line":185},"11":{"name":"(anonymous_11)","decl":{"start":{"line":190,"column":97},"end":{"line":190,"column":98}},"loc":{"start":{"line":190,"column":105},"end":{"line":208,"column":9}},"line":190},"12":{"name":"(anonymous_12)","decl":{"start":{"line":194,"column":37},"end":{"line":194,"column":38}},"loc":{"start":{"line":194,"column":50},"end":{"line":207,"column":11}},"line":194},"13":{"name":"(anonymous_13)","decl":{"start":{"line":213,"column":4},"end":{"line":213,"column":5}},"loc":{"start":{"line":213,"column":39},"end":{"line":225,"column":5}},"line":213},"14":{"name":"(anonymous_14)","decl":{"start":{"line":215,"column":74},"end":{"line":215,"column":75}},"loc":{"start":{"line":215,"column":80},"end":{"line":221,"column":9}},"line":215},"15":{"name":"(anonymous_15)","decl":{"start":{"line":226,"column":4},"end":{"line":226,"column":5}},"loc":{"start":{"line":226,"column":36},"end":{"line":265,"column":5}},"line":226},"16":{"name":"(anonymous_16)","decl":{"start":{"line":256,"column":14},"end":{"line":256,"column":15}},"loc":{"start":{"line":256,"column":26},"end":{"line":256,"column":41}},"line":256},"17":{"name":"(anonymous_17)","decl":{"start":{"line":256,"column":48},"end":{"line":256,"column":49}},"loc":{"start":{"line":256,"column":56},"end":{"line":264,"column":7}},"line":256},"18":{"name":"(anonymous_18)","decl":{"start":{"line":259,"column":23},"end":{"line":259,"column":24}},"loc":{"start":{"line":259,"column":29},"end":{"line":261,"column":9}},"line":259},"19":{"name":"(anonymous_19)","decl":{"start":{"line":264,"column":15},"end":{"line":264,"column":16}},"loc":{"start":{"line":264,"column":24},"end":{"line":264,"column":75}},"line":264},"20":{"name":"(anonymous_20)","decl":{"start":{"line":266,"column":4},"end":{"line":266,"column":5}},"loc":{"start":{"line":266,"column":25},"end":{"line":281,"column":5}},"line":266},"21":{"name":"(anonymous_21)","decl":{"start":{"line":271,"column":23},"end":{"line":271,"column":24}},"loc":{"start":{"line":271,"column":29},"end":{"line":276,"column":9}},"line":271},"22":{"name":"(anonymous_22)","decl":{"start":{"line":282,"column":4},"end":{"line":282,"column":5}},"loc":{"start":{"line":282,"column":17},"end":{"line":285,"column":5}},"line":282},"23":{"name":"(anonymous_23)","decl":{"start":{"line":286,"column":4},"end":{"line":286,"column":5}},"loc":{"start":{"line":286,"column":54},"end":{"line":302,"column":5}},"line":286},"24":{"name":"(anonymous_24)","decl":{"start":{"line":297,"column":14},"end":{"line":297,"column":15}},"loc":{"start":{"line":297,"column":26},"end":{"line":297,"column":41}},"line":297},"25":{"name":"(anonymous_25)","decl":{"start":{"line":297,"column":48},"end":{"line":297,"column":49}},"loc":{"start":{"line":297,"column":60},"end":{"line":299,"column":7}},"line":297},"26":{"name":"(anonymous_26)","decl":{"start":{"line":299,"column":15},"end":{"line":299,"column":16}},"loc":{"start":{"line":299,"column":24},"end":{"line":301,"column":7}},"line":299},"27":{"name":"(anonymous_27)","decl":{"start":{"line":303,"column":4},"end":{"line":303,"column":5}},"loc":{"start":{"line":303,"column":28},"end":{"line":308,"column":5}},"line":303},"28":{"name":"(anonymous_28)","decl":{"start":{"line":309,"column":4},"end":{"line":309,"column":5}},"loc":{"start":{"line":309,"column":28},"end":{"line":374,"column":5}},"line":309},"29":{"name":"(anonymous_29)","decl":{"start":{"line":347,"column":18},"end":{"line":347,"column":19}},"loc":{"start":{"line":347,"column":30},"end":{"line":352,"column":11}},"line":347},"30":{"name":"(anonymous_30)","decl":{"start":{"line":352,"column":18},"end":{"line":352,"column":19}},"loc":{"start":{"line":352,"column":26},"end":{"line":362,"column":11}},"line":352},"31":{"name":"(anonymous_31)","decl":{"start":{"line":356,"column":27},"end":{"line":356,"column":28}},"loc":{"start":{"line":356,"column":33},"end":{"line":360,"column":13}},"line":356},"32":{"name":"(anonymous_32)","decl":{"start":{"line":362,"column":19},"end":{"line":362,"column":20}},"loc":{"start":{"line":362,"column":28},"end":{"line":364,"column":11}},"line":362},"33":{"name":"(anonymous_33)","decl":{"start":{"line":375,"column":4},"end":{"line":375,"column":5}},"loc":{"start":{"line":375,"column":110},"end":{"line":418,"column":5}},"line":375},"34":{"name":"(anonymous_34)","decl":{"start":{"line":401,"column":14},"end":{"line":401,"column":15}},"loc":{"start":{"line":401,"column":26},"end":{"line":406,"column":7}},"line":401},"35":{"name":"(anonymous_35)","decl":{"start":{"line":406,"column":14},"end":{"line":406,"column":15}},"loc":{"start":{"line":406,"column":22},"end":{"line":415,"column":7}},"line":406},"36":{"name":"(anonymous_36)","decl":{"start":{"line":411,"column":23},"end":{"line":411,"column":24}},"loc":{"start":{"line":411,"column":29},"end":{"line":413,"column":9}},"line":411},"37":{"name":"(anonymous_37)","decl":{"start":{"line":415,"column":15},"end":{"line":415,"column":16}},"loc":{"start":{"line":415,"column":24},"end":{"line":417,"column":7}},"line":415},"38":{"name":"(anonymous_38)","decl":{"start":{"line":419,"column":4},"end":{"line":419,"column":5}},"loc":{"start":{"line":419,"column":24},"end":{"line":447,"column":5}},"line":419},"39":{"name":"(anonymous_39)","decl":{"start":{"line":433,"column":62},"end":{"line":433,"column":63}},"loc":{"start":{"line":433,"column":72},"end":{"line":443,"column":9}},"line":433},"40":{"name":"render","decl":{"start":{"line":593,"column":9},"end":{"line":593,"column":15}},"loc":{"start":{"line":593,"column":30},"end":{"line":687,"column":1}},"line":593},"41":{"name":"(anonymous_41)","decl":{"start":{"line":604,"column":53},"end":{"line":604,"column":54}},"loc":{"start":{"line":604,"column":63},"end":{"line":604,"column":84}},"line":604},"42":{"name":"(anonymous_42)","decl":{"start":{"line":606,"column":39},"end":{"line":606,"column":40}},"loc":{"start":{"line":606,"column":49},"end":{"line":606,"column":77}},"line":606},"43":{"name":"(anonymous_43)","decl":{"start":{"line":609,"column":53},"end":{"line":609,"column":54}},"loc":{"start":{"line":609,"column":63},"end":{"line":609,"column":84}},"line":609},"44":{"name":"(anonymous_44)","decl":{"start":{"line":611,"column":39},"end":{"line":611,"column":40}},"loc":{"start":{"line":611,"column":49},"end":{"line":611,"column":77}},"line":611},"45":{"name":"(anonymous_45)","decl":{"start":{"line":614,"column":53},"end":{"line":614,"column":54}},"loc":{"start":{"line":614,"column":63},"end":{"line":614,"column":101}},"line":614},"46":{"name":"(anonymous_46)","decl":{"start":{"line":619,"column":39},"end":{"line":619,"column":40}},"loc":{"start":{"line":619,"column":52},"end":{"line":619,"column":97}},"line":619},"47":{"name":"(anonymous_47)","decl":{"start":{"line":622,"column":39},"end":{"line":622,"column":40}},"loc":{"start":{"line":622,"column":49},"end":{"line":622,"column":70}},"line":622},"48":{"name":"(anonymous_48)","decl":{"start":{"line":625,"column":53},"end":{"line":625,"column":54}},"loc":{"start":{"line":625,"column":63},"end":{"line":625,"column":92}},"line":625},"49":{"name":"(anonymous_49)","decl":{"start":{"line":626,"column":40},"end":{"line":626,"column":41}},"loc":{"start":{"line":626,"column":50},"end":{"line":626,"column":114}},"line":626},"50":{"name":"(anonymous_50)","decl":{"start":{"line":628,"column":155},"end":{"line":628,"column":156}},"loc":{"start":{"line":628,"column":165},"end":{"line":633,"column":3}},"line":628},"51":{"name":"(anonymous_51)","decl":{"start":{"line":635,"column":53},"end":{"line":635,"column":54}},"loc":{"start":{"line":635,"column":63},"end":{"line":635,"column":92}},"line":635},"52":{"name":"(anonymous_52)","decl":{"start":{"line":636,"column":42},"end":{"line":636,"column":43}},"loc":{"start":{"line":636,"column":52},"end":{"line":636,"column":116}},"line":636},"53":{"name":"(anonymous_53)","decl":{"start":{"line":638,"column":155},"end":{"line":638,"column":156}},"loc":{"start":{"line":638,"column":165},"end":{"line":643,"column":3}},"line":638},"54":{"name":"(anonymous_54)","decl":{"start":{"line":644,"column":55},"end":{"line":644,"column":56}},"loc":{"start":{"line":644,"column":65},"end":{"line":644,"column":92}},"line":644},"55":{"name":"(anonymous_55)","decl":{"start":{"line":650,"column":55},"end":{"line":650,"column":56}},"loc":{"start":{"line":650,"column":65},"end":{"line":650,"column":92}},"line":650},"56":{"name":"(anonymous_56)","decl":{"start":{"line":656,"column":55},"end":{"line":656,"column":56}},"loc":{"start":{"line":656,"column":65},"end":{"line":656,"column":92}},"line":656},"57":{"name":"(anonymous_57)","decl":{"start":{"line":662,"column":55},"end":{"line":662,"column":56}},"loc":{"start":{"line":662,"column":65},"end":{"line":662,"column":92}},"line":662},"58":{"name":"(anonymous_58)","decl":{"start":{"line":669,"column":55},"end":{"line":669,"column":56}},"loc":{"start":{"line":669,"column":65},"end":{"line":669,"column":101}},"line":669},"59":{"name":"(anonymous_59)","decl":{"start":{"line":672,"column":41},"end":{"line":672,"column":42}},"loc":{"start":{"line":672,"column":54},"end":{"line":672,"column":107}},"line":672},"60":{"name":"(anonymous_60)","decl":{"start":{"line":676,"column":41},"end":{"line":676,"column":42}},"loc":{"start":{"line":676,"column":54},"end":{"line":676,"column":111}},"line":676},"61":{"name":"(anonymous_61)","decl":{"start":{"line":683,"column":65},"end":{"line":683,"column":66}},"loc":{"start":{"line":683,"column":75},"end":{"line":683,"column":97}},"line":683},"62":{"name":"(anonymous_62)","decl":{"start":{"line":685,"column":41},"end":{"line":685,"column":42}},"loc":{"start":{"line":685,"column":51},"end":{"line":685,"column":73}},"line":685}},"branchMap":{"0":{"loc":{"start":{"line":58,"column":25},"end":{"line":58,"column":154}},"type":"binary-expr","locations":[{"start":{"line":58,"column":25},"end":{"line":58,"column":36}},{"start":{"line":58,"column":40},"end":{"line":58,"column":58}},{"start":{"line":58,"column":62},"end":{"line":58,"column":94}},{"start":{"line":58,"column":98},"end":{"line":58,"column":117}},{"start":{"line":58,"column":121},"end":{"line":58,"column":154}}],"line":58},"1":{"loc":{"start":{"line":62,"column":13},"end":{"line":62,"column":105}},"type":"binary-expr","locations":[{"start":{"line":62,"column":13},"end":{"line":62,"column":27}},{"start":{"line":62,"column":31},"end":{"line":62,"column":45}},{"start":{"line":62,"column":49},"end":{"line":62,"column":59}},{"start":{"line":62,"column":63},"end":{"line":62,"column":73}},{"start":{"line":62,"column":77},"end":{"line":62,"column":89}},{"start":{"line":62,"column":93},"end":{"line":62,"column":105}}],"line":62},"2":{"loc":{"start":{"line":79,"column":6},"end":{"line":79,"column":44}},"type":"if","locations":[{"start":{"line":79,"column":6},"end":{"line":79,"column":44}},{"start":{},"end":{}}],"line":79},"3":{"loc":{"start":{"line":80,"column":6},"end":{"line":80,"column":44}},"type":"if","locations":[{"start":{"line":80,"column":6},"end":{"line":80,"column":44}},{"start":{},"end":{}}],"line":80},"4":{"loc":{"start":{"line":92,"column":6},"end":{"line":104,"column":7}},"type":"if","locations":[{"start":{"line":92,"column":6},"end":{"line":104,"column":7}},{"start":{"line":95,"column":13},"end":{"line":104,"column":7}}],"line":92},"5":{"loc":{"start":{"line":92,"column":10},"end":{"line":92,"column":34}},"type":"binary-expr","locations":[{"start":{"line":92,"column":10},"end":{"line":92,"column":20}},{"start":{"line":92,"column":24},"end":{"line":92,"column":34}}],"line":92},"6":{"loc":{"start":{"line":95,"column":13},"end":{"line":104,"column":7}},"type":"if","locations":[{"start":{"line":95,"column":13},"end":{"line":104,"column":7}},{"start":{"line":98,"column":13},"end":{"line":104,"column":7}}],"line":95},"7":{"loc":{"start":{"line":95,"column":17},"end":{"line":95,"column":49}},"type":"binary-expr","locations":[{"start":{"line":95,"column":17},"end":{"line":95,"column":31}},{"start":{"line":95,"column":35},"end":{"line":95,"column":49}}],"line":95},"8":{"loc":{"start":{"line":98,"column":13},"end":{"line":104,"column":7}},"type":"if","locations":[{"start":{"line":98,"column":13},"end":{"line":104,"column":7}},{"start":{"line":101,"column":13},"end":{"line":104,"column":7}}],"line":98},"9":{"loc":{"start":{"line":98,"column":17},"end":{"line":98,"column":45}},"type":"binary-expr","locations":[{"start":{"line":98,"column":17},"end":{"line":98,"column":29}},{"start":{"line":98,"column":33},"end":{"line":98,"column":45}}],"line":98},"10":{"loc":{"start":{"line":117,"column":8},"end":{"line":119,"column":9}},"type":"if","locations":[{"start":{"line":117,"column":8},"end":{"line":119,"column":9}},{"start":{},"end":{}}],"line":117},"11":{"loc":{"start":{"line":167,"column":8},"end":{"line":171,"column":9}},"type":"if","locations":[{"start":{"line":167,"column":8},"end":{"line":171,"column":9}},{"start":{},"end":{}}],"line":167},"12":{"loc":{"start":{"line":189,"column":6},"end":{"line":211,"column":7}},"type":"if","locations":[{"start":{"line":189,"column":6},"end":{"line":211,"column":7}},{"start":{"line":209,"column":13},"end":{"line":211,"column":7}}],"line":189},"13":{"loc":{"start":{"line":189,"column":10},"end":{"line":189,"column":66}},"type":"binary-expr","locations":[{"start":{"line":189,"column":10},"end":{"line":189,"column":22}},{"start":{"line":189,"column":26},"end":{"line":189,"column":43}},{"start":{"line":189,"column":47},"end":{"line":189,"column":66}}],"line":189},"14":{"loc":{"start":{"line":191,"column":10},"end":{"line":193,"column":11}},"type":"if","locations":[{"start":{"line":191,"column":10},"end":{"line":193,"column":11}},{"start":{},"end":{}}],"line":191},"15":{"loc":{"start":{"line":195,"column":12},"end":{"line":195,"column":41}},"type":"if","locations":[{"start":{"line":195,"column":12},"end":{"line":195,"column":41}},{"start":{},"end":{}}],"line":195},"16":{"loc":{"start":{"line":197,"column":12},"end":{"line":206,"column":13}},"type":"if","locations":[{"start":{"line":197,"column":12},"end":{"line":206,"column":13}},{"start":{"line":203,"column":19},"end":{"line":206,"column":13}}],"line":197},"17":{"loc":{"start":{"line":197,"column":16},"end":{"line":197,"column":74}},"type":"binary-expr","locations":[{"start":{"line":197,"column":16},"end":{"line":197,"column":43}},{"start":{"line":197,"column":47},"end":{"line":197,"column":74}}],"line":197},"18":{"loc":{"start":{"line":214,"column":6},"end":{"line":224,"column":7}},"type":"if","locations":[{"start":{"line":214,"column":6},"end":{"line":224,"column":7}},{"start":{"line":222,"column":13},"end":{"line":224,"column":7}}],"line":214},"19":{"loc":{"start":{"line":214,"column":10},"end":{"line":214,"column":54}},"type":"binary-expr","locations":[{"start":{"line":214,"column":10},"end":{"line":214,"column":18}},{"start":{"line":214,"column":22},"end":{"line":214,"column":35}},{"start":{"line":214,"column":39},"end":{"line":214,"column":54}}],"line":214},"20":{"loc":{"start":{"line":216,"column":10},"end":{"line":220,"column":11}},"type":"if","locations":[{"start":{"line":216,"column":10},"end":{"line":220,"column":11}},{"start":{"line":218,"column":17},"end":{"line":220,"column":11}}],"line":216},"21":{"loc":{"start":{"line":216,"column":14},"end":{"line":216,"column":83}},"type":"binary-expr","locations":[{"start":{"line":216,"column":14},"end":{"line":216,"column":47}},{"start":{"line":216,"column":51},"end":{"line":216,"column":83}}],"line":216},"22":{"loc":{"start":{"line":218,"column":17},"end":{"line":220,"column":11}},"type":"if","locations":[{"start":{"line":218,"column":17},"end":{"line":220,"column":11}},{"start":{},"end":{}}],"line":218},"23":{"loc":{"start":{"line":218,"column":21},"end":{"line":218,"column":90}},"type":"binary-expr","locations":[{"start":{"line":218,"column":21},"end":{"line":218,"column":54}},{"start":{"line":218,"column":58},"end":{"line":218,"column":90}}],"line":218},"24":{"loc":{"start":{"line":267,"column":6},"end":{"line":280,"column":7}},"type":"if","locations":[{"start":{"line":267,"column":6},"end":{"line":280,"column":7}},{"start":{"line":277,"column":13},"end":{"line":280,"column":7}}],"line":267},"25":{"loc":{"start":{"line":267,"column":10},"end":{"line":267,"column":104}},"type":"binary-expr","locations":[{"start":{"line":267,"column":10},"end":{"line":267,"column":34}},{"start":{"line":267,"column":38},"end":{"line":267,"column":69}},{"start":{"line":267,"column":73},"end":{"line":267,"column":104}}],"line":267},"26":{"loc":{"start":{"line":287,"column":48},"end":{"line":287,"column":121}},"type":"cond-expr","locations":[{"start":{"line":287,"column":84},"end":{"line":287,"column":101}},{"start":{"line":287,"column":104},"end":{"line":287,"column":121}}],"line":287},"27":{"loc":{"start":{"line":313,"column":8},"end":{"line":315,"column":9}},"type":"if","locations":[{"start":{"line":313,"column":8},"end":{"line":315,"column":9}},{"start":{},"end":{}}],"line":313},"28":{"loc":{"start":{"line":313,"column":12},"end":{"line":313,"column":114}},"type":"binary-expr","locations":[{"start":{"line":313,"column":12},"end":{"line":313,"column":32}},{"start":{"line":313,"column":36},"end":{"line":313,"column":69}},{"start":{"line":313,"column":73},"end":{"line":313,"column":114}}],"line":313},"29":{"loc":{"start":{"line":318,"column":8},"end":{"line":367,"column":9}},"type":"if","locations":[{"start":{"line":318,"column":8},"end":{"line":367,"column":9}},{"start":{"line":365,"column":15},"end":{"line":367,"column":9}}],"line":318},"30":{"loc":{"start":{"line":318,"column":12},"end":{"line":318,"column":151}},"type":"binary-expr","locations":[{"start":{"line":318,"column":12},"end":{"line":318,"column":27}},{"start":{"line":318,"column":31},"end":{"line":318,"column":58}},{"start":{"line":318,"column":62},"end":{"line":318,"column":89}},{"start":{"line":318,"column":93},"end":{"line":318,"column":120}},{"start":{"line":318,"column":124},"end":{"line":318,"column":151}}],"line":318},"31":{"loc":{"start":{"line":348,"column":12},"end":{"line":350,"column":13}},"type":"if","locations":[{"start":{"line":348,"column":12},"end":{"line":350,"column":13}},{"start":{},"end":{}}],"line":348},"32":{"loc":{"start":{"line":375,"column":86},"end":{"line":375,"column":108}},"type":"default-arg","locations":[{"start":{"line":375,"column":103},"end":{"line":375,"column":108}}],"line":375},"33":{"loc":{"start":{"line":402,"column":8},"end":{"line":404,"column":9}},"type":"if","locations":[{"start":{"line":402,"column":8},"end":{"line":404,"column":9}},{"start":{},"end":{}}],"line":402},"34":{"loc":{"start":{"line":425,"column":6},"end":{"line":446,"column":7}},"type":"if","locations":[{"start":{"line":425,"column":6},"end":{"line":446,"column":7}},{"start":{"line":444,"column":13},"end":{"line":446,"column":7}}],"line":425},"35":{"loc":{"start":{"line":430,"column":8},"end":{"line":430,"column":64}},"type":"if","locations":[{"start":{"line":430,"column":8},"end":{"line":430,"column":64}},{"start":{},"end":{}}],"line":430},"36":{"loc":{"start":{"line":431,"column":8},"end":{"line":431,"column":64}},"type":"if","locations":[{"start":{"line":431,"column":8},"end":{"line":431,"column":64}},{"start":{},"end":{}}],"line":431},"37":{"loc":{"start":{"line":432,"column":8},"end":{"line":432,"column":58}},"type":"if","locations":[{"start":{"line":432,"column":8},"end":{"line":432,"column":58}},{"start":{},"end":{}}],"line":432},"38":{"loc":{"start":{"line":436,"column":10},"end":{"line":436,"column":62}},"type":"if","locations":[{"start":{"line":436,"column":10},"end":{"line":436,"column":62}},{"start":{},"end":{}}],"line":436},"39":{"loc":{"start":{"line":437,"column":10},"end":{"line":437,"column":62}},"type":"if","locations":[{"start":{"line":437,"column":10},"end":{"line":437,"column":62}},{"start":{},"end":{}}],"line":437},"40":{"loc":{"start":{"line":438,"column":10},"end":{"line":438,"column":56}},"type":"if","locations":[{"start":{"line":438,"column":10},"end":{"line":438,"column":56}},{"start":{},"end":{}}],"line":438},"41":{"loc":{"start":{"line":600,"column":16},"end":{"line":600,"column":78}},"type":"binary-expr","locations":[{"start":{"line":600,"column":16},"end":{"line":600,"column":41}},{"start":{"line":600,"column":45},"end":{"line":600,"column":78}}],"line":600},"42":{"loc":{"start":{"line":604,"column":27},"end":{"line":604,"column":85}},"type":"binary-expr","locations":[{"start":{"line":604,"column":27},"end":{"line":604,"column":36}},{"start":{"line":604,"column":41},"end":{"line":604,"column":84}}],"line":604},"43":{"loc":{"start":{"line":606,"column":13},"end":{"line":606,"column":78}},"type":"binary-expr","locations":[{"start":{"line":606,"column":13},"end":{"line":606,"column":22}},{"start":{"line":606,"column":27},"end":{"line":606,"column":77}}],"line":606},"44":{"loc":{"start":{"line":609,"column":27},"end":{"line":609,"column":85}},"type":"binary-expr","locations":[{"start":{"line":609,"column":27},"end":{"line":609,"column":36}},{"start":{"line":609,"column":41},"end":{"line":609,"column":84}}],"line":609},"45":{"loc":{"start":{"line":611,"column":13},"end":{"line":611,"column":78}},"type":"binary-expr","locations":[{"start":{"line":611,"column":13},"end":{"line":611,"column":22}},{"start":{"line":611,"column":27},"end":{"line":611,"column":77}}],"line":611},"46":{"loc":{"start":{"line":614,"column":27},"end":{"line":614,"column":102}},"type":"binary-expr","locations":[{"start":{"line":614,"column":27},"end":{"line":614,"column":36}},{"start":{"line":614,"column":41},"end":{"line":614,"column":101}}],"line":614},"47":{"loc":{"start":{"line":619,"column":13},"end":{"line":619,"column":98}},"type":"binary-expr","locations":[{"start":{"line":619,"column":13},"end":{"line":619,"column":22}},{"start":{"line":619,"column":27},"end":{"line":619,"column":97}}],"line":619},"48":{"loc":{"start":{"line":619,"column":52},"end":{"line":619,"column":97}},"type":"binary-expr","locations":[{"start":{"line":619,"column":52},"end":{"line":619,"column":68}},{"start":{"line":619,"column":72},"end":{"line":619,"column":97}}],"line":619},"49":{"loc":{"start":{"line":620,"column":82},"end":{"line":620,"column":280}},"type":"cond-expr","locations":[{"start":{"line":620,"column":103},"end":{"line":620,"column":234}},{"start":{"line":620,"column":238},"end":{"line":620,"column":280}}],"line":620},"50":{"loc":{"start":{"line":620,"column":282},"end":{"line":680,"column":100}},"type":"cond-expr","locations":[{"start":{"line":620,"column":305},"end":{"line":680,"column":54}},{"start":{"line":680,"column":58},"end":{"line":680,"column":100}}],"line":620},"51":{"loc":{"start":{"line":622,"column":13},"end":{"line":622,"column":71}},"type":"binary-expr","locations":[{"start":{"line":622,"column":13},"end":{"line":622,"column":22}},{"start":{"line":622,"column":27},"end":{"line":622,"column":70}}],"line":622},"52":{"loc":{"start":{"line":625,"column":27},"end":{"line":625,"column":93}},"type":"binary-expr","locations":[{"start":{"line":625,"column":27},"end":{"line":625,"column":36}},{"start":{"line":625,"column":41},"end":{"line":625,"column":92}}],"line":625},"53":{"loc":{"start":{"line":626,"column":14},"end":{"line":626,"column":115}},"type":"binary-expr","locations":[{"start":{"line":626,"column":14},"end":{"line":626,"column":23}},{"start":{"line":626,"column":28},"end":{"line":626,"column":114}}],"line":626},"54":{"loc":{"start":{"line":635,"column":27},"end":{"line":635,"column":93}},"type":"binary-expr","locations":[{"start":{"line":635,"column":27},"end":{"line":635,"column":36}},{"start":{"line":635,"column":41},"end":{"line":635,"column":92}}],"line":635},"55":{"loc":{"start":{"line":636,"column":14},"end":{"line":636,"column":117}},"type":"binary-expr","locations":[{"start":{"line":636,"column":14},"end":{"line":636,"column":24}},{"start":{"line":636,"column":29},"end":{"line":636,"column":116}}],"line":636},"56":{"loc":{"start":{"line":644,"column":27},"end":{"line":644,"column":93}},"type":"binary-expr","locations":[{"start":{"line":644,"column":27},"end":{"line":644,"column":37}},{"start":{"line":644,"column":42},"end":{"line":644,"column":92}}],"line":644},"57":{"loc":{"start":{"line":650,"column":27},"end":{"line":650,"column":93}},"type":"binary-expr","locations":[{"start":{"line":650,"column":27},"end":{"line":650,"column":37}},{"start":{"line":650,"column":42},"end":{"line":650,"column":92}}],"line":650},"58":{"loc":{"start":{"line":656,"column":27},"end":{"line":656,"column":93}},"type":"binary-expr","locations":[{"start":{"line":656,"column":27},"end":{"line":656,"column":37}},{"start":{"line":656,"column":42},"end":{"line":656,"column":92}}],"line":656},"59":{"loc":{"start":{"line":662,"column":27},"end":{"line":662,"column":93}},"type":"binary-expr","locations":[{"start":{"line":662,"column":27},"end":{"line":662,"column":37}},{"start":{"line":662,"column":42},"end":{"line":662,"column":92}}],"line":662},"60":{"loc":{"start":{"line":669,"column":27},"end":{"line":669,"column":102}},"type":"binary-expr","locations":[{"start":{"line":669,"column":27},"end":{"line":669,"column":37}},{"start":{"line":669,"column":42},"end":{"line":669,"column":101}}],"line":669},"61":{"loc":{"start":{"line":672,"column":13},"end":{"line":672,"column":108}},"type":"binary-expr","locations":[{"start":{"line":672,"column":13},"end":{"line":672,"column":23}},{"start":{"line":672,"column":28},"end":{"line":672,"column":107}}],"line":672},"62":{"loc":{"start":{"line":672,"column":54},"end":{"line":672,"column":107}},"type":"binary-expr","locations":[{"start":{"line":672,"column":54},"end":{"line":672,"column":74}},{"start":{"line":672,"column":78},"end":{"line":672,"column":107}}],"line":672},"63":{"loc":{"start":{"line":673,"column":104},"end":{"line":680,"column":52}},"type":"cond-expr","locations":[{"start":{"line":673,"column":127},"end":{"line":680,"column":6}},{"start":{"line":680,"column":10},"end":{"line":680,"column":52}}],"line":673},"64":{"loc":{"start":{"line":676,"column":13},"end":{"line":676,"column":112}},"type":"binary-expr","locations":[{"start":{"line":676,"column":13},"end":{"line":676,"column":23}},{"start":{"line":676,"column":28},"end":{"line":676,"column":111}}],"line":676},"65":{"loc":{"start":{"line":676,"column":54},"end":{"line":676,"column":111}},"type":"binary-expr","locations":[{"start":{"line":676,"column":54},"end":{"line":676,"column":76}},{"start":{"line":676,"column":80},"end":{"line":676,"column":111}}],"line":676},"66":{"loc":{"start":{"line":680,"column":102},"end":{"line":686,"column":63}},"type":"cond-expr","locations":[{"start":{"line":680,"column":120},"end":{"line":686,"column":17}},{"start":{"line":686,"column":21},"end":{"line":686,"column":63}}],"line":680},"67":{"loc":{"start":{"line":683,"column":13},"end":{"line":683,"column":109}},"type":"binary-expr","locations":[{"start":{"line":683,"column":13},"end":{"line":683,"column":23}},{"start":{"line":683,"column":28},"end":{"line":683,"column":108}}],"line":683},"68":{"loc":{"start":{"line":685,"column":13},"end":{"line":685,"column":74}},"type":"binary-expr","locations":[{"start":{"line":685,"column":13},"end":{"line":685,"column":23}},{"start":{"line":685,"column":28},"end":{"line":685,"column":73}}],"line":685}},"s":{"0":1,"1":1,"2":1,"3":1,"4":1,"5":1,"6":1,"7":1,"8":1,"9":1,"10":1,"11":1,"12":4,"13":4,"14":6,"15":2,"16":0,"17":0,"18":0,"19":0,"20":0,"21":0,"22":0,"23":0,"24":0,"25":0,"26":0,"27":0,"28":0,"29":0,"30":0,"31":0,"32":1,"33":1,"34":1,"35":1,"36":0,"37":0,"38":1,"39":0,"40":0,"41":1,"42":0,"43":0,"44":1,"45":1,"46":0,"47":0,"48":0,"49":0,"50":0,"51":0,"52":0,"53":0,"54":0,"55":0,"56":0,"57":0,"58":0,"59":0,"60":0,"61":0,"62":0,"63":0,"64":0,"65":0,"66":0,"67":0,"68":0,"69":0,"70":0,"71":0,"72":0,"73":0,"74":0,"75":0,"76":0,"77":0,"78":0,"79":0,"80":0,"81":0,"82":0,"83":0,"84":0,"85":0,"86":0,"87":0,"88":0,"89":0,"90":0,"91":0,"92":0,"93":0,"94":0,"95":0,"96":0,"97":0,"98":0,"99":0,"100":0,"101":0,"102":0,"103":0,"104":0,"105":0,"106":0,"107":0,"108":0,"109":0,"110":0,"111":0,"112":0,"113":0,"114":0,"115":0,"116":0,"117":0,"118":0,"119":0,"120":0,"121":0,"122":0,"123":0,"124":0,"125":0,"126":0,"127":0,"128":0,"129":0,"130":0,"131":0,"132":0,"133":0,"134":0,"135":0,"136":0,"137":0,"138":0,"139":0,"140":0,"141":0,"142":0,"143":0,"144":0,"145":0,"146":0,"147":0,"148":0,"149":0,"150":0,"151":0,"152":0,"153":0,"154":0,"155":0,"156":0,"157":0,"158":0,"159":0,"160":0,"161":0,"162":0,"163":0,"164":0,"165":0,"166":0,"167":0,"168":0,"169":0,"170":0,"171":0,"172":0,"173":0,"174":0,"175":0,"176":0,"177":0,"178":0,"179":0,"180":0,"181":0,"182":0,"183":0,"184":0,"185":0,"186":0,"187":0,"188":0,"189":0,"190":0,"191":0,"192":0,"193":0,"194":0,"195":0,"196":0,"197":0,"198":0,"199":0,"200":0,"201":0,"202":0,"203":0,"204":0,"205":0,"206":0,"207":0,"208":0,"209":0,"210":0,"211":0,"212":0,"213":0,"214":0,"215":0,"216":0,"217":0,"218":1,"219":1,"220":1,"221":1,"222":1,"223":1,"224":1,"225":1,"226":1,"227":1,"228":1,"229":1,"230":1,"231":1,"232":1,"233":1,"234":1,"235":1,"236":1,"237":1,"238":1,"239":1,"240":1,"241":1,"242":1,"243":1,"244":1,"245":1,"246":1,"247":1,"248":1,"249":1,"250":1,"251":1,"252":1,"253":1,"254":1,"255":1,"256":1,"257":1,"258":1,"259":1,"260":1,"261":1,"262":1,"263":1,"264":1,"265":1,"266":1,"267":1,"268":1,"269":1,"270":1,"271":7,"272":7,"273":1,"274":1,"275":1,"276":1,"277":0,"278":1,"279":0,"280":0,"281":0,"282":0,"283":0,"284":0,"285":0,"286":0,"287":0,"288":0,"289":0,"290":0,"291":0,"292":0,"293":0,"294":0,"295":1},"f":{"0":4,"1":4,"2":6,"3":2,"4":0,"5":0,"6":1,"7":0,"8":0,"9":0,"10":0,"11":0,"12":0,"13":0,"14":0,"15":0,"16":0,"17":0,"18":0,"19":0,"20":0,"21":0,"22":0,"23":0,"24":0,"25":0,"26":0,"27":0,"28":0,"29":0,"30":0,"31":0,"32":0,"33":0,"34":0,"35":0,"36":0,"37":0,"38":0,"39":0,"40":7,"41":1,"42":1,"43":1,"44":1,"45":0,"46":1,"47":0,"48":0,"49":0,"50":0,"51":0,"52":0,"53":0,"54":0,"55":0,"56":0,"57":0,"58":0,"59":0,"60":0,"61":0,"62":0},"b":{"0":[4,0,0,4,0],"1":[6,6,6,6,6,4],"2":[0,0],"3":[0,0],"4":[0,1],"5":[1,0],"6":[0,1],"7":[1,0],"8":[0,1],"9":[1,0],"10":[0,0],"11":[0,0],"12":[0,0],"13":[0,0,0],"14":[0,0],"15":[0,0],"16":[0,0],"17":[0,0],"18":[0,0],"19":[0,0,0],"20":[0,0],"21":[0,0],"22":[0,0],"23":[0,0],"24":[0,0],"25":[0,0,0],"26":[0,0],"27":[0,0],"28":[0,0,0],"29":[0,0],"30":[0,0,0,0,0],"31":[0,0],"32":[0],"33":[0,0],"34":[0,0],"35":[0,0],"36":[0,0],"37":[0,0],"38":[0,0],"39":[0,0],"40":[0,0],"41":[7,2],"42":[7,4],"43":[7,4],"44":[7,4],"45":[7,4],"46":[7,4],"47":[7,4],"48":[1,1],"49":[1,6],"50":[0,7],"51":[0,0],"52":[0,0],"53":[0,0],"54":[0,0],"55":[0,0],"56":[0,0],"57":[0,0],"58":[0,0],"59":[0,0],"60":[0,0],"61":[0,0],"62":[0,0],"63":[0,0],"64":[0,0],"65":[0,0],"66":[0,7],"67":[0,0],"68":[0,0]},"inputSourceMap":{"0":"{","1":"\"","2":"v","3":"e","4":"r","5":"s","6":"i","7":"o","8":"n","9":"\"","10":":","11":"3","12":",","13":"\"","14":"s","15":"o","16":"u","17":"r","18":"c","19":"e","20":"s","21":"\"","22":":","23":"[","24":"\"","25":"C","26":":","27":"\\","28":"\\","29":"U","30":"s","31":"e","32":"r","33":"s","34":"\\","35":"\\","36":"n","37":"a","38":"t","39":"k","40":"a","41":"\\","42":"\\","43":"D","44":"e","45":"s","46":"k","47":"t","48":"o","49":"p","50":"\\","51":"\\","52":"נ","53":"ט","54":"ש","55":"ה","56":" ","57":"ל","58":"י","59":"מ","60":"ו","61":"ד","62":"י","63":"ם","64":"\\","65":"\\","66":"ש","67":"נ","68":"ה","69":" ","70":"א","71":"ח","72":"ר","73":"ו","74":"נ","75":"ה","76":"\\","77":"\\","78":"ס","79":"מ","80":"ס","81":"ט","82":"ר","83":" ","84":"א","85":"\\","86":"\\","87":"פ","88":"ר","89":"ו","90":"י","91":"ק","92":"ט","93":"\\","94":"\\","95":"f","96":"i","97":"n","98":"a","99":"l","100":"P","101":"r","102":"o","103":"j","104":"e","105":"c","106":"t","107":"\\","108":"\\","109":"f","110":"r","111":"o","112":"n","113":"t","114":"e","115":"n","116":"d","117":"\\","118":"\\","119":"s","120":"r","121":"c","122":"\\","123":"\\","124":"c","125":"o","126":"m","127":"p","128":"o","129":"n","130":"e","131":"n","132":"t","133":"s","134":"\\","135":"\\","136":"R","137":"u","138":"n","139":"Y","140":"a","141":"s","142":"s","143":".","144":"v","145":"u","146":"e","147":"\"","148":"]","149":",","150":"\"","151":"n","152":"a","153":"m","154":"e","155":"s","156":"\"","157":":","158":"[","159":"]","160":",","161":"\"","162":"m","163":"a","164":"p","165":"p","166":"i","167":"n","168":"g","169":"s","170":"\"","171":":","172":"\"","173":";","174":";","175":";","176":";","177":";","178":";","179":";","180":";","181":";","182":";","183":";","184":"A","185":"A","186":"g","187":"H","188":"A","189":";","190":"A","191":"A","192":"C","193":"A","194":";","195":"A","196":"A","197":"C","198":"A","199":";","200":"A","201":"A","202":"E","203":"A","204":";","205":"A","206":"A","207":"D","208":"A","209":";","210":"A","211":"A","212":"A","213":"A","214":",","215":"i","216":"C","217":"A","218":"G","219":"e","220":";","221":"E","222":"A","223":"C","224":"b","225":",","226":"I","227":"A","228":"A","229":"I","230":",","231":"E","232":"A","233":"A","234":"E","235":",","236":"a","237":"A","238":"A","239":"a","240":";","241":"E","242":"A","243":"C","244":"n","245":"B","246":",","247":"U","248":"A","249":"A","250":"U","251":",","252":"E","253":"A","254":"A","255":"E","256":";","257":"I","258":"A","259":"C","260":"V","261":",","262":"a","263":"A","264":"A","265":"a","266":",","267":"E","268":"A","269":"A","270":"b","271":";","272":"E","273":"A","274":"C","275":"F","276":",","277":"C","278":"A","279":"A","280":"C","281":";","282":"E","283":"A","284":"C","285":"D","286":",","287":"I","288":"A","289":"A","290":"I","291":",","292":"G","293":"A","294":"A","295":"G","296":";","297":"I","298":"A","299":"C","300":"L","301":",","302":"O","303":"A","304":"A","305":"O","306":";","307":"M","308":"A","309":"C","310":"L","311":",","312":"Y","313":"A","314":"A","315":"Y","316":",","317":"E","318":"A","319":"A","320":"E","321":",","322":"E","323":"A","324":"A","325":"E","326":";","327":"M","328":"A","329":"C","330":"h","331":"B","332":",","333":"S","334":"A","335":"A","336":"S","337":",","338":"E","339":"A","340":"A","341":"E","342":",","343":"E","344":"A","345":"A","346":"E","347":";","348":"M","349":"A","350":"C","351":"b","352":",","353":"S","354":"A","355":"A","356":"S","357":",","358":"E","359":"A","360":"A","361":"E","362":",","363":"E","364":"A","365":"A","366":"E","367":";","368":"M","369":"A","370":"C","371":"b","372":",","373":"O","374":"A","375":"A","376":"O","377":",","378":"E","379":"A","380":"A","381":"E","382":",","383":"E","384":"A","385":"A","386":"E","387":";","388":"M","389":"A","390":"C","391":"X","392":",","393":"O","394":"A","395":"A","396":"O","397":",","398":"E","399":"A","400":"A","401":"E","402":",","403":"E","404":"A","405":"A","406":"E","407":";","408":"M","409":"A","410":"C","411":"X","412":",","413":"K","414":"A","415":"A","416":"K","417":",","418":"E","419":"A","420":"A","421":"E","422":",","423":"I","424":"A","425":"A","426":"I","427":";","428":"M","429":"A","430":"C","431":"X","432":",","433":"K","434":"A","435":"A","436":"K","437":",","438":"E","439":"A","440":"A","441":"E","442":",","443":"I","444":"A","445":"A","446":"I","447":";","448":"M","449":"A","450":"C","451":"X","452":",","453":"c","454":"A","455":"A","456":"c","457":",","458":"E","459":"A","460":"A","461":"E","462":",","463":"I","464":"A","465":"A","466":"I","467":";","468":"M","469":"A","470":"C","471":"p","472":"B","473":",","474":"e","475":"A","476":"A","477":"e","478":",","479":"E","480":"A","481":"A","482":"E","483":",","484":"I","485":"A","486":"A","487":"I","488":";","489":"M","490":"A","491":"C","492":"r","493":"B","494":",","495":"e","496":"A","497":"A","498":"e","499":",","500":"E","501":"A","502":"A","503":"E","504":",","505":"I","506":"A","507":"A","508":"I","509":";","510":"M","511":"A","512":"C","513":"r","514":"B","515":",","516":"a","517":"A","518":"A","519":"a","520":",","521":"E","522":"A","523":"A","524":"E","525":",","526":"I","527":"A","528":"A","529":"I","530":";","531":"M","532":"A","533":"C","534":"n","535":"B","536":",","537":"O","538":"A","539":"A","540":"O","541":",","542":"E","543":"A","544":"A","545":"E","546":",","547":"K","548":"A","549":"A","550":"K","551":";","552":"M","553":"A","554":"C","555":"d","556":",","557":"Q","558":"A","559":"A","560":"Q","561":",","562":"E","563":"A","564":"A","565":"E","566":",","567":"C","568":"A","569":"A","570":"C","571":";","572":"M","573":"A","574":"C","575":"X","576":",","577":"c","578":"A","579":"A","580":"c","581":",","582":"E","583":"A","584":"A","585":"E","586":",","587":"I","588":"A","589":"A","590":"I","591":";","592":"M","593":"A","594":"C","595":"p","596":"B","597":",","598":"U","599":"A","600":"A","601":"U","602":",","603":"E","604":"A","605":"A","606":"E","607":",","608":"E","609":"A","610":"A","611":"E","612":";","613":"M","614":"A","615":"C","616":"d","617":",","618":"S","619":"A","620":"A","621":"S","622":",","623":"E","624":"A","625":"A","626":"E","627":",","628":"K","629":"A","630":"A","631":"K","632":";","633":"M","634":"A","635":"C","636":"h","637":"B","638":",","639":"w","640":"B","641":"A","642":"A","643":"w","644":"B","645":",","646":"E","647":"A","648":"A","649":"E","650":",","651":"K","652":"A","653":"A","654":"K","655":";","656":"M","657":"A","658":"A","659":"G","660":";","661":"M","662":"A","663":"C","664":"l","665":"C","666":",","667":"a","668":"A","669":"A","670":"a","671":",","672":"E","673":"A","674":"A","675":"E","676":",","677":"I","678":"A","679":"A","680":"I","681":";","682":"M","683":"A","684":"C","685":"n","686":"B","687":",","688":"m","689":"B","690":"A","691":"A","692":"m","693":"B","694":",","695":"E","696":"A","697":"A","698":"E","699":",","700":"I","701":"A","702":"A","703":"I","704":";","705":"M","706":"A","707":"C","708":"z","709":"B","710":",","711":"0","712":"B","713":"A","714":"A","715":"0","716":"B","717":",","718":"E","719":"A","720":"A","721":"E","722":",","723":"I","724":"A","725":"A","726":"I","727":";","728":"M","729":"A","730":"C","731":"h","732":"C","733":",","734":"0","735":"B","736":"A","737":"A","738":"0","739":"B","740":",","741":"E","742":"A","743":"A","744":"E","745":",","746":"I","747":"A","748":"A","749":"I","750":";","751":"M","752":"A","753":"C","754":"h","755":"C","756":",","757":"U","758":"A","759":"A","760":"U","761":",","762":"E","763":"A","764":"A","765":"E","766":";","767":"Q","768":"A","769":"C","770":"V","771":",","772":"E","773":"A","774":"A","775":"E","776":",","777":"E","778":"A","779":"A","780":"E","781":",","782":"I","783":"A","784":"A","785":"I","786":";","787":"Q","788":"A","789":"C","790":"R","791":",","792":"E","793":"A","794":"A","795":"E","796":",","797":"E","798":"A","799":"A","800":"E","801":",","802":"I","803":"A","804":"A","805":"I","806":";","807":"Q","808":"A","809":"C","810":"R","811":",","812":"E","813":"A","814":"A","815":"E","816":",","817":"E","818":"A","819":"A","820":"E","821":",","822":"I","823":"A","824":"A","825":"I","826":";","827":"Q","828":"A","829":"C","830":"R","831":",","832":"E","833":"A","834":"A","835":"E","836":",","837":"E","838":"A","839":"A","840":"E","841":";","842":"M","843":"A","844":"C","845":"N","846":",","847":"C","848":"A","849":"A","850":"C","851":";","852":"M","853":"A","854":"C","855":"D","856":",","857":"W","858":"A","859":"A","860":"W","861":",","862":"E","863":"A","864":"A","865":"E","866":",","867":"K","868":"A","869":"A","870":"K","871":";","872":"M","873":"A","874":"C","875":"l","876":"B","877":",","878":"S","879":"A","880":"A","881":"S","882":",","883":"E","884":"A","885":"A","886":"E","887":",","888":"K","889":"A","890":"A","891":"K","892":";","893":"M","894":"A","895":"C","896":"h","897":"B","898":",","899":"s","900":"B","901":"A","902":"A","903":"s","904":"B","905":",","906":"E","907":"A","908":"A","909":"E","910":",","911":"K","912":"A","913":"A","914":"K","915":",","916":"C","917":"A","918":"A","919":"K","920":";","921":"I","922":"A","923":"G","924":"p","925":"C","926":",","927":"C","928":"A","929":"A","930":"C","931":";","932":"E","933":"A","934":"C","935":"H","936":",","937":"C","938":"A","939":"A","940":"C","941":";","942":"E","943":"A","944":"C","945":"D","946":",","947":"O","948":"A","949":"A","950":"O","951":",","952":"G","953":"A","954":"A","955":"G","956":";","957":"I","958":"A","959":"C","960":"R","961":",","962":"I","963":"A","964":"A","965":"I","966":",","967":"C","968":"A","969":"A","970":"C","971":",","972":"a","973":"A","974":"A","975":"a","976":",","977":"G","978":"A","979":"A","980":"I","981":",","982":"I","983":"A","984":"A","985":"I","986":",","987":"C","988":"A","989":"A","990":"C","991":",","992":"M","993":"A","994":"A","995":"M","996":",","997":"I","998":"A","999":"A","1000":"I","1001":",","1002":"I","1003":"A","1004":"A","1005":"I","1006":",","1007":"C","1008":"A","1009":"A","1010":"C","1011":",","1012":"M","1013":"A","1014":"A","1015":"M","1016":",","1017":"C","1018":"A","1019":"A","1020":"C","1021":",","1022":"M","1023":"A","1024":"A","1025":"M","1026":",","1027":"I","1028":"A","1029":"A","1030":"I","1031":",","1032":"I","1033":"A","1034":"A","1035":"I","1036":",","1037":"C","1038":"A","1039":"A","1040":"C","1041":",","1042":"M","1043":"A","1044":"A","1045":"M","1046":",","1047":"C","1048":"A","1049":"A","1050":"C","1051":",","1052":"M","1053":"A","1054":"A","1055":"M","1056":",","1057":"C","1058":"A","1059":"A","1060":"C","1061":",","1062":"a","1063":"A","1064":"A","1065":"a","1066":",","1067":"I","1068":"A","1069":"A","1070":"M","1071":",","1072":"I","1073":"A","1074":"A","1075":"I","1076":",","1077":"C","1078":"A","1079":"A","1080":"C","1081":",","1082":"c","1083":"A","1084":"A","1085":"c","1086":",","1087":"I","1088":"A","1089":"A","1090":"I","1091":",","1092":"I","1093":"A","1094":"A","1095":"I","1096":",","1097":"C","1098":"A","1099":"A","1100":"C","1101":",","1102":"c","1103":"A","1104":"A","1105":"c","1106":",","1107":"C","1108":"A","1109":"A","1110":"C","1111":",","1112":"a","1113":"A","1114":"A","1115":"c","1116":";","1117":"E","1118":"A","1119":"C","1120":"5","1121":"J","1122":",","1123":"C","1124":"A","1125":"A","1126":"C","1127":";","1128":"E","1129":"A","1130":"C","1131":"D","1132":",","1133":"Q","1134":"A","1135":"A","1136":"Q","1137":",","1138":"E","1139":"A","1140":"A","1141":"E","1142":";","1143":"I","1144":"A","1145":"C","1146":"R","1147":",","1148":"o","1149":"B","1150":"A","1151":"A","1152":"o","1153":"B","1154":",","1155":"G","1156":"A","1157":"A","1158":"G","1159":";","1160":"M","1161":"A","1162":"C","1163":"r","1164":"B","1165":",","1166":"O","1167":"A","1168":"A","1169":"O","1170":",","1171":"I","1172":"A","1173":"A","1174":"I","1175":",","1176":"C","1177":"A","1178":"A","1179":"C","1180":",","1181":"S","1182":"A","1183":"A","1184":"S","1185":",","1186":"I","1187":"A","1188":"A","1189":"I","1190":",","1191":"I","1192":"A","1193":"A","1194":"I","1195":",","1196":"C","1197":"A","1198":"A","1199":"C","1200":",","1201":"S","1202":"A","1203":"A","1204":"S","1205":",","1206":"I","1207":"A","1208":"A","1209":"I","1210":",","1211":"I","1212":"A","1213":"A","1214":"I","1215":",","1216":"C","1217":"A","1218":"A","1219":"C","1220":",","1221":"K","1222":"A","1223":"A","1224":"K","1225":",","1226":"I","1227":"A","1228":"A","1229":"I","1230":",","1231":"I","1232":"A","1233":"A","1234":"I","1235":",","1236":"C","1237":"A","1238":"A","1239":"C","1240":",","1241":"K","1242":"A","1243":"A","1244":"K","1245":",","1246":"I","1247":"A","1248":"A","1249":"I","1250":",","1251":"I","1252":"A","1253":"A","1254":"I","1255":",","1256":"C","1257":"A","1258":"A","1259":"C","1260":",","1261":"O","1262":"A","1263":"A","1264":"O","1265":",","1266":"I","1267":"A","1268":"A","1269":"I","1270":",","1271":"I","1272":"A","1273":"A","1274":"I","1275":",","1276":"C","1277":"A","1278":"A","1279":"C","1280":",","1281":"O","1282":"A","1283":"A","1284":"O","1285":";","1286":"I","1287":"A","1288":"C","1289":"r","1290":"G","1291":";","1292":"E","1293":"A","1294":"C","1295":"F","1296":",","1297":"C","1298":"A","1299":"A","1300":"C","1301":";","1302":"E","1303":"A","1304":"C","1305":"D","1306":",","1307":"O","1308":"A","1309":"A","1310":"O","1311":",","1312":"E","1313":"A","1314":"A","1315":"E","1316":";","1317":"I","1318":"A","1319":"C","1320":"P","1321":",","1322":"W","1323":"A","1324":"A","1325":"W","1326":",","1327":"C","1328":"A","1329":"A","1330":"C","1331":",","1332":"O","1333":"A","1334":"A","1335":"O","1336":",","1337":"E","1338":"A","1339":"A","1340":"E","1341":";","1342":"M","1343":"A","1344":"C","1345":"n","1346":"B","1347":",","1348":"I","1349":"A","1350":"A","1351":"I","1352":",","1353":"C","1354":"A","1355":"A","1356":"C","1357":",","1358":"a","1359":"A","1360":"A","1361":"a","1362":",","1363":"G","1364":"A","1365":"A","1366":"G","1367":",","1368":"O","1369":"A","1370":"A","1371":"O","1372":";","1373":"I","1374":"A","1375":"C","1376":"9","1377":"B","1378":",","1379":"C","1380":"A","1381":"A","1382":"C","1383":";","1384":"I","1385":"A","1386":"C","1387":"D","1388":",","1389":"W","1390":"A","1391":"A","1392":"W","1393":",","1394":"G","1395":"A","1396":"A","1397":"G","1398":";","1399":"M","1400":"A","1401":"C","1402":"Z","1403":",","1404":"I","1405":"A","1406":"A","1407":"I","1408":",","1409":"C","1410":"A","1411":"A","1412":"C","1413":",","1414":"K","1415":"A","1416":"A","1417":"K","1418":",","1419":"G","1420":"A","1421":"A","1422":"G","1423":",","1424":"I","1425":"A","1426":"A","1427":"I","1428":";","1429":"M","1430":"A","1431":"C","1432":"j","1433":"B","1434":",","1435":"I","1436":"A","1437":"A","1438":"I","1439":",","1440":"C","1441":"A","1442":"A","1443":"C","1444":",","1445":"K","1446":"A","1447":"A","1448":"K","1449":",","1450":"G","1451":"A","1452":"A","1453":"G","1454":",","1455":"I","1456":"A","1457":"A","1458":"I","1459":";","1460":"M","1461":"A","1462":"C","1463":"j","1464":"B","1465":",","1466":"I","1467":"A","1468":"A","1469":"I","1470":",","1471":"C","1472":"A","1473":"A","1474":"C","1475":",","1476":"S","1477":"A","1478":"A","1479":"S","1480":",","1481":"G","1482":"A","1483":"A","1484":"G","1485":",","1486":"E","1487":"A","1488":"A","1489":"E","1490":";","1491":"M","1492":"A","1493":"C","1494":"n","1495":"B","1496":",","1497":"I","1498":"A","1499":"A","1500":"I","1501":",","1502":"C","1503":"A","1504":"A","1505":"C","1506":",","1507":"S","1508":"A","1509":"A","1510":"S","1511":",","1512":"G","1513":"A","1514":"A","1515":"G","1516":",","1517":"E","1518":"A","1519":"A","1520":"E","1521":";","1522":"M","1523":"A","1524":"C","1525":"n","1526":"B","1527":",","1528":"I","1529":"A","1530":"A","1531":"I","1532":",","1533":"C","1534":"A","1535":"A","1536":"C","1537":",","1538":"O","1539":"A","1540":"A","1541":"O","1542":",","1543":"G","1544":"A","1545":"A","1546":"G","1547":",","1548":"E","1549":"A","1550":"A","1551":"E","1552":";","1553":"M","1554":"A","1555":"C","1556":"j","1557":"B","1558":",","1559":"I","1560":"A","1561":"A","1562":"I","1563":",","1564":"C","1565":"A","1566":"A","1567":"C","1568":",","1569":"O","1570":"A","1571":"A","1572":"O","1573":",","1574":"G","1575":"A","1576":"A","1577":"G","1578":",","1579":"E","1580":"A","1581":"A","1582":"E","1583":";","1584":"M","1585":"A","1586":"C","1587":"j","1588":"B","1589":",","1590":"I","1591":"A","1592":"A","1593":"I","1594":",","1595":"C","1596":"A","1597":"A","1598":"C","1599":",","1600":"Y","1601":"A","1602":"A","1603":"Y","1604":",","1605":"G","1606":"A","1607":"A","1608":"G","1609":",","1610":"E","1611":"A","1612":"A","1613":"E","1614":";","1615":"M","1616":"A","1617":"C","1618":"t","1619":"B","1620":",","1621":"M","1622":"A","1623":"A","1624":"M","1625":",","1626":"U","1627":"A","1628":"A","1629":"U","1630":",","1631":"G","1632":"A","1633":"A","1634":"G","1635":",","1636":"I","1637":"A","1638":"A","1639":"I","1640":",","1641":"C","1642":"A","1643":"A","1644":"C","1645":",","1646":"K","1647":"A","1648":"A","1649":"K","1650":",","1651":"C","1652":"A","1653":"A","1654":"C","1655":",","1656":"K","1657":"A","1658":"A","1659":"K","1660":";","1661":"M","1662":"A","1663":"C","1664":"n","1665":"C","1666":",","1667":"M","1668":"A","1669":"A","1670":"M","1671":",","1672":"U","1673":"A","1674":"A","1675":"U","1676":",","1677":"G","1678":"A","1679":"A","1680":"G","1681":",","1682":"I","1683":"A","1684":"A","1685":"I","1686":",","1687":"C","1688":"A","1689":"A","1690":"C","1691":",","1692":"K","1693":"A","1694":"A","1695":"K","1696":",","1697":"C","1698":"A","1699":"A","1700":"C","1701":",","1702":"K","1703":"A","1704":"A","1705":"K","1706":";","1707":"M","1708":"A","1709":"C","1710":"n","1711":"C","1712":",","1713":"I","1714":"A","1715":"A","1716":"I","1717":",","1718":"U","1719":"A","1720":"A","1721":"U","1722":",","1723":"E","1724":"A","1725":"A","1726":"E","1727":",","1728":"U","1729":"A","1730":"A","1731":"U","1732":",","1733":"C","1734":"A","1735":"A","1736":"C","1737":",","1738":"K","1739":"A","1740":"A","1741":"K","1742":",","1743":"G","1744":"A","1745":"A","1746":"G","1747":",","1748":"E","1749":"A","1750":"A","1751":"E","1752":";","1753":"M","1754":"A","1755":"C","1756":"r","1757":"C","1758":",","1759":"I","1760":"A","1761":"A","1762":"I","1763":",","1764":"U","1765":"A","1766":"A","1767":"U","1768":",","1769":"E","1770":"A","1771":"A","1772":"E","1773":",","1774":"U","1775":"A","1776":"A","1777":"U","1778":",","1779":"C","1780":"A","1781":"A","1782":"C","1783":",","1784":"K","1785":"A","1786":"A","1787":"K","1788":",","1789":"G","1790":"A","1791":"A","1792":"G","1793":",","1794":"E","1795":"A","1796":"A","1797":"E","1798":";","1799":"I","1800":"A","1801":"C","1802":"v","1803":"C","1804":",","1805":"C","1806":"A","1807":"A","1808":"C","1809":";","1810":"I","1811":"A","1812":"C","1813":"D","1814":",","1815":"g","1816":"B","1817":"A","1818":"A","1819":"g","1820":"B","1821":",","1822":"C","1823":"A","1824":"A","1825":"C","1826":",","1827":"O","1828":"A","1829":"A","1830":"O","1831":",","1832":"E","1833":"A","1834":"A","1835":"E","1836":";","1837":"M","1838":"A","1839":"C","1840":"x","1841":"B","1842":",","1843":"M","1844":"A","1845":"A","1846":"M","1847":",","1848":"I","1849":"A","1850":"A","1851":"I","1852":",","1853":"G","1854":"A","1855":"A","1856":"G","1857":",","1858":"I","1859":"A","1860":"A","1861":"I","1862":",","1863":"C","1864":"A","1865":"A","1866":"C","1867":",","1868":"K","1869":"A","1870":"A","1871":"K","1872":",","1873":"C","1874":"A","1875":"A","1876":"C","1877":",","1878":"O","1879":"A","1880":"A","1881":"O","1882":",","1883":"C","1884":"A","1885":"A","1886":"C","1887":",","1888":"C","1889":"A","1890":"A","1891":"C","1892":",","1893":"K","1894":"A","1895":"A","1896":"K","1897":",","1898":"C","1899":"A","1900":"A","1901":"C","1902":",","1903":"C","1904":"A","1905":"A","1906":"C","1907":",","1908":"C","1909":"A","1910":"A","1911":"C","1912":";","1913":"M","1914":"A","1915":"C","1916":"z","1917":"C","1918":",","1919":"I","1920":"A","1921":"A","1922":"I","1923":",","1924":"C","1925":"A","1926":"A","1927":"C","1928":",","1929":"O","1930":"A","1931":"A","1932":"O","1933":",","1934":"C","1935":"A","1936":"A","1937":"C","1938":",","1939":"G","1940":"A","1941":"A","1942":"G","1943":",","1944":"I","1945":"A","1946":"A","1947":"I","1948":";","1949":"M","1950":"A","1951":"C","1952":"p","1953":"B","1954":",","1955":"I","1956":"A","1957":"A","1958":"I","1959":",","1960":"C","1961":"A","1962":"A","1963":"C","1964":",","1965":"W","1966":"A","1967":"A","1968":"W","1969":",","1970":"C","1971":"A","1972":"A","1973":"C","1974":",","1975":"Q","1976":"A","1977":"A","1978":"Q","1979":",","1980":"C","1981":"A","1982":"A","1983":"C","1984":";","1985":"I","1986":"A","1987":"C","1988":"5","1989":"B","1990":",","1991":"C","1992":"A","1993":"A","1994":"C","1995":";","1996":"I","1997":"A","1998":"C","1999":"D","2000":",","2001":"M","2002":"A","2003":"A","2004":"M","2005":",","2006":"W","2007":"A","2008":"A","2009":"W","2010":",","2011":"G","2012":"A","2013":"A","2014":"G","2015":";","2016":"M","2017":"A","2018":"C","2019":"l","2020":"B","2021":",","2022":"I","2023":"A","2024":"A","2025":"I","2026":",","2027":"C","2028":"A","2029":"A","2030":"C","2031":",","2032":"S","2033":"A","2034":"A","2035":"S","2036":",","2037":"G","2038":"A","2039":"A","2040":"G","2041":",","2042":"I","2043":"A","2044":"A","2045":"I","2046":",","2047":"C","2048":"A","2049":"A","2050":"C","2051":",","2052":"C","2053":"A","2054":"A","2055":"E","2056":";","2057":";","2058":"M","2059":"A","2060":"E","2061":"1","2062":"B","2063":",","2064":"O","2065":"A","2066":"A","2067":"O","2068":",","2069":"C","2070":"A","2071":"A","2072":"C","2073":",","2074":"G","2075":"A","2076":"A","2077":"G","2078":",","2079":"C","2080":"A","2081":"A","2082":"C","2083":",","2084":"6","2085":"B","2086":"A","2087":"A","2088":"6","2089":"B","2090":",","2091":"C","2092":"A","2093":"A","2094":"C","2095":";","2096":"M","2097":"A","2098":"C","2099":"1","2100":"C","2101":",","2102":"M","2103":"A","2104":"A","2105":"M","2106":",","2107":"Q","2108":"A","2109":"A","2110":"Q","2111":",","2112":"G","2113":"A","2114":"A","2115":"G","2116":",","2117":"I","2118":"A","2119":"A","2120":"I","2121":",","2122":"Q","2123":"A","2124":"A","2125":"Q","2126":",","2127":"C","2128":"A","2129":"A","2130":"C","2131":",","2132":"C","2133":"A","2134":"A","2135":"C","2136":";","2137":"M","2138":"A","2139":"C","2140":"/","2141":"B","2142":",","2143":"I","2144":"A","2145":"A","2146":"I","2147":",","2148":"I","2149":"A","2150":"A","2151":"I","2152":",","2153":"C","2154":"A","2155":"A","2156":"C","2157":",","2158":"K","2159":"A","2160":"A","2161":"K","2162":",","2163":"I","2164":"A","2165":"A","2166":"I","2167":",","2168":"I","2169":"A","2170":"A","2171":"I","2172":",","2173":"C","2174":"A","2175":"A","2176":"C","2177":",","2178":"K","2179":"A","2180":"A","2181":"K","2182":",","2183":"E","2184":"A","2185":"A","2186":"E","2187":";","2188":"Q","2189":"A","2190":"C","2191":"5","2192":"B","2193":",","2194":"Q","2195":"A","2196":"A","2197":"Q","2198":",","2199":"C","2200":"A","2201":"A","2202":"C","2203":",","2204":"M","2205":"A","2206":"A","2207":"M","2208":",","2209":"C","2210":"A","2211":"A","2212":"C","2213":",","2214":"Q","2215":"A","2216":"A","2217":"Q","2218":",","2219":"E","2220":"A","2221":"A","2222":"E","2223":",","2224":"I","2225":"A","2226":"A","2227":"I","2228":",","2229":"C","2230":"A","2231":"A","2232":"C","2233":",","2234":"K","2235":"A","2236":"A","2237":"K","2238":",","2239":"C","2240":"A","2241":"A","2242":"C","2243":";","2244":"Q","2245":"A","2246":"C","2247":"r","2248":"C","2249":",","2250":"Q","2251":"A","2252":"A","2253":"Q","2254":",","2255":"C","2256":"A","2257":"A","2258":"C","2259":",","2260":"M","2261":"A","2262":"A","2263":"M","2264":",","2265":"C","2266":"A","2267":"A","2268":"C","2269":",","2270":"Q","2271":"A","2272":"A","2273":"Q","2274":",","2275":"E","2276":"A","2277":"A","2278":"E","2279":",","2280":"I","2281":"A","2282":"A","2283":"I","2284":",","2285":"C","2286":"A","2287":"A","2288":"C","2289":",","2290":"K","2291":"A","2292":"A","2293":"K","2294":",","2295":"C","2296":"A","2297":"A","2298":"C","2299":";","2300":"M","2301":"A","2302":"C","2303":"v","2304":"C","2305":",","2306":"C","2307":"A","2308":"A","2309":"C","2310":",","2311":"M","2312":"A","2313":"A","2314":"M","2315":",","2316":"I","2317":"A","2318":"A","2319":"I","2320":",","2321":"I","2322":"A","2323":"A","2324":"I","2325":",","2326":"C","2327":"A","2328":"A","2329":"C","2330":",","2331":"S","2332":"A","2333":"A","2334":"S","2335":",","2336":"I","2337":"A","2338":"A","2339":"I","2340":",","2341":"I","2342":"A","2343":"A","2344":"I","2345":",","2346":"C","2347":"A","2348":"A","2349":"C","2350":",","2351":"S","2352":"A","2353":"A","2354":"S","2355":",","2356":"E","2357":"A","2358":"A","2359":"E","2360":";","2361":"Q","2362":"A","2363":"C","2364":"3","2365":"C","2366":",","2367":"Q","2368":"A","2369":"A","2370":"Q","2371":",","2372":"C","2373":"A","2374":"A","2375":"C","2376":",","2377":"M","2378":"A","2379":"A","2380":"M","2381":",","2382":"C","2383":"A","2384":"A","2385":"C","2386":",","2387":"W","2388":"A","2389":"A","2390":"W","2391":",","2392":"E","2393":"A","2394":"A","2395":"E","2396":",","2397":"I","2398":"A","2399":"A","2400":"I","2401":",","2402":"C","2403":"A","2404":"A","2405":"C","2406":",","2407":"S","2408":"A","2409":"A","2410":"S","2411":",","2412":"C","2413":"A","2414":"A","2415":"C","2416":";","2417":"Q","2418":"A","2419":"C","2420":"5","2421":"C","2422":",","2423":"Q","2424":"A","2425":"A","2426":"Q","2427":",","2428":"C","2429":"A","2430":"A","2431":"C","2432":",","2433":"M","2434":"A","2435":"A","2436":"M","2437":",","2438":"C","2439":"A","2440":"A","2441":"C","2442":",","2443":"W","2444":"A","2445":"A","2446":"W","2447":",","2448":"E","2449":"A","2450":"A","2451":"E","2452":",","2453":"I","2454":"A","2455":"A","2456":"I","2457":",","2458":"C","2459":"A","2460":"A","2461":"C","2462":","
[...]
":"b","45593":"o","45594":"r","45595":"d","45596":"e","45597":"r","45598":"-","45599":"r","45600":"a","45601":"d","45602":"i","45603":"u","45604":"s","45605":":","45606":" ","45607":"1","45608":"0","45609":"p","45610":"x","45611":";","45612":"\\","45613":"r","45614":"\\","45615":"n","45616":" ","45617":" ","45618":"m","45619":"a","45620":"x","45621":"-","45622":"w","45623":"i","45624":"d","45625":"t","45626":"h","45627":":","45628":" ","45629":"8","45630":"0","45631":"%","45632":";","45633":"\\","45634":"r","45635":"\\","45636":"n","45637":" ","45638":" ","45639":"m","45640":"a","45641":"x","45642":"-","45643":"h","45644":"e","45645":"i","45646":"g","45647":"h","45648":"t","45649":":","45650":" ","45651":"8","45652":"0","45653":"%","45654":";","45655":"\\","45656":"r","45657":"\\","45658":"n","45659":" ","45660":" ","45661":"o","45662":"v","45663":"e","45664":"r","45665":"f","45666":"l","45667":"o","45668":"w","45669":":","45670":" ","45671":"a","45672":"u","45673":"t","45674":"o","45675":";","45676":"\\","45677":"r","45678":"\\","45679":"n","45680":"}","45681":"\\","45682":"r","45683":"\\","45684":"n","45685":"\\","45686":"r","45687":"\\","45688":"n","45689":" ","45690":" ","45691":"\\","45692":"r","45693":"\\","45694":"n","45695":".","45696":"y","45697":"a","45698":"s","45699":"s","45700":"-","45701":"o","45702":"u","45703":"t","45704":"p","45705":"u","45706":"t","45707":" ","45708":"{","45709":"\\","45710":"r","45711":"\\","45712":"n","45713":" ","45714":" ","45715":"m","45716":"a","45717":"r","45718":"g","45719":"i","45720":"n","45721":"-","45722":"t","45723":"o","45724":"p","45725":":","45726":" ","45727":"2","45728":"0","45729":"p","45730":"x","45731":";","45732":"\\","45733":"r","45734":"\\","45735":"n","45736":" ","45737":" ","45738":"w","45739":"i","45740":"d","45741":"t","45742":"h","45743":":","45744":" ","45745":"1","45746":"0","45747":"0","45748":"%","45749":";","45750":"\\","45751":"r","45752":"\\","45753":"n","45754":" ","45755":" ","45756":"b","45757":"a","45758":"c","45759":"k","45760":"g","45761":"r","45762":"o","45763":"u","45764":"n","45765":"d","45766":":","45767":" ","45768":"#","45769":"f","45770":"4","45771":"f","45772":"4","45773":"f","45774":"4","45775":";","45776":"\\","45777":"r","45778":"\\","45779":"n","45780":" ","45781":" ","45782":"p","45783":"a","45784":"d","45785":"d","45786":"i","45787":"n","45788":"g","45789":":","45790":" ","45791":"1","45792":"0","45793":"p","45794":"x","45795":";","45796":"\\","45797":"r","45798":"\\","45799":"n","45800":" ","45801":" ","45802":"b","45803":"o","45804":"r","45805":"d","45806":"e","45807":"r","45808":"-","45809":"r","45810":"a","45811":"d","45812":"i","45813":"u","45814":"s","45815":":","45816":" ","45817":"5","45818":"p","45819":"x","45820":";","45821":"\\","45822":"r","45823":"\\","45824":"n","45825":"}","45826":"\\","45827":"r","45828":"\\","45829":"n","45830":".","45831":"m","45832":"o","45833":"d","45834":"a","45835":"l","45836":"-","45837":"o","45838":"v","45839":"e","45840":"r","45841":"l","45842":"a","45843":"y","45844":" ","45845":"{","45846":"\\","45847":"r","45848":"\\","45849":"n","45850":" ","45851":" ","45852":"p","45853":"o","45854":"s","45855":"i","45856":"t","45857":"i","45858":"o","45859":"n","45860":":","45861":" ","45862":"f","45863":"i","45864":"x","45865":"e","45866":"d","45867":";","45868":"\\","45869":"r","45870":"\\","45871":"n","45872":" ","45873":" ","45874":"t","45875":"o","45876":"p","45877":":","45878":" ","45879":"0","45880":";","45881":"\\","45882":"r","45883":"\\","45884":"n","45885":" ","45886":" ","45887":"l","45888":"e","45889":"f","45890":"t","45891":":","45892":" ","45893":"0","45894":";","45895":"\\","45896":"r","45897":"\\","45898":"n","45899":" ","45900":" ","45901":"w","45902":"i","45903":"d","45904":"t","45905":"h","45906":":","45907":" ","45908":"1","45909":"0","45910":"0","45911":"%","45912":";","45913":"\\","45914":"r","45915":"\\","45916":"n","45917":" ","45918":" ","45919":"h","45920":"e","45921":"i","45922":"g","45923":"h","45924":"t","45925":":","45926":" ","45927":"1","45928":"0","45929":"0","45930":"%","45931":";","45932":"\\","45933":"r","45934":"\\","45935":"n","45936":" ","45937":" ","45938":"b","45939":"a","45940":"c","45941":"k","45942":"g","45943":"r","45944":"o","45945":"u","45946":"n","45947":"d","45948":"-","45949":"c","45950":"o","45951":"l","45952":"o","45953":"r","45954":":","45955":" ","45956":"r","45957":"g","45958":"b","45959":"a","45960":"(","45961":"0","45962":",","45963":" ","45964":"0","45965":",","45966":" ","45967":"0","45968":",","45969":" ","45970":"0","45971":".","45972":"5","45973":")","45974":";","45975":"\\","45976":"r","45977":"\\","45978":"n","45979":" ","45980":" ","45981":"d","45982":"i","45983":"s","45984":"p","45985":"l","45986":"a","45987":"y","45988":":","45989":" ","45990":"f","45991":"l","45992":"e","45993":"x","45994":";","45995":"\\","45996":"r","45997":"\\","45998":"n","45999":" ","46000":" ","46001":"a","46002":"l","46003":"i","46004":"g","46005":"n","46006":"-","46007":"i","46008":"t","46009":"e","46010":"m","46011":"s","46012":":","46013":" ","46014":"c","46015":"e","46016":"n","46017":"t","46018":"e","46019":"r","46020":";","46021":"\\","46022":"r","46023":"\\","46024":"n","46025":" ","46026":" ","46027":"j","46028":"u","46029":"s","46030":"t","46031":"i","46032":"f","46033":"y","46034":"-","46035":"c","46036":"o","46037":"n","46038":"t","46039":"e","46040":"n","46041":"t","46042":":","46043":" ","46044":"c","46045":"e","46046":"n","46047":"t","46048":"e","46049":"r","46050":";","46051":"\\","46052":"r","46053":"\\","46054":"n","46055":" ","46056":" ","46057":"z","46058":"-","46059":"i","46060":"n","46061":"d","46062":"e","46063":"x","46064":":","46065":" ","46066":"1","46067":"0","46068":"0","46069":"0","46070":";","46071":"\\","46072":"r","46073":"\\","46074":"n","46075":"}","46076":"\\","46077":"r","46078":"\\","46079":"n","46080":"\\","46081":"r","46082":"\\","46083":"n","46084":"\\","46085":"r","46086":"\\","46087":"n","46088":".","46089":"e","46090":"x","46091":"p","46092":"o","46093":"r","46094":"t","46095":"-","46096":"b","46097":"u","46098":"t","46099":"t","46100":"o","46101":"n","46102":" ","46103":"{","46104":"\\","46105":"r","46106":"\\","46107":"n","46108":" ","46109":" ","46110":"m","46111":"a","46112":"r","46113":"g","46114":"i","46115":"n","46116":"-","46117":"t","46118":"o","46119":"p","46120":":","46121":" ","46122":"2","46123":"0","46124":"p","46125":"x","46126":";","46127":"\\","46128":"r","46129":"\\","46130":"n","46131":" ","46132":" ","46133":"d","46134":"i","46135":"s","46136":"p","46137":"l","46138":"a","46139":"y","46140":":","46141":" ","46142":"f","46143":"l","46144":"e","46145":"x","46146":";","46147":"\\","46148":"r","46149":"\\","46150":"n","46151":" ","46152":" ","46153":"j","46154":"u","46155":"s","46156":"t","46157":"i","46158":"f","46159":"y","46160":"-","46161":"c","46162":"o","46163":"n","46164":"t","46165":"e","46166":"n","46167":"t","46168":":","46169":" ","46170":"c","46171":"e","46172":"n","46173":"t","46174":"e","46175":"r","46176":";","46177":"\\","46178":"r","46179":"\\","46180":"n","46181":"}","46182":"\\","46183":"r","46184":"\\","46185":"n","46186":"\\","46187":"r","46188":"\\","46189":"n","46190":".","46191":"s","46192":"a","46193":"m","46194":"p","46195":"l","46196":"i","46197":"n","46198":"g","46199":"-","46200":"f","46201":"r","46202":"a","46203":"c","46204":"t","46205":"i","46206":"o","46207":"n","46208":" ","46209":"{","46210":"\\","46211":"r","46212":"\\","46213":"n","46214":" ","46215":" ","46216":"m","46217":"a","46218":"r","46219":"g","46220":"i","46221":"n","46222":"-","46223":"t","46224":"o","46225":"p","46226":":","46227":" ","46228":"3","46229":"0","46230":"p","46231":"x","46232":";","46233":" ","46234":" ","46235":"/","46236":"*","46237":" ","46238":"A","46239":"d","46240":"j","46241":"u","46242":"s","46243":"t","46244":" ","46245":"t","46246":"h","46247":"i","46248":"s","46249":" ","46250":"v","46251":"a","46252":"l","46253":"u","46254":"e","46255":" ","46256":"a","46257":"s","46258":" ","46259":"n","46260":"e","46261":"e","46262":"d","46263":"e","46264":"d","46265":" ","46266":"*","46267":"/","46268":"\\","46269":"r","46270":"\\","46271":"n","46272":"}","46273":"\\","46274":"r","46275":"\\","46276":"n","46277":"#","46278":"s","46279":"a","46280":"m","46281":"p","46282":"l","46283":"i","46284":"n","46285":"g","46286":"-","46287":"f","46288":"r","46289":"a","46290":"c","46291":"t","46292":"i","46293":"o","46294":"n","46295":"-","46296":"s","46297":"e","46298":"l","46299":"e","46300":"c","46301":"t","46302":"\\","46303":"r","46304":"\\","46305":"n","46306":" ","46307":"{","46308":"\\","46309":"r","46310":"\\","46311":"n","46312":" ","46313":" ","46314":"b","46315":"a","46316":"c","46317":"k","46318":"g","46319":"r","46320":"o","46321":"u","46322":"n","46323":"d","46324":"-","46325":"c","46326":"o","46327":"l","46328":"o","46329":"r","46330":":","46331":" ","46332":"#","46333":"E","46334":"8","46335":"F","46336":"8","46337":"E","46338":"0","46339":";","46340":" ","46341":"\\","46342":"r","46343":"\\","46344":"n","46345":" ","46346":" ","46347":"b","46348":"o","46349":"r","46350":"d","46351":"e","46352":"r","46353":"-","46354":"r","46355":"a","46356":"d","46357":"i","46358":"u","46359":"s","46360":":","46361":" ","46362":"6","46363":"0","46364":"p","46365":"x","46366":";","46367":" ","46368":" ","46369":"/","46370":"*","46371":" ","46372":"M","46373":"a","46374":"k","46375":"e","46376":"s","46377":" ","46378":"t","46379":"h","46380":"e","46381":" ","46382":"b","46383":"o","46384":"x","46385":" ","46386":"e","46387":"l","46388":"l","46389":"i","46390":"p","46391":"t","46392":"i","46393":"c","46394":"a","46395":"l","46396":" ","46397":"*","46398":"/","46399":"\\","46400":"r","46401":"\\","46402":"n","46403":" ","46404":" ","46405":"p","46406":"a","46407":"d","46408":"d","46409":"i","46410":"n","46411":"g","46412":":","46413":" ","46414":"5","46415":"p","46416":"x","46417":";","46418":" ","46419":" ","46420":"/","46421":"*","46422":" ","46423":"A","46424":"d","46425":"d","46426":"s","46427":" ","46428":"s","46429":"o","46430":"m","46431":"e","46432":" ","46433":"p","46434":"a","46435":"d","46436":"d","46437":"i","46438":"n","46439":"g","46440":" ","46441":"f","46442":"o","46443":"r","46444":" ","46445":"b","46446":"e","46447":"t","46448":"t","46449":"e","46450":"r","46451":" ","46452":"a","46453":"p","46454":"p","46455":"e","46456":"a","46457":"r","46458":"a","46459":"n","46460":"c","46461":"e","46462":" ","46463":"*","46464":"/","46465":"\\","46466":"r","46467":"\\","46468":"n","46469":" ","46470":" ","46471":"b","46472":"o","46473":"r","46474":"d","46475":"e","46476":"r","46477":":","46478":" ","46479":"1","46480":"p","46481":"x","46482":" ","46483":"s","46484":"o","46485":"l","46486":"i","46487":"d","46488":" ","46489":"#","46490":"c","46491":"c","46492":"c","46493":";","46494":" ","46495":" ","46496":"/","46497":"*","46498":" ","46499":"O","46500":"p","46501":"t","46502":"i","46503":"o","46504":"n","46505":"a","46506":"l","46507":":","46508":" ","46509":"a","46510":"d","46511":"d","46512":"s","46513":" ","46514":"a","46515":" ","46516":"b","46517":"o","46518":"r","46519":"d","46520":"e","46521":"r","46522":" ","46523":"*","46524":"/","46525":"\\","46526":"r","46527":"\\","46528":"n","46529":" ","46530":" ","46531":"\\","46532":"r","46533":"\\","46534":"n","46535":"}","46536":"\\","46537":"r","46538":"\\","46539":"n","46540":"#","46541":"m","46542":"a","46543":"n","46544":"u","46545":"a","46546":"l","46547":"-","46548":"s","46549":"a","46550":"m","46551":"p","46552":"l","46553":"i","46554":"n","46555":"g","46556":"-","46557":"f","46558":"r","46559":"a","46560":"c","46561":"t","46562":"i","46563":"o","46564":"n","46565":"-","46566":"s","46567":"e","46568":"l","46569":"e","46570":"c","46571":"t","46572":"\\","46573":"r","46574":"\\","46575":"n","46576":" ","46577":"{","46578":"\\","46579":"r","46580":"\\","46581":"n","46582":" ","46583":" ","46584":"b","46585":"a","46586":"c","46587":"k","46588":"g","46589":"r","46590":"o","46591":"u","46592":"n","46593":"d","46594":"-","46595":"c","46596":"o","46597":"l","46598":"o","46599":"r","46600":":","46601":" ","46602":"#","46603":"E","46604":"8","46605":"F","46606":"8","46607":"E","46608":"0","46609":";","46610":" ","46611":"\\","46612":"r","46613":"\\","46614":"n","46615":" ","46616":" ","46617":"b","46618":"o","46619":"r","46620":"d","46621":"e","46622":"r","46623":"-","46624":"r","46625":"a","46626":"d","46627":"i","46628":"u","46629":"s","46630":":","46631":" ","46632":"6","46633":"0","46634":"p","46635":"x","46636":";","46637":" ","46638":" ","46639":"/","46640":"*","46641":" ","46642":"M","46643":"a","46644":"k","46645":"e","46646":"s","46647":" ","46648":"t","46649":"h","46650":"e","46651":" ","46652":"b","46653":"o","46654":"x","46655":" ","46656":"e","46657":"l","46658":"l","46659":"i","46660":"p","46661":"t","46662":"i","46663":"c","46664":"a","46665":"l","46666":" ","46667":"*","46668":"/","46669":"\\","46670":"r","46671":"\\","46672":"n","46673":" ","46674":" ","46675":"p","46676":"a","46677":"d","46678":"d","46679":"i","46680":"n","46681":"g","46682":":","46683":" ","46684":"5","46685":"p","46686":"x","46687":";","46688":" ","46689":" ","46690":"/","46691":"*","46692":" ","46693":"A","46694":"d","46695":"d","46696":"s","46697":" ","46698":"s","46699":"o","46700":"m","46701":"e","46702":" ","46703":"p","46704":"a","46705":"d","46706":"d","46707":"i","46708":"n","46709":"g","46710":" ","46711":"f","46712":"o","46713":"r","46714":" ","46715":"b","46716":"e","46717":"t","46718":"t","46719":"e","46720":"r","46721":" ","46722":"a","46723":"p","46724":"p","46725":"e","46726":"a","46727":"r","46728":"a","46729":"n","46730":"c","46731":"e","46732":" ","46733":"*","46734":"/","46735":"\\","46736":"r","46737":"\\","46738":"n","46739":" ","46740":" ","46741":"b","46742":"o","46743":"r","46744":"d","46745":"e","46746":"r","46747":":","46748":" ","46749":"1","46750":"p","46751":"x","46752":" ","46753":"s","46754":"o","46755":"l","46756":"i","46757":"d","46758":" ","46759":"#","46760":"c","46761":"c","46762":"c","46763":";","46764":" ","46765":" ","46766":"/","46767":"*","46768":" ","46769":"O","46770":"p","46771":"t","46772":"i","46773":"o","46774":"n","46775":"a","46776":"l","46777":":","46778":" ","46779":"a","46780":"d","46781":"d","46782":"s","46783":" ","46784":"a","46785":" ","46786":"b","46787":"o","46788":"r","46789":"d","46790":"e","46791":"r","46792":" ","46793":"*","46794":"/","46795":"\\","46796":"r","46797":"\\","46798":"n","46799":" ","46800":" ","46801":"\\","46802":"r","46803":"\\","46804":"n","46805":"}","46806":"\\","46807":"r","46808":"\\","46809":"n","46810":".","46811":"l","46812":"a","46813":"b","46814":"e","46815":"l","46816":"-","46817":"s","46818":"p","46819":"a","46820":"c","46821":"e","46822":" ","46823":"{","46824":"\\","46825":"r","46826":"\\","46827":"n","46828":" ","46829":" ","46830":"m","46831":"a","46832":"r","46833":"g","46834":"i","46835":"n","46836":"-","46837":"l","46838":"e","46839":"f","46840":"t","46841":":","46842":" ","46843":"1","46844":"0","46845":"p","46846":"x","46847":";","46848":" ","46849":" ","46850":"/","46851":"*","46852":" ","46853":"A","46854":"d","46855":"j","46856":"u","46857":"s","46858":"t","46859":" ","46860":"t","46861":"h","46862":"i","46863":"s","46864":" ","46865":"v","46866":"a","46867":"l","46868":"u","46869":"e","46870":" ","46871":"a","46872":"s","46873":" ","46874":"n","46875":"e","46876":"e","46877":"d","46878":"e","46879":"d","46880":" ","46881":"t","46882":"o","46883":" ","46884":"i","46885":"n","46886":"c","46887":"r","46888":"e","46889":"a","46890":"s","46891":"e","46892":" ","46893":"s","46894":"p","46895":"a","46896":"c","46897":"e","46898":" ","46899":"a","46900":"f","46901":"t","46902":"e","46903":"r","46904":" ","46905":"t","46906":"h","46907":"e","46908":" ","46909":"c","46910":"o","46911":"l","46912":"o","46913":"n","46914":" ","46915":"*","46916":"/","46917":"\\","46918":"r","46919":"\\","46920":"n","46921":"}","46922":"\\","46923":"r","46924":"\\","46925":"n","46926":"\\","46927":"r","46928":"\\","46929":"n","46930":"#","46931":"a","46932":"p","46933":"p","46934":"l","46935":"y","46936":"-","46937":"z","46938":"o","46939":"o","46940":"m","46941":"-","46942":"b","46943":"u","46944":"t","46945":"t","46946":"o","46947":"n","46948":" ","46949":"{","46950":"\\","46951":"r","46952":"\\","46953":"n","46954":" ","46955":" ","46956":"d","46957":"i","46958":"s","46959":"p","46960":"l","46961":"a","46962":"y","46963":":","46964":" ","46965":"f","46966":"l","46967":"e","46968":"x","46969":";","46970":"\\","46971":"r","46972":"\\","46973":"n","46974":" ","46975":" ","46976":"j","46977":"u","46978":"s","46979":"t","46980":"i","46981":"f","46982":"y","46983":"-","46984":"c","46985":"o","46986":"n","46987":"t","46988":"e","46989":"n","46990":"t","46991":":","46992":" ","46993":"c","46994":"e","46995":"n","46996":"t","46997":"e","46998":"r","46999":";","47000":" ","47001":"/","47002":"*","47003":" ","47004":"C","47005":"e","47006":"n","47007":"t","47008":"e","47009":"r","47010":"s","47011":" ","47012":"t","47013":"h","47014":"e","47015":" ","47016":"b","47017":"u","47018":"t","47019":"t","47020":"o","47021":"n","47022":" ","47023":"h","47024":"o","47025":"r","47026":"i","47027":"z","47028":"o","47029":"n","47030":"t","47031":"a","47032":"l","47033":"l","47034":"y","47035":" ","47036":"*","47037":"/","47038":"\\","47039":"r","47040":"\\","47041":"n","47042":" ","47043":" ","47044":"m","47045":"a","47046":"r","47047":"g","47048":"i","47049":"n","47050":":","47051":" ","47052":"0","47053":" ","47054":"a","47055":"u","47056":"t","47057":"o","47058":";","47059":" ","47060":"/","47061":"*","47062":" ","47063":"C","47064":"e","47065":"n","47066":"t","47067":"e","47068":"r","47069":" ","47070":"a","47071":"l","47072":"i","47073":"g","47074":"n","47075":" ","47076":"t","47077":"h","47078":"e","47079":" ","47080":"b","47081":"u","47082":"t","47083":"t","47084":"o","47085":"n","47086":" ","47087":"*","47088":"/","47089":"\\","47090":"r","47091":"\\","47092":"n","47093":" ","47094":" ","47095":"m","47096":"a","47097":"r","47098":"g","47099":"i","47100":"n","47101":"-","47102":"t","47103":"o","47104":"p","47105":":","47106":" ","47107":"2","47108":"0","47109":"p","47110":"x","47111":";","47112":"\\","47113":"r","47114":"\\","47115":"n","47116":"}","47117":"\\","47118":"r","47119":"\\","47120":"n","47121":"\\","47122":"r","47123":"\\","47124":"n","47125":".","47126":"e","47127":"x","47128":"p","47129":"o","47130":"r","47131":"t","47132":"-","47133":"b","47134":"u","47135":"t","47136":"t","47137":"o","47138":"n","47139":" ","47140":"i","47141":"m","47142":"g","47143":" ","47144":"{","47145":"\\","47146":"r","47147":"\\","47148":"n","47149":" ","47150":" ","47151":"w","47152":"i","47153":"d","47154":"t","47155":"h","47156":":","47157":" ","47158":"5","47159":"0","47160":"p","47161":"x","47162":";","47163":" ","47164":"/","47165":"*","47166":" ","47167":"A","47168":"d","47169":"j","47170":"u","47171":"s","47172":"t","47173":" ","47174":"t","47175":"h","47176":"e","47177":" ","47178":"s","47179":"i","47180":"z","47181":"e","47182":" ","47183":"a","47184":"s","47185":" ","47186":"n","47187":"e","47188":"e","47189":"d","47190":"e","47191":"d","47192":" ","47193":"*","47194":"/","47195":"\\","47196":"r","47197":"\\","47198":"n","47199":" ","47200":" ","47201":"h","47202":"e","47203":"i","47204":"g","47205":"h","47206":"t","47207":":","47208":" ","47209":"a","47210":"u","47211":"t","47212":"o","47213":";","47214":"\\","47215":"r","47216":"\\","47217":"n","47218":"}","47219":"\\","47220":"r","47221":"\\","47222":"n","47223":"<","47224":"/","47225":"s","47226":"t","47227":"y","47228":"l","47229":"e","47230":">","47231":"\\","47232":"r","47233":"\\","47234":"n","47235":"\"","47236":"]","47237":"}"},"_coverageSchema":"1a1c01bbd47fc00a2c39e90264f33305004495a9","hash":"1fbbf3e4fe24545fda6f51786f3104dfb54d40a1"}
}
