TN:
SF:src\components\RunYass.vue
FN:22,(anonymous_0)
FN:60,(anonymous_1)
FN:64,(anonymous_2)
FN:69,(anonymous_3)
FN:72,(anonymous_4)
FN:85,(anonymous_5)
FN:90,(anonymous_6)
FN:117,(anonymous_7)
FN:154,(anonymous_8)
FN:169,(anonymous_9)
FN:200,(anonymous_10)
FN:210,(anonymous_11)
FN:214,(anonymous_12)
FN:233,(anonymous_13)
FN:279,(anonymous_14)
FN:297,(anonymous_15)
FN:328,(anonymous_16)
FN:328,(anonymous_17)
FN:331,(anonymous_18)
FN:336,(anonymous_19)
FN:338,(anonymous_20)
FN:343,(anonymous_21)
FN:354,(anonymous_22)
FN:358,(anonymous_23)
FN:375,(anonymous_24)
FN:375,(anonymous_25)
FN:381,(anonymous_26)
FN:382,(anonymous_27)
FN:384,(anonymous_28)
FN:385,(anonymous_29)
FN:418,(anonymous_30)
FN:418,(anonymous_31)
FN:420,(anonymous_32)
FN:423,(anonymous_33)
FN:423,(anonymous_34)
FN:426,(anonymous_35)
FN:431,(anonymous_36)
FN:437,(anonymous_37)
FN:501,(anonymous_38)
FN:507,(anonymous_39)
FN:511,(anonymous_40)
FN:517,(anonymous_41)
FN:529,(anonymous_42)
FN:558,(anonymous_43)
FN:563,(anonymous_44)
FN:568,(anonymous_45)
FN:572,(anonymous_46)
FN:576,(anonymous_47)
FN:588,(anonymous_48)
FN:777,render
FN:788,(anonymous_50)
FN:790,(anonymous_51)
FN:793,(anonymous_52)
FN:795,(anonymous_53)
FN:798,(anonymous_54)
FN:804,(anonymous_55)
FN:806,(anonymous_56)
FN:809,(anonymous_57)
FN:812,(anonymous_58)
FN:813,(anonymous_59)
FN:815,(anonymous_60)
FN:822,(anonymous_61)
FN:823,(anonymous_62)
FN:825,(anonymous_63)
FN:831,(anonymous_64)
FN:838,(anonymous_65)
FN:845,(anonymous_66)
FN:852,(anonymous_67)
FN:860,(anonymous_68)
FN:863,(anonymous_69)
FN:867,(anonymous_70)
FN:870,(anonymous_71)
FN:874,(anonymous_72)
FN:881,(anonymous_73)
FN:883,(anonymous_74)
FNF:75
FNH:41
FNDA:31,(anonymous_0)
FNDA:31,(anonymous_1)
FNDA:37,(anonymous_2)
FNDA:2,(anonymous_3)
FNDA:1,(anonymous_4)
FNDA:0,(anonymous_5)
FNDA:7,(anonymous_6)
FNDA:0,(anonymous_7)
FNDA:0,(anonymous_8)
FNDA:1,(anonymous_9)
FNDA:3,(anonymous_10)
FNDA:0,(anonymous_11)
FNDA:0,(anonymous_12)
FNDA:3,(anonymous_13)
FNDA:0,(anonymous_14)
FNDA:0,(anonymous_15)
FNDA:0,(anonymous_16)
FNDA:0,(anonymous_17)
FNDA:0,(anonymous_18)
FNDA:0,(anonymous_19)
FNDA:0,(anonymous_20)
FNDA:0,(anonymous_21)
FNDA:0,(anonymous_22)
FNDA:3,(anonymous_23)
FNDA:3,(anonymous_24)
FNDA:3,(anonymous_25)
FNDA:9,(anonymous_26)
FNDA:9,(anonymous_27)
FNDA:3,(anonymous_28)
FNDA:3,(anonymous_29)
FNDA:3,(anonymous_30)
FNDA:3,(anonymous_31)
FNDA:3,(anonymous_32)
FNDA:0,(anonymous_33)
FNDA:3,(anonymous_34)
FNDA:0,(anonymous_35)
FNDA:0,(anonymous_36)
FNDA:2,(anonymous_37)
FNDA:0,(anonymous_38)
FNDA:0,(anonymous_39)
FNDA:0,(anonymous_40)
FNDA:0,(anonymous_41)
FNDA:0,(anonymous_42)
FNDA:0,(anonymous_43)
FNDA:0,(anonymous_44)
FNDA:0,(anonymous_45)
FNDA:0,(anonymous_46)
FNDA:0,(anonymous_47)
FNDA:0,(anonymous_48)
FNDA:67,render
FNDA:1,(anonymous_50)
FNDA:1,(anonymous_51)
FNDA:1,(anonymous_52)
FNDA:1,(anonymous_53)
FNDA:1,(anonymous_54)
FNDA:0,(anonymous_55)
FNDA:1,(anonymous_56)
FNDA:0,(anonymous_57)
FNDA:1,(anonymous_58)
FNDA:1,(anonymous_59)
FNDA:134,(anonymous_60)
FNDA:1,(anonymous_61)
FNDA:1,(anonymous_62)
FNDA:134,(anonymous_63)
FNDA:1,(anonymous_64)
FNDA:1,(anonymous_65)
FNDA:1,(anonymous_66)
FNDA:1,(anonymous_67)
FNDA:0,(anonymous_68)
FNDA:1,(anonymous_69)
FNDA:0,(anonymous_70)
FNDA:0,(anonymous_71)
FNDA:1,(anonymous_72)
FNDA:1,(anonymous_73)
FNDA:0,(anonymous_74)
DA:3,1
DA:4,1
DA:7,1
DA:8,1
DA:9,1
DA:10,1
DA:11,1
DA:12,1
DA:13,1
DA:14,1
DA:15,1
DA:17,1
DA:23,31
DA:61,31
DA:65,37
DA:70,2
DA:73,1
DA:74,1
DA:75,1
DA:76,1
DA:77,1
DA:78,1
DA:79,1
DA:80,1
DA:81,1
DA:82,1
DA:83,1
DA:86,0
DA:87,0
DA:88,0
DA:91,7
DA:93,7
DA:94,7
DA:95,7
DA:96,0
DA:97,0
DA:98,7
DA:99,0
DA:100,0
DA:101,7
DA:102,4
DA:103,4
DA:105,3
DA:106,3
DA:110,4
DA:111,4
DA:112,4
DA:113,4
DA:114,4
DA:118,0
DA:120,3
DA:121,1
DA:122,1
DA:124,2
DA:125,2
DA:126,2
DA:127,0
DA:128,0
DA:129,0
DA:130,0
DA:133,2
DA:134,1
DA:136,1
DA:145,1
DA:146,1
DA:147,1
DA:148,1
DA:151,1
DA:152,0
DA:153,0
DA:154,0
DA:155,0
DA:156,0
DA:157,0
DA:162,4
DA:163,4
DA:165,4
DA:166,4
DA:170,1
DA:171,1
DA:172,0
DA:173,0
DA:174,0
DA:175,0
DA:176,0
DA:180,0
DA:181,0
DA:182,0
DA:183,0
DA:184,0
DA:185,0
DA:188,0
DA:189,0
DA:190,0
DA:191,0
DA:192,0
DA:194,0
DA:203,3
DA:204,3
DA:206,0
DA:207,0
DA:208,0
DA:210,0
DA:211,0
DA:212,0
DA:214,0
DA:215,0
DA:216,0
DA:217,0
DA:218,0
DA:219,0
DA:220,0
DA:221,0
DA:222,0
DA:224,0
DA:225,0
DA:230,3
DA:234,3
DA:235,0
DA:236,0
DA:266,0
DA:279,0
DA:280,0
DA:281,0
DA:282,0
DA:283,0
DA:285,0
DA:286,0
DA:294,3
DA:298,0
DA:304,0
DA:322,0
DA:328,0
DA:329,0
DA:330,0
DA:331,0
DA:332,0
DA:333,0
DA:334,0
DA:336,0
DA:339,0
DA:340,0
DA:341,0
DA:342,0
DA:343,0
DA:344,0
DA:345,0
DA:346,0
DA:347,0
DA:350,0
DA:351,0
DA:355,0
DA:356,0
DA:359,3
DA:360,3
DA:361,3
DA:362,3
DA:363,3
DA:365,3
DA:375,3
DA:376,3
DA:377,3
DA:380,3
DA:381,9
DA:382,9
DA:384,3
DA:385,3
DA:389,3
DA:403,3
DA:404,1
DA:405,1
DA:407,3
DA:408,2
DA:409,2
DA:411,3
DA:418,3
DA:419,3
DA:420,3
DA:421,3
DA:423,0
DA:424,3
DA:427,0
DA:428,0
DA:432,0
DA:433,0
DA:434,0
DA:435,0
DA:438,2
DA:439,2
DA:440,2
DA:441,0
DA:445,2
DA:446,2
DA:449,2
DA:450,0
DA:459,2
DA:462,2
DA:463,2
DA:464,2
DA:465,2
DA:468,2
DA:469,0
DA:470,0
DA:474,2
DA:475,2
DA:476,2
DA:478,0
DA:480,0
DA:492,0
DA:493,0
DA:494,0
DA:502,0
DA:503,0
DA:504,0
DA:506,0
DA:508,0
DA:509,0
DA:510,0
DA:511,0
DA:512,0
DA:513,0
DA:514,0
DA:516,0
DA:518,0
DA:519,0
DA:522,2
DA:523,2
DA:525,2
DA:526,2
DA:530,0
DA:531,0
DA:551,0
DA:552,0
DA:559,0
DA:560,0
DA:562,0
DA:564,0
DA:566,0
DA:567,0
DA:568,0
DA:569,0
DA:571,0
DA:573,0
DA:577,0
DA:578,0
DA:579,0
DA:580,0
DA:581,0
DA:582,0
DA:585,0
DA:586,0
DA:587,0
DA:588,0
DA:590,0
DA:591,0
DA:592,0
DA:593,0
DA:594,0
DA:595,0
DA:596,0
DA:599,0
DA:604,1
DA:606,1
DA:607,1
DA:610,1
DA:611,1
DA:612,1
DA:613,1
DA:616,1
DA:617,1
DA:620,1
DA:623,1
DA:627,1
DA:630,1
DA:634,1
DA:637,1
DA:642,1
DA:643,1
DA:646,1
DA:649,1
DA:652,1
DA:655,1
DA:656,1
DA:659,1
DA:660,1
DA:661,1
DA:665,1
DA:669,1
DA:672,1
DA:675,1
DA:679,1
DA:682,1
DA:686,1
DA:689,1
DA:693,1
DA:697,1
DA:700,1
DA:703,1
DA:704,1
DA:707,1
DA:710,1
DA:711,1
DA:715,1
DA:716,1
DA:720,1
DA:723,1
DA:726,1
DA:727,1
DA:730,1
DA:733,1
DA:734,1
DA:737,1
DA:740,1
DA:745,1
DA:748,1
DA:751,1
DA:754,1
DA:757,1
DA:758,1
DA:761,1
DA:764,1
DA:765,1
DA:766,1
DA:767,1
DA:768,1
DA:769,1
DA:773,1
DA:776,1
DA:778,67
DA:779,67
DA:788,1
DA:790,1
DA:793,1
DA:795,1
DA:798,1
DA:804,0
DA:806,1
DA:809,0
DA:812,1
DA:813,1
DA:816,134
DA:822,1
DA:823,1
DA:826,134
DA:831,1
DA:838,1
DA:845,1
DA:852,1
DA:860,0
DA:863,1
DA:867,0
DA:870,0
DA:874,1
DA:881,1
DA:883,0
DA:885,1
LF:356
LH:202
BRDA:61,0,0,31
BRDA:61,0,1,0
BRDA:61,0,2,0
BRDA:61,0,3,31
BRDA:61,0,4,31
BRDA:65,1,0,37
BRDA:65,1,1,37
BRDA:65,1,2,37
BRDA:65,1,3,37
BRDA:65,1,4,37
BRDA:65,1,5,31
BRDA:82,2,0,0
BRDA:82,2,1,1
BRDA:83,3,0,0
BRDA:83,3,1,1
BRDA:95,4,0,0
BRDA:95,4,1,7
BRDA:95,5,0,7
BRDA:95,5,1,0
BRDA:98,6,0,0
BRDA:98,6,1,7
BRDA:98,7,0,7
BRDA:98,7,1,0
BRDA:101,8,0,4
BRDA:101,8,1,3
BRDA:101,9,0,7
BRDA:101,9,1,4
BRDA:120,10,0,1
BRDA:120,10,1,2
BRDA:122,11,0,1
BRDA:122,11,1,0
BRDA:126,12,0,0
BRDA:126,12,1,2
BRDA:133,13,0,1
BRDA:133,13,1,1
BRDA:133,14,0,2
BRDA:133,14,1,1
BRDA:182,15,0,0
BRDA:182,15,1,0
BRDA:204,16,0,0
BRDA:204,16,1,3
BRDA:204,17,0,3
BRDA:204,17,1,0
BRDA:204,17,2,0
BRDA:207,18,0,0
BRDA:207,18,1,0
BRDA:211,19,0,0
BRDA:211,19,1,0
BRDA:215,20,0,0
BRDA:215,20,1,0
BRDA:217,21,0,0
BRDA:217,21,1,0
BRDA:217,22,0,0
BRDA:217,22,1,0
BRDA:234,23,0,0
BRDA:234,23,1,3
BRDA:234,24,0,3
BRDA:234,24,1,3
BRDA:234,24,2,0
BRDA:235,25,0,0
BRDA:235,25,1,0
BRDA:235,26,0,0
BRDA:235,26,1,0
BRDA:280,27,0,0
BRDA:280,27,1,0
BRDA:280,28,0,0
BRDA:280,28,1,0
BRDA:282,29,0,0
BRDA:282,29,1,0
BRDA:282,30,0,0
BRDA:282,30,1,0
BRDA:285,31,0,0
BRDA:285,31,1,0
BRDA:339,32,0,0
BRDA:339,32,1,0
BRDA:339,33,0,0
BRDA:339,33,1,0
BRDA:339,33,2,0
BRDA:360,34,0,2
BRDA:360,34,1,1
BRDA:380,35,0,2
BRDA:380,35,1,1
BRDA:403,36,0,1
BRDA:403,36,1,2
BRDA:407,37,0,2
BRDA:407,37,1,1
BRDA:440,38,0,0
BRDA:440,38,1,2
BRDA:440,39,0,2
BRDA:440,39,1,2
BRDA:440,39,2,2
BRDA:449,40,0,0
BRDA:449,40,1,2
BRDA:462,41,0,2
BRDA:462,41,1,0
BRDA:462,42,0,2
BRDA:462,42,1,2
BRDA:463,43,0,2
BRDA:463,43,1,0
BRDA:463,44,0,2
BRDA:463,44,1,2
BRDA:464,45,0,1
BRDA:464,45,1,1
BRDA:464,46,0,2
BRDA:464,46,1,1
BRDA:465,47,0,1
BRDA:465,47,1,1
BRDA:465,48,0,2
BRDA:465,48,1,1
BRDA:468,49,0,0
BRDA:468,49,1,2
BRDA:468,50,0,2
BRDA:468,50,1,2
BRDA:468,50,2,0
BRDA:468,50,3,0
BRDA:468,50,4,0
BRDA:468,50,5,0
BRDA:468,50,6,0
BRDA:468,50,7,0
BRDA:474,51,0,2
BRDA:474,51,1,0
BRDA:474,52,0,2
BRDA:474,52,1,2
BRDA:474,52,2,2
BRDA:474,52,3,0
BRDA:474,52,4,0
BRDA:474,52,5,0
BRDA:502,53,0,0
BRDA:502,53,1,0
BRDA:504,54,0,0
BRDA:504,54,1,0
BRDA:529,55,0,0
BRDA:559,56,0,0
BRDA:559,56,1,0
BRDA:581,57,0,0
BRDA:581,57,1,0
BRDA:586,58,0,0
BRDA:586,58,1,0
BRDA:587,59,0,0
BRDA:587,59,1,0
BRDA:591,60,0,0
BRDA:591,60,1,0
BRDA:592,61,0,0
BRDA:592,61,1,0
BRDA:784,62,0,67
BRDA:784,62,1,10
BRDA:788,63,0,67
BRDA:788,63,1,31
BRDA:790,64,0,67
BRDA:790,64,1,31
BRDA:793,65,0,67
BRDA:793,65,1,31
BRDA:795,66,0,67
BRDA:795,66,1,31
BRDA:798,67,0,67
BRDA:798,67,1,31
BRDA:804,68,0,67
BRDA:804,68,1,31
BRDA:806,69,0,67
BRDA:806,69,1,31
BRDA:806,70,0,1
BRDA:806,70,1,1
BRDA:807,71,0,10
BRDA:807,71,1,57
BRDA:807,72,0,67
BRDA:807,72,1,0
BRDA:809,73,0,67
BRDA:809,73,1,31
BRDA:812,74,0,67
BRDA:812,74,1,31
BRDA:813,75,0,67
BRDA:813,75,1,31
BRDA:822,76,0,67
BRDA:822,76,1,31
BRDA:823,77,0,67
BRDA:823,77,1,31
BRDA:830,78,0,2
BRDA:830,78,1,65
BRDA:831,79,0,67
BRDA:831,79,1,31
BRDA:838,80,0,67
BRDA:838,80,1,31
BRDA:845,81,0,67
BRDA:845,81,1,31
BRDA:852,82,0,67
BRDA:852,82,1,31
BRDA:860,83,0,67
BRDA:860,83,1,31
BRDA:863,84,0,67
BRDA:863,84,1,31
BRDA:863,85,0,1
BRDA:863,85,1,1
BRDA:864,86,0,0
BRDA:864,86,1,67
BRDA:867,87,0,0
BRDA:867,87,1,0
BRDA:870,88,0,0
BRDA:870,88,1,0
BRDA:871,89,0,67
BRDA:871,89,1,0
BRDA:874,90,0,67
BRDA:874,90,1,31
BRDA:874,91,0,1
BRDA:874,91,1,1
BRDA:878,92,0,2
BRDA:878,92,1,65
BRDA:881,93,0,2
BRDA:881,93,1,2
BRDA:883,94,0,2
BRDA:883,94,1,2
BRF:210
BRH:125
end_of_record
